==============================================================
File generated by Vivado(TM) HLS - High-Level Synthesis from C, C++ and SystemC
Version: 2018.2
Copyright (C) 1986-2018 Xilinx, Inc. All Rights Reserved.

==============================================================

==============================================================
File generated by Vivado(TM) HLS - High-Level Synthesis from C, C++ and SystemC
Version: 2018.2
Copyright (C) 1986-2018 Xilinx, Inc. All Rights Reserved.

==============================================================

INFO: [SYN 201-201] Setting up clock 'default' with a period of 5ns.
INFO: [HLS 200-10] Setting target device to 'xc7k325tffg676-2'
INFO: [HLS 200-10] Analyzing design file '../src/intermediate.cpp' ... 
INFO: [HLS 200-10] Analyzing design file '../src/helper.cpp' ... 
INFO: [HLS 200-10] Analyzing design file '../src/CNN_final.cpp' ... 
INFO: [HLS 200-111] Finished Linking Time (s): cpu = 00:00:02 ; elapsed = 00:00:45 . Memory (MB): peak = 104.594 ; gain = 49.027
INFO: [HLS 200-111] Finished Checking Pragmas Time (s): cpu = 00:00:02 ; elapsed = 00:00:45 . Memory (MB): peak = 104.594 ; gain = 49.027
INFO: [HLS 200-10] Starting code transformations ...
INFO: [HLS 200-111] Finished Standard Transforms Time (s): cpu = 00:00:06 ; elapsed = 00:00:50 . Memory (MB): peak = 144.227 ; gain = 88.660
INFO: [HLS 200-10] Checking synthesizability ...
INFO: [HLS 200-111] Finished Checking Synthesizability Time (s): cpu = 00:00:10 ; elapsed = 00:00:54 . Memory (MB): peak = 170.066 ; gain = 114.500
INFO: [XFORM 203-502] Unrolling all sub-loops inside loop 'L2' (../src/CNN_final.cpp:198) in function 'conv2d_3x3_4chan_rev2' for pipelining.
INFO: [XFORM 203-502] Unrolling all sub-loops inside loop 'col' (../src/CNN_final.cpp:134) in function 'resample_for_conv2' for pipelining.
INFO: [XFORM 203-502] Unrolling all sub-loops inside loop 'L1' (../src/CNN_final.cpp:163) in function 'conv2d_3x3_1chan_rev2' for pipelining.
INFO: [XFORM 203-502] Unrolling all sub-loops inside loop 'col' (../src/CNN_final.cpp:107) in function 'resample' for pipelining.
INFO: [XFORM 203-501] Unrolling loop 'L3' (../src/CNN_final.cpp:200) in function 'conv2d_3x3_4chan_rev2' completely.
INFO: [XFORM 203-501] Unrolling loop 'window1' (../src/CNN_final.cpp:139) in function 'resample_for_conv2' completely.
INFO: [XFORM 203-501] Unrolling loop 'window2' (../src/CNN_final.cpp:141) in function 'resample_for_conv2' completely.
INFO: [XFORM 203-501] Unrolling loop 'L2' (../src/CNN_final.cpp:165) in function 'conv2d_3x3_1chan_rev2' completely.
INFO: [XFORM 203-501] Unrolling loop 'window1' (../src/CNN_final.cpp:112) in function 'resample' completely.
INFO: [XFORM 203-501] Unrolling loop 'window2' (../src/CNN_final.cpp:114) in function 'resample' completely.
ERROR: [XFORM 203-103] Cannot partition array 'result.V' (../src/CNN_final.cpp:5): incorrect partition factor 14.
ERROR: [HLS 200-70] Pre-synthesis failed.
==============================================================
File generated by Vivado(TM) HLS - High-Level Synthesis from C, C++ and SystemC
Version: 2018.2
Copyright (C) 1986-2018 Xilinx, Inc. All Rights Reserved.

==============================================================

INFO: [SYN 201-201] Setting up clock 'default' with a period of 5ns.
INFO: [HLS 200-10] Setting target device to 'xc7k325tffg676-2'
INFO: [SIM 211-2] *************** CSIM start ***************
INFO: [SIM 211-4] CSIM will launch GCC as the compiler.
INFO: [SIM 211-1] CSim done with 0 errors.
INFO: [SIM 211-3] *************** CSIM finish ***************
==============================================================
File generated by Vivado(TM) HLS - High-Level Synthesis from C, C++ and SystemC
Version: 2018.2
Copyright (C) 1986-2018 Xilinx, Inc. All Rights Reserved.

==============================================================

INFO: [SYN 201-201] Setting up clock 'default' with a period of 5ns.
INFO: [HLS 200-10] Setting target device to 'xc7k325tffg676-2'
INFO: [HLS 200-10] Analyzing design file '../src/intermediate.cpp' ... 
INFO: [HLS 200-10] Analyzing design file '../src/helper.cpp' ... 
INFO: [HLS 200-10] Analyzing design file '../src/CNN_final.cpp' ... 
INFO: [HLS 200-111] Finished Linking Time (s): cpu = 00:00:02 ; elapsed = 00:00:40 . Memory (MB): peak = 104.715 ; gain = 48.781
INFO: [HLS 200-111] Finished Checking Pragmas Time (s): cpu = 00:00:02 ; elapsed = 00:00:40 . Memory (MB): peak = 104.715 ; gain = 48.781
INFO: [HLS 200-10] Starting code transformations ...
INFO: [HLS 200-111] Finished Standard Transforms Time (s): cpu = 00:00:06 ; elapsed = 00:00:44 . Memory (MB): peak = 144.090 ; gain = 88.156
INFO: [HLS 200-10] Checking synthesizability ...
INFO: [HLS 200-111] Finished Checking Synthesizability Time (s): cpu = 00:00:10 ; elapsed = 00:00:48 . Memory (MB): peak = 170.184 ; gain = 114.250
INFO: [XFORM 203-502] Unrolling all sub-loops inside loop 'L2' (../src/CNN_final.cpp:198) in function 'conv2d_3x3_4chan_rev2' for pipelining.
INFO: [XFORM 203-502] Unrolling all sub-loops inside loop 'col' (../src/CNN_final.cpp:134) in function 'resample_for_conv2' for pipelining.
INFO: [XFORM 203-502] Unrolling all sub-loops inside loop 'L1' (../src/CNN_final.cpp:163) in function 'conv2d_3x3_1chan_rev2' for pipelining.
INFO: [XFORM 203-502] Unrolling all sub-loops inside loop 'col' (../src/CNN_final.cpp:107) in function 'resample' for pipelining.
INFO: [XFORM 203-501] Unrolling loop 'L3' (../src/CNN_final.cpp:200) in function 'conv2d_3x3_4chan_rev2' completely.
INFO: [XFORM 203-501] Unrolling loop 'window1' (../src/CNN_final.cpp:139) in function 'resample_for_conv2' completely.
INFO: [XFORM 203-501] Unrolling loop 'window2' (../src/CNN_final.cpp:141) in function 'resample_for_conv2' completely.
INFO: [XFORM 203-501] Unrolling loop 'L2' (../src/CNN_final.cpp:165) in function 'conv2d_3x3_1chan_rev2' completely.
INFO: [XFORM 203-501] Unrolling loop 'window1' (../src/CNN_final.cpp:112) in function 'resample' completely.
INFO: [XFORM 203-501] Unrolling loop 'window2' (../src/CNN_final.cpp:114) in function 'resample' completely.
INFO: [XFORM 203-101] Partitioning array 'conv_bias_L2.V' (../src/CNN_final.cpp:5) in dimension 1 completely.
INFO: [XFORM 203-101] Partitioning array 'conv_kernel_L1.V' (../src/CNN_final.cpp:5) in dimension 1 completely.
INFO: [XFORM 203-101] Partitioning array 'conv_kernel_L2.V' (../src/CNN_final.cpp:5) in dimension 2 completely.
INFO: [XFORM 203-101] Partitioning array 'in_image.V' (../src/CNN_final.cpp:5) in dimension 1 completely.
INFO: [XFORM 203-101] Partitioning array 'means.V' (../src/CNN_final.cpp:5) in dimension 1 completely.
INFO: [XFORM 203-101] Partitioning array 'result.V' (../src/CNN_final.cpp:5) in dimension 2 completely.
INFO: [XFORM 203-101] Partitioning array 'mean_removed.V' (../src/CNN_final.cpp:7) in dimension 1 completely.
INFO: [XFORM 203-101] Partitioning array 'padded.V' (../src/CNN_final.cpp:8) in dimension 1 completely.
INFO: [XFORM 203-101] Partitioning array 'resampled.V' (../src/CNN_final.cpp:9) in dimension 1 with a block factor 3.
INFO: [XFORM 203-101] Partitioning array 'conv.V' (../src/CNN_final.cpp:10) in dimension 1 completely.
INFO: [XFORM 203-101] Partitioning array 'batchnorm.V' (../src/CNN_final.cpp:11) in dimension 1 completely.
INFO: [XFORM 203-101] Partitioning array 'ReLU.V' (../src/CNN_final.cpp:12) in dimension 1 completely.
INFO: [XFORM 203-101] Partitioning array 'maxpool.V' (../src/CNN_final.cpp:14) in dimension 1 completely.
INFO: [XFORM 203-101] Partitioning array 'padded_L2.V' (../src/CNN_final.cpp:15) in dimension 1 completely.
INFO: [XFORM 203-101] Partitioning array 'resampled_L2.V' (../src/CNN_final.cpp:16) in dimension 1 with a block factor 3.
INFO: [XFORM 203-102] Partitioning array 'resampled.V.0' (../src/CNN_final.cpp:9) in dimension 1 automatically.
INFO: [XFORM 203-102] Partitioning array 'resampled.V.1' (../src/CNN_final.cpp:9) in dimension 1 automatically.
INFO: [XFORM 203-102] Partitioning array 'resampled.V.2' (../src/CNN_final.cpp:9) in dimension 1 automatically.
WARNING: [ANALYSIS 214-31] The program may have out of bound access of array variable 'in_image[0].V' in function 'conv2d_3x3_4chan_rev2'.
WARNING: [ANALYSIS 214-31] The program may have out of bound access of array variable 'in_image[0].V' in function 'conv2d_3x3_4chan_rev2'.
WARNING: [ANALYSIS 214-31] The program may have out of bound access of array variable 'in_image[0].V' in function 'conv2d_3x3_4chan_rev2'.
WARNING: [ANALYSIS 214-31] The program may have out of bound access of array variable 'in_image[1].V' in function 'conv2d_3x3_4chan_rev2'.
WARNING: [ANALYSIS 214-31] The program may have out of bound access of array variable 'in_image[1].V' in function 'conv2d_3x3_4chan_rev2'.
WARNING: [ANALYSIS 214-31] The program may have out of bound access of array variable 'in_image[1].V' in function 'conv2d_3x3_4chan_rev2'.
WARNING: [ANALYSIS 214-31] The program may have out of bound access of array variable 'in_image[2].V' in function 'conv2d_3x3_4chan_rev2'.
WARNING: [ANALYSIS 214-31] The program may have out of bound access of array variable 'in_image[2].V' in function 'conv2d_3x3_4chan_rev2'.
WARNING: [ANALYSIS 214-31] The program may have out of bound access of array variable 'in_image[2].V' in function 'conv2d_3x3_4chan_rev2'.
WARNING: [XFORM 203-713] All the elements of global array 'mean_removed[0].V' should be updated in process function 'zero_mean_1chan', otherwise it may not be synthesized correctly.
WARNING: [XFORM 203-713] All the elements of global array 'mean_removed[1].V' should be updated in process function 'zero_mean_1chan', otherwise it may not be synthesized correctly.
WARNING: [XFORM 203-713] All the elements of global array 'mean_removed[2].V' should be updated in process function 'zero_mean_1chan', otherwise it may not be synthesized correctly.
WARNING: [XFORM 203-713] All the elements of global array 'mean_removed[3].V' should be updated in process function 'zero_mean_1chan', otherwise it may not be synthesized correctly.
WARNING: [XFORM 203-713] All the elements of global array 'mean_removed[4].V' should be updated in process function 'zero_mean_1chan', otherwise it may not be synthesized correctly.
WARNING: [XFORM 203-713] All the elements of global array 'mean_removed[5].V' should be updated in process function 'zero_mean_1chan', otherwise it may not be synthesized correctly.
WARNING: [XFORM 203-713] All the elements of global array 'mean_removed[6].V' should be updated in process function 'zero_mean_1chan', otherwise it may not be synthesized correctly.
WARNING: [XFORM 203-713] All the elements of global array 'mean_removed[7].V' should be updated in process function 'zero_mean_1chan', otherwise it may not be synthesized correctly.
WARNING: [XFORM 203-713] All the elements of global array 'mean_removed[8].V' should be updated in process function 'zero_mean_1chan', otherwise it may not be synthesized correctly.
WARNING: [XFORM 203-713] All the elements of global array 'mean_removed[9].V' should be updated in process function 'zero_mean_1chan', otherwise it may not be synthesized correctly.
WARNING: [XFORM 203-713] All the elements of global array 'mean_removed[10].V' should be updated in process function 'zero_mean_1chan', otherwise it may not be synthesized correctly.
WARNING: [XFORM 203-713] All the elements of global array 'mean_removed[11].V' should be updated in process function 'zero_mean_1chan', otherwise it may not be synthesized correctly.
WARNING: [XFORM 203-713] All the elements of global array 'mean_removed[12].V' should be updated in process function 'zero_mean_1chan', otherwise it may not be synthesized correctly.
WARNING: [XFORM 203-713] All the elements of global array 'mean_removed[13].V' should be updated in process function 'zero_mean_1chan', otherwise it may not be synthesized correctly.
WARNING: [XFORM 203-713] All the elements of global array 'mean_removed[14].V' should be updated in process function 'zero_mean_1chan', otherwise it may not be synthesized correctly.
WARNING: [XFORM 203-713] All the elements of global array 'mean_removed[15].V' should be updated in process function 'zero_mean_1chan', otherwise it may not be synthesized correctly.
WARNING: [XFORM 203-713] All the elements of global array 'mean_removed[16].V' should be updated in process function 'zero_mean_1chan', otherwise it may not be synthesized correctly.
WARNING: [XFORM 203-713] All the elements of global array 'mean_removed[17].V' should be updated in process function 'zero_mean_1chan', otherwise it may not be synthesized correctly.
WARNING: [XFORM 203-713] All the elements of global array 'mean_removed[18].V' should be updated in process function 'zero_mean_1chan', otherwise it may not be synthesized correctly.
WARNING: [XFORM 203-713] All the elements of global array 'mean_removed[19].V' should be updated in process function 'zero_mean_1chan', otherwise it may not be synthesized correctly.
WARNING: [XFORM 203-713] All the elements of global array 'mean_removed[20].V' should be updated in process function 'zero_mean_1chan', otherwise it may not be synthesized correctly.
WARNING: [XFORM 203-713] All the elements of global array 'mean_removed[21].V' should be updated in process function 'zero_mean_1chan', otherwise it may not be synthesized correctly.
WARNING: [XFORM 203-713] All the elements of global array 'mean_removed[22].V' should be updated in process function 'zero_mean_1chan', otherwise it may not be synthesized correctly.
WARNING: [XFORM 203-713] All the elements of global array 'mean_removed[23].V' should be updated in process function 'zero_mean_1chan', otherwise it may not be synthesized correctly.
WARNING: [XFORM 203-713] All the elements of global array 'mean_removed[24].V' should be updated in process function 'zero_mean_1chan', otherwise it may not be synthesized correctly.
WARNING: [XFORM 203-713] All the elements of global array 'mean_removed[25].V' should be updated in process function 'zero_mean_1chan', otherwise it may not be synthesized correctly.
WARNING: [XFORM 203-713] All the elements of global array 'mean_removed[26].V' should be updated in process function 'zero_mean_1chan', otherwise it may not be synthesized correctly.
WARNING: [XFORM 203-713] All the elements of global array 'mean_removed[27].V' should be updated in process function 'zero_mean_1chan', otherwise it may not be synthesized correctly.
WARNING: [XFORM 203-713] All the elements of global array 'padded[0].V' should be updated in process function 'efficient_pad_n_1chan', otherwise it may not be synthesized correctly.
WARNING: [XFORM 203-713] All the elements of global array 'padded[1].V' should be updated in process function 'efficient_pad_n_1chan', otherwise it may not be synthesized correctly.
WARNING: [XFORM 203-713] All the elements of global array 'padded[2].V' should be updated in process function 'efficient_pad_n_1chan', otherwise it may not be synthesized correctly.
WARNING: [XFORM 203-713] All the elements of global array 'padded[3].V' should be updated in process function 'efficient_pad_n_1chan', otherwise it may not be synthesized correctly.
WARNING: [XFORM 203-713] All the elements of global array 'padded[4].V' should be updated in process function 'efficient_pad_n_1chan', otherwise it may not be synthesized correctly.
WARNING: [XFORM 203-713] All the elements of global array 'padded[5].V' should be updated in process function 'efficient_pad_n_1chan', otherwise it may not be synthesized correctly.
WARNING: [XFORM 203-713] All the elements of global array 'padded[6].V' should be updated in process function 'efficient_pad_n_1chan', otherwise it may not be synthesized correctly.
WARNING: [XFORM 203-713] All the elements of global array 'padded[7].V' should be updated in process function 'efficient_pad_n_1chan', otherwise it may not be synthesized correctly.
WARNING: [XFORM 203-713] All the elements of global array 'padded[8].V' should be updated in process function 'efficient_pad_n_1chan', otherwise it may not be synthesized correctly.
WARNING: [XFORM 203-713] All the elements of global array 'padded[9].V' should be updated in process function 'efficient_pad_n_1chan', otherwise it may not be synthesized correctly.
WARNING: [XFORM 203-713] All the elements of global array 'padded[10].V' should be updated in process function 'efficient_pad_n_1chan', otherwise it may not be synthesized correctly.
WARNING: [XFORM 203-713] All the elements of global array 'padded[11].V' should be updated in process function 'efficient_pad_n_1chan', otherwise it may not be synthesized correctly.
WARNING: [XFORM 203-713] All the elements of global array 'padded[12].V' should be updated in process function 'efficient_pad_n_1chan', otherwise it may not be synthesized correctly.
WARNING: [XFORM 203-713] All the elements of global array 'padded[13].V' should be updated in process function 'efficient_pad_n_1chan', otherwise it may not be synthesized correctly.
WARNING: [XFORM 203-713] All the elements of global array 'padded[14].V' should be updated in process function 'efficient_pad_n_1chan', otherwise it may not be synthesized correctly.
WARNING: [XFORM 203-713] All the elements of global array 'padded[15].V' should be updated in process function 'efficient_pad_n_1chan', otherwise it may not be synthesized correctly.
WARNING: [XFORM 203-713] All the elements of global array 'padded[16].V' should be updated in process function 'efficient_pad_n_1chan', otherwise it may not be synthesized correctly.
WARNING: [XFORM 203-713] All the elements of global array 'padded[17].V' should be updated in process function 'efficient_pad_n_1chan', otherwise it may not be synthesized correctly.
WARNING: [XFORM 203-713] All the elements of global array 'padded[18].V' should be updated in process function 'efficient_pad_n_1chan', otherwise it may not be synthesized correctly.
WARNING: [XFORM 203-713] All the elements of global array 'padded[19].V' should be updated in process function 'efficient_pad_n_1chan', otherwise it may not be synthesized correctly.
WARNING: [XFORM 203-713] All the elements of global array 'padded[20].V' should be updated in process function 'efficient_pad_n_1chan', otherwise it may not be synthesized correctly.
WARNING: [XFORM 203-713] All the elements of global array 'padded[21].V' should be updated in process function 'efficient_pad_n_1chan', otherwise it may not be synthesized correctly.
WARNING: [XFORM 203-713] All the elements of global array 'padded[22].V' should be updated in process function 'efficient_pad_n_1chan', otherwise it may not be synthesized correctly.
WARNING: [XFORM 203-713] All the elements of global array 'padded[23].V' should be updated in process function 'efficient_pad_n_1chan', otherwise it may not be synthesized correctly.
WARNING: [XFORM 203-713] All the elements of global array 'padded[24].V' should be updated in process function 'efficient_pad_n_1chan', otherwise it may not be synthesized correctly.
WARNING: [XFORM 203-713] All the elements of global array 'padded[25].V' should be updated in process function 'efficient_pad_n_1chan', otherwise it may not be synthesized correctly.
WARNING: [XFORM 203-713] All the elements of global array 'padded[26].V' should be updated in process function 'efficient_pad_n_1chan', otherwise it may not be synthesized correctly.
WARNING: [XFORM 203-713] All the elements of global array 'padded[27].V' should be updated in process function 'efficient_pad_n_1chan', otherwise it may not be synthesized correctly.
WARNING: [XFORM 203-713] All the elements of global array 'padded[28].V' should be updated in process function 'efficient_pad_n_1chan', otherwise it may not be synthesized correctly.
WARNING: [XFORM 203-713] All the elements of global array 'padded[29].V' should be updated in process function 'efficient_pad_n_1chan', otherwise it may not be synthesized correctly.
WARNING: [XFORM 203-713] Reading dataflow channel 'conv_kernel_L1[0].V' in the middle of dataflow may stall the dataflow pipeline:
WARNING: [XFORM 203-713] Argument 'conv_kernel_L1[0].V' has read operations in process function 'conv2d_3x3_1chan_rev2'.
WARNING: [XFORM 203-713] Reading dataflow channel 'conv_kernel_L1[1].V' in the middle of dataflow may stall the dataflow pipeline:
WARNING: [XFORM 203-713] Argument 'conv_kernel_L1[1].V' has read operations in process function 'conv2d_3x3_1chan_rev2'.
WARNING: [XFORM 203-713] Reading dataflow channel 'conv_kernel_L1[2].V' in the middle of dataflow may stall the dataflow pipeline:
WARNING: [XFORM 203-713] Argument 'conv_kernel_L1[2].V' has read operations in process function 'conv2d_3x3_1chan_rev2'.
WARNING: [XFORM 203-713] Reading dataflow channel 'conv_kernel_L1[3].V' in the middle of dataflow may stall the dataflow pipeline:
WARNING: [XFORM 203-713] Argument 'conv_kernel_L1[3].V' has read operations in process function 'conv2d_3x3_1chan_rev2'.
WARNING: [XFORM 203-713] Reading dataflow channel 'conv_kernel_L1[4].V' in the middle of dataflow may stall the dataflow pipeline:
WARNING: [XFORM 203-713] Argument 'conv_kernel_L1[4].V' has read operations in process function 'conv2d_3x3_1chan_rev2'.
WARNING: [XFORM 203-713] Reading dataflow channel 'conv_kernel_L1[5].V' in the middle of dataflow may stall the dataflow pipeline:
WARNING: [XFORM 203-713] Argument 'conv_kernel_L1[5].V' has read operations in process function 'conv2d_3x3_1chan_rev2'.
WARNING: [XFORM 203-713] Reading dataflow channel 'conv_kernel_L1[6].V' in the middle of dataflow may stall the dataflow pipeline:
WARNING: [XFORM 203-713] Argument 'conv_kernel_L1[6].V' has read operations in process function 'conv2d_3x3_1chan_rev2'.
WARNING: [XFORM 203-713] Reading dataflow channel 'conv_kernel_L1[7].V' in the middle of dataflow may stall the dataflow pipeline:
WARNING: [XFORM 203-713] Argument 'conv_kernel_L1[7].V' has read operations in process function 'conv2d_3x3_1chan_rev2'.
WARNING: [XFORM 203-713] Reading dataflow channel 'conv_kernel_L1[8].V' in the middle of dataflow may stall the dataflow pipeline:
WARNING: [XFORM 203-713] Argument 'conv_kernel_L1[8].V' has read operations in process function 'conv2d_3x3_1chan_rev2'.
WARNING: [XFORM 203-713] Reading dataflow channel 'conv_bias_L1.V'  in the middle of dataflow may stall the dataflow pipeline:
WARNING: [XFORM 203-713] Argument 'conv_bias_L1.V' has read operations in process function 'conv2d_3x3_1chan_rev2'.
WARNING: [XFORM 203-713] All the elements of global array 'conv[0].V' should be updated in process function 'conv2d_3x3_1chan_rev2', otherwise it may not be synthesized correctly.
WARNING: [XFORM 203-713] All the elements of global array 'conv[1].V' should be updated in process function 'conv2d_3x3_1chan_rev2', otherwise it may not be synthesized correctly.
WARNING: [XFORM 203-713] All the elements of global array 'conv[2].V' should be updated in process function 'conv2d_3x3_1chan_rev2', otherwise it may not be synthesized correctly.
WARNING: [XFORM 203-713] All the elements of global array 'conv[3].V' should be updated in process function 'conv2d_3x3_1chan_rev2', otherwise it may not be synthesized correctly.
WARNING: [XFORM 203-713] All the elements of global array 'conv[4].V' should be updated in process function 'conv2d_3x3_1chan_rev2', otherwise it may not be synthesized correctly.
WARNING: [XFORM 203-713] All the elements of global array 'conv[5].V' should be updated in process function 'conv2d_3x3_1chan_rev2', otherwise it may not be synthesized correctly.
WARNING: [XFORM 203-713] All the elements of global array 'conv[6].V' should be updated in process function 'conv2d_3x3_1chan_rev2', otherwise it may not be synthesized correctly.
WARNING: [XFORM 203-713] All the elements of global array 'conv[7].V' should be updated in process function 'conv2d_3x3_1chan_rev2', otherwise it may not be synthesized correctly.
WARNING: [XFORM 203-713] All the elements of global array 'conv[8].V' should be updated in process function 'conv2d_3x3_1chan_rev2', otherwise it may not be synthesized correctly.
WARNING: [XFORM 203-713] All the elements of global array 'conv[9].V' should be updated in process function 'conv2d_3x3_1chan_rev2', otherwise it may not be synthesized correctly.
WARNING: [XFORM 203-713] All the elements of global array 'conv[10].V' should be updated in process function 'conv2d_3x3_1chan_rev2', otherwise it may not be synthesized correctly.
WARNING: [XFORM 203-713] All the elements of global array 'conv[11].V' should be updated in process function 'conv2d_3x3_1chan_rev2', otherwise it may not be synthesized correctly.
WARNING: [XFORM 203-713] All the elements of global array 'conv[12].V' should be updated in process function 'conv2d_3x3_1chan_rev2', otherwise it may not be synthesized correctly.
WARNING: [XFORM 203-713] All the elements of global array 'conv[13].V' should be updated in process function 'conv2d_3x3_1chan_rev2', otherwise it may not be synthesized correctly.
WARNING: [XFORM 203-713] All the elements of global array 'conv[14].V' should be updated in process function 'conv2d_3x3_1chan_rev2', otherwise it may not be synthesized correctly.
WARNING: [XFORM 203-713] All the elements of global array 'conv[15].V' should be updated in process function 'conv2d_3x3_1chan_rev2', otherwise it may not be synthesized correctly.
WARNING: [XFORM 203-713] All the elements of global array 'conv[16].V' should be updated in process function 'conv2d_3x3_1chan_rev2', otherwise it may not be synthesized correctly.
WARNING: [XFORM 203-713] All the elements of global array 'conv[17].V' should be updated in process function 'conv2d_3x3_1chan_rev2', otherwise it may not be synthesized correctly.
WARNING: [XFORM 203-713] All the elements of global array 'conv[18].V' should be updated in process function 'conv2d_3x3_1chan_rev2', otherwise it may not be synthesized correctly.
WARNING: [XFORM 203-713] All the elements of global array 'conv[19].V' should be updated in process function 'conv2d_3x3_1chan_rev2', otherwise it may not be synthesized correctly.
WARNING: [XFORM 203-713] All the elements of global array 'conv[20].V' should be updated in process function 'conv2d_3x3_1chan_rev2', otherwise it may not be synthesized correctly.
WARNING: [XFORM 203-713] All the elements of global array 'conv[21].V' should be updated in process function 'conv2d_3x3_1chan_rev2', otherwise it may not be synthesized correctly.
WARNING: [XFORM 203-713] All the elements of global array 'conv[22].V' should be updated in process function 'conv2d_3x3_1chan_rev2', otherwise it may not be synthesized correctly.
WARNING: [XFORM 203-713] All the elements of global array 'conv[23].V' should be updated in process function 'conv2d_3x3_1chan_rev2', otherwise it may not be synthesized correctly.
WARNING: [XFORM 203-713] All the elements of global array 'conv[24].V' should be updated in process function 'conv2d_3x3_1chan_rev2', otherwise it may not be synthesized correctly.
WARNING: [XFORM 203-713] All the elements of global array 'conv[25].V' should be updated in process function 'conv2d_3x3_1chan_rev2', otherwise it may not be synthesized correctly.
WARNING: [XFORM 203-713] All the elements of global array 'conv[26].V' should be updated in process function 'conv2d_3x3_1chan_rev2', otherwise it may not be synthesized correctly.
WARNING: [XFORM 203-713] All the elements of global array 'conv[27].V' should be updated in process function 'conv2d_3x3_1chan_rev2', otherwise it may not be synthesized correctly.
WARNING: [XFORM 203-713] Reading dataflow channel 'a.V'  in the middle of dataflow may stall the dataflow pipeline:
WARNING: [XFORM 203-713] Argument 'a.V' has read operations in process function 'batch_norm'.
WARNING: [XFORM 203-713] Reading dataflow channel 'b.V'  in the middle of dataflow may stall the dataflow pipeline:
WARNING: [XFORM 203-713] Argument 'b.V' has read operations in process function 'batch_norm'.
WARNING: [XFORM 203-713] All the elements of global array 'batchnorm[0].V' should be updated in process function 'batch_norm', otherwise it may not be synthesized correctly.
WARNING: [XFORM 203-713] All the elements of global array 'batchnorm[1].V' should be updated in process function 'batch_norm', otherwise it may not be synthesized correctly.
WARNING: [XFORM 203-713] All the elements of global array 'batchnorm[2].V' should be updated in process function 'batch_norm', otherwise it may not be synthesized correctly.
WARNING: [XFORM 203-713] All the elements of global array 'batchnorm[3].V' should be updated in process function 'batch_norm', otherwise it may not be synthesized correctly.
WARNING: [XFORM 203-713] All the elements of global array 'batchnorm[4].V' should be updated in process function 'batch_norm', otherwise it may not be synthesized correctly.
WARNING: [XFORM 203-713] All the elements of global array 'batchnorm[5].V' should be updated in process function 'batch_norm', otherwise it may not be synthesized correctly.
WARNING: [XFORM 203-713] All the elements of global array 'batchnorm[6].V' should be updated in process function 'batch_norm', otherwise it may not be synthesized correctly.
WARNING: [XFORM 203-713] All the elements of global array 'batchnorm[7].V' should be updated in process function 'batch_norm', otherwise it may not be synthesized correctly.
WARNING: [XFORM 203-713] All the elements of global array 'batchnorm[8].V' should be updated in process function 'batch_norm', otherwise it may not be synthesized correctly.
WARNING: [XFORM 203-713] All the elements of global array 'batchnorm[9].V' should be updated in process function 'batch_norm', otherwise it may not be synthesized correctly.
WARNING: [XFORM 203-713] All the elements of global array 'batchnorm[10].V' should be updated in process function 'batch_norm', otherwise it may not be synthesized correctly.
WARNING: [XFORM 203-713] All the elements of global array 'batchnorm[11].V' should be updated in process function 'batch_norm', otherwise it may not be synthesized correctly.
WARNING: [XFORM 203-713] All the elements of global array 'batchnorm[12].V' should be updated in process function 'batch_norm', otherwise it may not be synthesized correctly.
WARNING: [XFORM 203-713] All the elements of global array 'batchnorm[13].V' should be updated in process function 'batch_norm', otherwise it may not be synthesized correctly.
WARNING: [XFORM 203-713] All the elements of global array 'batchnorm[14].V' should be updated in process function 'batch_norm', otherwise it may not be synthesized correctly.
WARNING: [XFORM 203-713] All the elements of global array 'batchnorm[15].V' should be updated in process function 'batch_norm', otherwise it may not be synthesized correctly.
WARNING: [XFORM 203-713] All the elements of global array 'batchnorm[16].V' should be updated in process function 'batch_norm', otherwise it may not be synthesized correctly.
WARNING: [XFORM 203-713] All the elements of global array 'batchnorm[17].V' should be updated in process function 'batch_norm', otherwise it may not be synthesized correctly.
WARNING: [XFORM 203-713] All the elements of global array 'batchnorm[18].V' should be updated in process function 'batch_norm', otherwise it may not be synthesized correctly.
WARNING: [XFORM 203-713] All the elements of global array 'batchnorm[19].V' should be updated in process function 'batch_norm', otherwise it may not be synthesized correctly.
WARNING: [XFORM 203-713] All the elements of global array 'batchnorm[20].V' should be updated in process function 'batch_norm', otherwise it may not be synthesized correctly.
WARNING: [XFORM 203-713] All the elements of global array 'batchnorm[21].V' should be updated in process function 'batch_norm', otherwise it may not be synthesized correctly.
WARNING: [XFORM 203-713] All the elements of global array 'batchnorm[22].V' should be updated in process function 'batch_norm', otherwise it may not be synthesized correctly.
WARNING: [XFORM 203-713] All the elements of global array 'batchnorm[23].V' should be updated in process function 'batch_norm', otherwise it may not be synthesized correctly.
WARNING: [XFORM 203-713] All the elements of global array 'batchnorm[24].V' should be updated in process function 'batch_norm', otherwise it may not be synthesized correctly.
WARNING: [XFORM 203-713] All the elements of global array 'batchnorm[25].V' should be updated in process function 'batch_norm', otherwise it may not be synthesized correctly.
WARNING: [XFORM 203-713] All the elements of global array 'batchnorm[26].V' should be updated in process function 'batch_norm', otherwise it may not be synthesized correctly.
WARNING: [XFORM 203-713] All the elements of global array 'batchnorm[27].V' should be updated in process function 'batch_norm', otherwise it may not be synthesized correctly.
WARNING: [XFORM 203-713] All the elements of global array 'ReLU[0].V' should be updated in process function 'relu', otherwise it may not be synthesized correctly.
WARNING: [XFORM 203-713] All the elements of global array 'ReLU[1].V' should be updated in process function 'relu', otherwise it may not be synthesized correctly.
WARNING: [XFORM 203-713] All the elements of global array 'ReLU[2].V' should be updated in process function 'relu', otherwise it may not be synthesized correctly.
WARNING: [XFORM 203-713] All the elements of global array 'ReLU[3].V' should be updated in process function 'relu', otherwise it may not be synthesized correctly.
WARNING: [XFORM 203-713] All the elements of global array 'ReLU[4].V' should be updated in process function 'relu', otherwise it may not be synthesized correctly.
WARNING: [XFORM 203-713] All the elements of global array 'ReLU[5].V' should be updated in process function 'relu', otherwise it may not be synthesized correctly.
WARNING: [XFORM 203-713] All the elements of global array 'ReLU[6].V' should be updated in process function 'relu', otherwise it may not be synthesized correctly.
WARNING: [XFORM 203-713] All the elements of global array 'ReLU[7].V' should be updated in process function 'relu', otherwise it may not be synthesized correctly.
WARNING: [XFORM 203-713] All the elements of global array 'ReLU[8].V' should be updated in process function 'relu', otherwise it may not be synthesized correctly.
WARNING: [XFORM 203-713] All the elements of global array 'ReLU[9].V' should be updated in process function 'relu', otherwise it may not be synthesized correctly.
WARNING: [XFORM 203-713] All the elements of global array 'ReLU[10].V' should be updated in process function 'relu', otherwise it may not be synthesized correctly.
WARNING: [XFORM 203-713] All the elements of global array 'ReLU[11].V' should be updated in process function 'relu', otherwise it may not be synthesized correctly.
WARNING: [XFORM 203-713] All the elements of global array 'ReLU[12].V' should be updated in process function 'relu', otherwise it may not be synthesized correctly.
WARNING: [XFORM 203-713] All the elements of global array 'ReLU[13].V' should be updated in process function 'relu', otherwise it may not be synthesized correctly.
WARNING: [XFORM 203-713] All the elements of global array 'ReLU[14].V' should be updated in process function 'relu', otherwise it may not be synthesized correctly.
WARNING: [XFORM 203-713] All the elements of global array 'ReLU[15].V' should be updated in process function 'relu', otherwise it may not be synthesized correctly.
WARNING: [XFORM 203-713] All the elements of global array 'ReLU[16].V' should be updated in process function 'relu', otherwise it may not be synthesized correctly.
WARNING: [XFORM 203-713] All the elements of global array 'ReLU[17].V' should be updated in process function 'relu', otherwise it may not be synthesized correctly.
WARNING: [XFORM 203-713] All the elements of global array 'ReLU[18].V' should be updated in process function 'relu', otherwise it may not be synthesized correctly.
WARNING: [XFORM 203-713] All the elements of global array 'ReLU[19].V' should be updated in process function 'relu', otherwise it may not be synthesized correctly.
WARNING: [XFORM 203-713] All the elements of global array 'ReLU[20].V' should be updated in process function 'relu', otherwise it may not be synthesized correctly.
WARNING: [XFORM 203-713] All the elements of global array 'ReLU[21].V' should be updated in process function 'relu', otherwise it may not be synthesized correctly.
WARNING: [XFORM 203-713] All the elements of global array 'ReLU[22].V' should be updated in process function 'relu', otherwise it may not be synthesized correctly.
WARNING: [XFORM 203-713] All the elements of global array 'ReLU[23].V' should be updated in process function 'relu', otherwise it may not be synthesized correctly.
WARNING: [XFORM 203-713] All the elements of global array 'ReLU[24].V' should be updated in process function 'relu', otherwise it may not be synthesized correctly.
WARNING: [XFORM 203-713] All the elements of global array 'ReLU[25].V' should be updated in process function 'relu', otherwise it may not be synthesized correctly.
WARNING: [XFORM 203-713] All the elements of global array 'ReLU[26].V' should be updated in process function 'relu', otherwise it may not be synthesized correctly.
WARNING: [XFORM 203-713] All the elements of global array 'ReLU[27].V' should be updated in process function 'relu', otherwise it may not be synthesized correctly.
WARNING: [XFORM 203-713] All the elements of global array 'maxpool[0].V' should be updated in process function 'max_pool_1chan', otherwise it may not be synthesized correctly.
WARNING: [XFORM 203-713] All the elements of global array 'maxpool[1].V' should be updated in process function 'max_pool_1chan', otherwise it may not be synthesized correctly.
WARNING: [XFORM 203-713] All the elements of global array 'maxpool[2].V' should be updated in process function 'max_pool_1chan', otherwise it may not be synthesized correctly.
WARNING: [XFORM 203-713] All the elements of global array 'maxpool[3].V' should be updated in process function 'max_pool_1chan', otherwise it may not be synthesized correctly.
WARNING: [XFORM 203-713] All the elements of global array 'maxpool[4].V' should be updated in process function 'max_pool_1chan', otherwise it may not be synthesized correctly.
WARNING: [XFORM 203-713] All the elements of global array 'maxpool[5].V' should be updated in process function 'max_pool_1chan', otherwise it may not be synthesized correctly.
WARNING: [XFORM 203-713] All the elements of global array 'maxpool[6].V' should be updated in process function 'max_pool_1chan', otherwise it may not be synthesized correctly.
WARNING: [XFORM 203-713] All the elements of global array 'maxpool[7].V' should be updated in process function 'max_pool_1chan', otherwise it may not be synthesized correctly.
WARNING: [XFORM 203-713] All the elements of global array 'maxpool[8].V' should be updated in process function 'max_pool_1chan', otherwise it may not be synthesized correctly.
WARNING: [XFORM 203-713] All the elements of global array 'maxpool[9].V' should be updated in process function 'max_pool_1chan', otherwise it may not be synthesized correctly.
WARNING: [XFORM 203-713] All the elements of global array 'maxpool[10].V' should be updated in process function 'max_pool_1chan', otherwise it may not be synthesized correctly.
WARNING: [XFORM 203-713] All the elements of global array 'maxpool[11].V' should be updated in process function 'max_pool_1chan', otherwise it may not be synthesized correctly.
WARNING: [XFORM 203-713] All the elements of global array 'maxpool[12].V' should be updated in process function 'max_pool_1chan', otherwise it may not be synthesized correctly.
WARNING: [XFORM 203-713] All the elements of global array 'maxpool[13].V' should be updated in process function 'max_pool_1chan', otherwise it may not be synthesized correctly.
WARNING: [XFORM 203-713] All the elements of global array 'padded_L2[0].V' should be updated in process function 'pad_for_conv2', otherwise it may not be synthesized correctly.
WARNING: [XFORM 203-713] All the elements of global array 'padded_L2[1].V' should be updated in process function 'pad_for_conv2', otherwise it may not be synthesized correctly.
WARNING: [XFORM 203-713] All the elements of global array 'padded_L2[2].V' should be updated in process function 'pad_for_conv2', otherwise it may not be synthesized correctly.
WARNING: [XFORM 203-713] All the elements of global array 'padded_L2[3].V' should be updated in process function 'pad_for_conv2', otherwise it may not be synthesized correctly.
WARNING: [XFORM 203-713] All the elements of global array 'padded_L2[4].V' should be updated in process function 'pad_for_conv2', otherwise it may not be synthesized correctly.
WARNING: [XFORM 203-713] All the elements of global array 'padded_L2[5].V' should be updated in process function 'pad_for_conv2', otherwise it may not be synthesized correctly.
WARNING: [XFORM 203-713] All the elements of global array 'padded_L2[6].V' should be updated in process function 'pad_for_conv2', otherwise it may not be synthesized correctly.
WARNING: [XFORM 203-713] All the elements of global array 'padded_L2[7].V' should be updated in process function 'pad_for_conv2', otherwise it may not be synthesized correctly.
WARNING: [XFORM 203-713] All the elements of global array 'padded_L2[8].V' should be updated in process function 'pad_for_conv2', otherwise it may not be synthesized correctly.
WARNING: [XFORM 203-713] All the elements of global array 'padded_L2[9].V' should be updated in process function 'pad_for_conv2', otherwise it may not be synthesized correctly.
WARNING: [XFORM 203-713] All the elements of global array 'padded_L2[10].V' should be updated in process function 'pad_for_conv2', otherwise it may not be synthesized correctly.
WARNING: [XFORM 203-713] All the elements of global array 'padded_L2[11].V' should be updated in process function 'pad_for_conv2', otherwise it may not be synthesized correctly.
WARNING: [XFORM 203-713] All the elements of global array 'padded_L2[12].V' should be updated in process function 'pad_for_conv2', otherwise it may not be synthesized correctly.
WARNING: [XFORM 203-713] All the elements of global array 'padded_L2[13].V' should be updated in process function 'pad_for_conv2', otherwise it may not be synthesized correctly.
WARNING: [XFORM 203-713] All the elements of global array 'padded_L2[14].V' should be updated in process function 'pad_for_conv2', otherwise it may not be synthesized correctly.
WARNING: [XFORM 203-713] All the elements of global array 'padded_L2[15].V' should be updated in process function 'pad_for_conv2', otherwise it may not be synthesized correctly.
WARNING: [XFORM 203-713] Reading dataflow channel 'conv_kernel_L2[0].V' in the middle of dataflow may stall the dataflow pipeline:
WARNING: [XFORM 203-713] Argument 'conv_kernel_L2[0].V' has read operations in process function 'conv2d_3x3_4chan_rev2'.
WARNING: [XFORM 203-713] Reading dataflow channel 'conv_kernel_L2[1].V' in the middle of dataflow may stall the dataflow pipeline:
WARNING: [XFORM 203-713] Argument 'conv_kernel_L2[1].V' has read operations in process function 'conv2d_3x3_4chan_rev2'.
WARNING: [XFORM 203-713] Reading dataflow channel 'conv_kernel_L2[2].V' in the middle of dataflow may stall the dataflow pipeline:
WARNING: [XFORM 203-713] Argument 'conv_kernel_L2[2].V' has read operations in process function 'conv2d_3x3_4chan_rev2'.
WARNING: [XFORM 203-713] Reading dataflow channel 'conv_kernel_L2[3].V' in the middle of dataflow may stall the dataflow pipeline:
WARNING: [XFORM 203-713] Argument 'conv_kernel_L2[3].V' has read operations in process function 'conv2d_3x3_4chan_rev2'.
WARNING: [XFORM 203-713] Reading dataflow channel 'conv_kernel_L2[4].V' in the middle of dataflow may stall the dataflow pipeline:
WARNING: [XFORM 203-713] Argument 'conv_kernel_L2[4].V' has read operations in process function 'conv2d_3x3_4chan_rev2'.
WARNING: [XFORM 203-713] Reading dataflow channel 'conv_kernel_L2[5].V' in the middle of dataflow may stall the dataflow pipeline:
WARNING: [XFORM 203-713] Argument 'conv_kernel_L2[5].V' has read operations in process function 'conv2d_3x3_4chan_rev2'.
WARNING: [XFORM 203-713] Reading dataflow channel 'conv_kernel_L2[6].V' in the middle of dataflow may stall the dataflow pipeline:
WARNING: [XFORM 203-713] Argument 'conv_kernel_L2[6].V' has read operations in process function 'conv2d_3x3_4chan_rev2'.
WARNING: [XFORM 203-713] Reading dataflow channel 'conv_kernel_L2[7].V' in the middle of dataflow may stall the dataflow pipeline:
WARNING: [XFORM 203-713] Argument 'conv_kernel_L2[7].V' has read operations in process function 'conv2d_3x3_4chan_rev2'.
WARNING: [XFORM 203-713] Reading dataflow channel 'conv_kernel_L2[8].V' in the middle of dataflow may stall the dataflow pipeline:
WARNING: [XFORM 203-713] Argument 'conv_kernel_L2[8].V' has read operations in process function 'conv2d_3x3_4chan_rev2'.
WARNING: [XFORM 203-713] Reading dataflow channel 'conv_bias_L2[0].V' in the middle of dataflow may stall the dataflow pipeline:
WARNING: [XFORM 203-713] Argument 'conv_bias_L2[0].V' has read operations in process function 'conv2d_3x3_4chan_rev2'.
WARNING: [XFORM 203-713] Reading dataflow channel 'conv_bias_L2[1].V' in the middle of dataflow may stall the dataflow pipeline:
WARNING: [XFORM 203-713] Argument 'conv_bias_L2[1].V' has read operations in process function 'conv2d_3x3_4chan_rev2'.
WARNING: [XFORM 203-713] Reading dataflow channel 'conv_bias_L2[2].V' in the middle of dataflow may stall the dataflow pipeline:
WARNING: [XFORM 203-713] Argument 'conv_bias_L2[2].V' has read operations in process function 'conv2d_3x3_4chan_rev2'.
WARNING: [XFORM 203-713] Reading dataflow channel 'conv_bias_L2[3].V' in the middle of dataflow may stall the dataflow pipeline:
WARNING: [XFORM 203-713] Argument 'conv_bias_L2[3].V' has read operations in process function 'conv2d_3x3_4chan_rev2'.
WARNING: [XFORM 203-713] All the elements of global array 'result[0].V' should be updated in process function 'conv2d_3x3_4chan_rev2', otherwise it may not be synthesized correctly.
WARNING: [XFORM 203-713] All the elements of global array 'result[1].V' should be updated in process function 'conv2d_3x3_4chan_rev2', otherwise it may not be synthesized correctly.
WARNING: [XFORM 203-713] All the elements of global array 'result[2].V' should be updated in process function 'conv2d_3x3_4chan_rev2', otherwise it may not be synthesized correctly.
WARNING: [XFORM 203-713] All the elements of global array 'result[3].V' should be updated in process function 'conv2d_3x3_4chan_rev2', otherwise it may not be synthesized correctly.
WARNING: [XFORM 203-713] All the elements of global array 'result[4].V' should be updated in process function 'conv2d_3x3_4chan_rev2', otherwise it may not be synthesized correctly.
WARNING: [XFORM 203-713] All the elements of global array 'result[5].V' should be updated in process function 'conv2d_3x3_4chan_rev2', otherwise it may not be synthesized correctly.
WARNING: [XFORM 203-713] All the elements of global array 'result[6].V' should be updated in process function 'conv2d_3x3_4chan_rev2', otherwise it may not be synthesized correctly.
WARNING: [XFORM 203-713] All the elements of global array 'result[7].V' should be updated in process function 'conv2d_3x3_4chan_rev2', otherwise it may not be synthesized correctly.
WARNING: [XFORM 203-713] All the elements of global array 'result[8].V' should be updated in process function 'conv2d_3x3_4chan_rev2', otherwise it may not be synthesized correctly.
WARNING: [XFORM 203-713] All the elements of global array 'result[9].V' should be updated in process function 'conv2d_3x3_4chan_rev2', otherwise it may not be synthesized correctly.
WARNING: [XFORM 203-713] All the elements of global array 'result[10].V' should be updated in process function 'conv2d_3x3_4chan_rev2', otherwise it may not be synthesized correctly.
WARNING: [XFORM 203-713] All the elements of global array 'result[11].V' should be updated in process function 'conv2d_3x3_4chan_rev2', otherwise it may not be synthesized correctly.
WARNING: [XFORM 203-713] All the elements of global array 'result[12].V' should be updated in process function 'conv2d_3x3_4chan_rev2', otherwise it may not be synthesized correctly.
WARNING: [XFORM 203-713] All the elements of global array 'result[13].V' should be updated in process function 'conv2d_3x3_4chan_rev2', otherwise it may not be synthesized correctly.
INFO: [XFORM 203-712] Applying dataflow to function 'CNN', detected/extracted 10 process function(s): 
	 'zero_mean_1chan'
	 'efficient_pad_n_1chan'
	 'resample'
	 'conv2d_3x3_1chan_rev2'
	 'batch_norm'
	 'relu'
	 'max_pool_1chan'
	 'pad_for_conv2'
	 'resample_for_conv2'
	 'conv2d_3x3_4chan_rev2'.
INFO: [XFORM 203-11] Balancing expressions in function 'conv2d_3x3_4chan_rev2' (../src/CNN_final.cpp:187)...8 expression(s) balanced.
INFO: [HLS 200-111] Finished Pre-synthesis Time (s): cpu = 00:00:19 ; elapsed = 00:00:59 . Memory (MB): peak = 224.191 ; gain = 168.258
INFO: [XFORM 203-541] Flattening a loop nest 'row' (../src/CNN_final.cpp:41:3) in function 'zero_mean_1chan'.
INFO: [XFORM 203-541] Flattening a loop nest 'row' (../src/CNN_final.cpp:132:3) in function 'resample_for_conv2'.
INFO: [XFORM 203-541] Flattening a loop nest 'row' (../src/CNN_final.cpp:105:3) in function 'resample'.
INFO: [XFORM 203-541] Flattening a loop nest 'row' (../src/CNN_final.cpp:243:3) in function 'relu'.
INFO: [XFORM 203-541] Flattening a loop nest 'row' (../src/CNN_final.cpp:85:3) in function 'pad_for_conv2'.
INFO: [XFORM 203-541] Flattening a loop nest 'row' (../src/CNN_final.cpp:270:3) in function 'max_pool_1chan'.
INFO: [XFORM 203-541] Flattening a loop nest 'row' (../src/CNN_final.cpp:62:3) in function 'efficient_pad_n_1chan'.
INFO: [XFORM 203-541] Flattening a loop nest 'L1' (../src/CNN_final.cpp:193:3) in function 'conv2d_3x3_4chan_rev2'.
INFO: [XFORM 203-541] Flattening a loop nest 'row' (../src/CNN_final.cpp:228:3) in function 'batch_norm'.
WARNING: [XFORM 203-631] Renaming function 'efficient_pad_n_1chan' to 'efficient_pad_n_1cha' (../src/CNN_final.cpp:53:26)
WARNING: [XFORM 203-631] Renaming function 'conv2d_3x3_4chan_rev2' to 'conv2d_3x3_4chan_rev' (../src/CNN_final.cpp:192:22)
WARNING: [XFORM 203-631] Renaming function 'conv2d_3x3_1chan_rev2' to 'conv2d_3x3_1chan_rev' (../src/CNN_final.cpp:162:21)
INFO: [XFORM 203-531] Rewinding loop 'row_col' in function 'zero_mean_1chan'.
INFO: [XFORM 203-531] Rewinding loop 'row_col' in function 'resample_for_conv2'.
INFO: [XFORM 203-531] Rewinding loop 'row_col' in function 'resample'.
WARNING: [XFORM 203-532] Unable to perform loop rewinding: Function 'pad_for_conv2' (../src/CNN_final.cpp:72) contains multiple loops.
INFO: [XFORM 203-531] Rewinding loop 'row_col' in function 'max_pool_1chan'.
WARNING: [XFORM 203-532] Unable to perform loop rewinding: Function 'efficient_pad_n_1cha' (../src/CNN_final.cpp:53:1) contains multiple loops.
INFO: [XFORM 203-531] Rewinding loop 'L1_L2' in function 'conv2d_3x3_4chan_rev'.
INFO: [XFORM 203-531] Rewinding loop 'L1' (../src/CNN_final.cpp:163) in function 'conv2d_3x3_1chan_rev'.
INFO: [HLS 200-111] Finished Architecture Synthesis Time (s): cpu = 00:00:22 ; elapsed = 00:01:03 . Memory (MB): peak = 342.324 ; gain = 286.391
INFO: [HLS 200-10] Starting hardware synthesis ...
INFO: [HLS 200-10] Synthesizing 'CNN' ...
INFO: [HLS 200-10] ----------------------------------------------------------------
INFO: [HLS 200-42] -- Implementing module 'zero_mean_1chan' 
INFO: [HLS 200-10] ----------------------------------------------------------------
INFO: [SCHED 204-11] Starting scheduling ...
INFO: [SCHED 204-61] Pipelining loop 'row_col'.
INFO: [SCHED 204-61] Pipelining result : Target II = 1, Final II = 1, Depth = 3.
INFO: [SCHED 204-11] Finished scheduling.
INFO: [HLS 200-111]  Elapsed time: 63.541 seconds; current allocated memory: 289.928 MB.
INFO: [BIND 205-100] Starting micro-architecture generation ...
INFO: [BIND 205-101] Performing variable lifetime analysis.
INFO: [BIND 205-101] Exploring resource sharing.
INFO: [BIND 205-101] Binding ...
INFO: [BIND 205-100] Finished micro-architecture generation.
INFO: [HLS 200-111]  Elapsed time: 0.419 seconds; current allocated memory: 290.751 MB.
INFO: [HLS 200-10] ----------------------------------------------------------------
INFO: [HLS 200-42] -- Implementing module 'efficient_pad_n_1cha' 
INFO: [HLS 200-10] ----------------------------------------------------------------
INFO: [SCHED 204-11] Starting scheduling ...
INFO: [SCHED 204-61] Pipelining loop 'row_col'.
INFO: [SCHED 204-61] Pipelining result : Target II = 1, Final II = 1, Depth = 2.
INFO: [SCHED 204-11] Finished scheduling.
INFO: [HLS 200-111]  Elapsed time: 0.644 seconds; current allocated memory: 291.873 MB.
INFO: [HLS 200-434] Only 1 loops out of a total 2 loops have been pipelined in this design.
INFO: [BIND 205-100] Starting micro-architecture generation ...
INFO: [BIND 205-101] Performing variable lifetime analysis.
INFO: [BIND 205-101] Exploring resource sharing.
INFO: [BIND 205-101] Binding ...
INFO: [BIND 205-100] Finished micro-architecture generation.
INFO: [HLS 200-111]  Elapsed time: 0.47 seconds; current allocated memory: 292.849 MB.
INFO: [HLS 200-10] ----------------------------------------------------------------
INFO: [HLS 200-42] -- Implementing module 'resample' 
INFO: [HLS 200-10] ----------------------------------------------------------------
INFO: [SCHED 204-11] Starting scheduling ...
INFO: [SCHED 204-61] Pipelining loop 'row_col'.
WARNING: [SCHED 204-69] Unable to schedule 'load' operation ('square_image_26_V_l_6', ../src/CNN_final.cpp:116) on array 'square_image_26_V' due to limited memory ports. Please consider using a memory core with more ports or partitioning the array 'square_image_26_V'.
INFO: [SCHED 204-61] Pipelining result : Target II = 1, Final II = 2, Depth = 4.
INFO: [SCHED 204-11] Finished scheduling.
INFO: [HLS 200-111]  Elapsed time: 1.449 seconds; current allocated memory: 295.263 MB.
INFO: [BIND 205-100] Starting micro-architecture generation ...
INFO: [BIND 205-101] Performing variable lifetime analysis.
INFO: [BIND 205-101] Exploring resource sharing.
INFO: [BIND 205-101] Binding ...
INFO: [BIND 205-100] Finished micro-architecture generation.
INFO: [HLS 200-111]  Elapsed time: 1.031 seconds; current allocated memory: 297.095 MB.
INFO: [HLS 200-10] ----------------------------------------------------------------
INFO: [HLS 200-42] -- Implementing module 'conv2d_3x3_1chan_rev' 
INFO: [HLS 200-10] ----------------------------------------------------------------
INFO: [SCHED 204-11] Starting scheduling ...
INFO: [SCHED 204-61] Pipelining loop 'L1'.
INFO: [SCHED 204-61] Pipelining result : Target II = 1, Final II = 1, Depth = 13.
WARNING: [SCHED 204-21] Estimated clock period (4.95ns) exceeds the target (target clock period: 5ns, clock uncertainty: 0.625ns, effective delay budget: 4.375ns).
WARNING: [SCHED 204-21] The critical path consists of the following:
	'mul' operation ('p_Val2_s', ../src/CNN_final.cpp:169) (4.95 ns)
INFO: [SCHED 204-11] Finished scheduling.
INFO: [HLS 200-111]  Elapsed time: 1.166 seconds; current allocated memory: 297.958 MB.
INFO: [BIND 205-100] Starting micro-architecture generation ...
INFO: [BIND 205-101] Performing variable lifetime analysis.
INFO: [BIND 205-101] Exploring resource sharing.
INFO: [BIND 205-101] Binding ...
INFO: [BIND 205-100] Finished micro-architecture generation.
INFO: [HLS 200-111]  Elapsed time: 0.337 seconds; current allocated memory: 298.617 MB.
INFO: [HLS 200-10] ----------------------------------------------------------------
INFO: [HLS 200-42] -- Implementing module 'batch_norm' 
INFO: [HLS 200-10] ----------------------------------------------------------------
INFO: [SCHED 204-11] Starting scheduling ...
INFO: [SCHED 204-61] Pipelining loop 'row_col'.
INFO: [SCHED 204-61] Pipelining result : Target II = 1, Final II = 1, Depth = 5.
INFO: [SCHED 204-11] Finished scheduling.
INFO: [HLS 200-111]  Elapsed time: 0.485 seconds; current allocated memory: 299.264 MB.
INFO: [BIND 205-100] Starting micro-architecture generation ...
INFO: [BIND 205-101] Performing variable lifetime analysis.
INFO: [BIND 205-101] Exploring resource sharing.
INFO: [BIND 205-101] Binding ...
INFO: [BIND 205-100] Finished micro-architecture generation.
INFO: [HLS 200-111]  Elapsed time: 0.335 seconds; current allocated memory: 299.845 MB.
INFO: [HLS 200-10] ----------------------------------------------------------------
INFO: [HLS 200-42] -- Implementing module 'relu' 
INFO: [HLS 200-10] ----------------------------------------------------------------
INFO: [SCHED 204-11] Starting scheduling ...
INFO: [SCHED 204-61] Pipelining loop 'row_col'.
INFO: [SCHED 204-61] Pipelining result : Target II = 1, Final II = 1, Depth = 3.
INFO: [SCHED 204-11] Finished scheduling.
INFO: [HLS 200-111]  Elapsed time: 0.566 seconds; current allocated memory: 300.611 MB.
INFO: [BIND 205-100] Starting micro-architecture generation ...
INFO: [BIND 205-101] Performing variable lifetime analysis.
INFO: [BIND 205-101] Exploring resource sharing.
INFO: [BIND 205-101] Binding ...
INFO: [BIND 205-100] Finished micro-architecture generation.
INFO: [HLS 200-111]  Elapsed time: 0.395 seconds; current allocated memory: 301.210 MB.
INFO: [HLS 200-10] ----------------------------------------------------------------
INFO: [HLS 200-42] -- Implementing module 'max_pool_1chan' 
INFO: [HLS 200-10] ----------------------------------------------------------------
INFO: [SCHED 204-11] Starting scheduling ...
INFO: [SCHED 204-61] Pipelining loop 'row_col'.
INFO: [SCHED 204-61] Pipelining result : Target II = 1, Final II = 1, Depth = 4.
INFO: [SCHED 204-11] Finished scheduling.
INFO: [HLS 200-111]  Elapsed time: 0.643 seconds; current allocated memory: 302.133 MB.
INFO: [BIND 205-100] Starting micro-architecture generation ...
INFO: [BIND 205-101] Performing variable lifetime analysis.
INFO: [BIND 205-101] Exploring resource sharing.
INFO: [BIND 205-101] Binding ...
INFO: [BIND 205-100] Finished micro-architecture generation.
INFO: [HLS 200-111]  Elapsed time: 0.44 seconds; current allocated memory: 303.194 MB.
INFO: [HLS 200-10] ----------------------------------------------------------------
INFO: [HLS 200-42] -- Implementing module 'pad_for_conv2' 
INFO: [HLS 200-10] ----------------------------------------------------------------
INFO: [SCHED 204-11] Starting scheduling ...
INFO: [SCHED 204-61] Pipelining loop 'row_col'.
INFO: [SCHED 204-61] Pipelining result : Target II = 1, Final II = 1, Depth = 3.
INFO: [SCHED 204-11] Finished scheduling.
INFO: [HLS 200-111]  Elapsed time: 0.583 seconds; current allocated memory: 303.775 MB.
INFO: [BIND 205-100] Starting micro-architecture generation ...
INFO: [BIND 205-101] Performing variable lifetime analysis.
INFO: [BIND 205-101] Exploring resource sharing.
INFO: [BIND 205-101] Binding ...
INFO: [BIND 205-100] Finished micro-architecture generation.
INFO: [HLS 200-111]  Elapsed time: 0.332 seconds; current allocated memory: 304.401 MB.
INFO: [HLS 200-10] ----------------------------------------------------------------
INFO: [HLS 200-42] -- Implementing module 'resample_for_conv2' 
INFO: [HLS 200-10] ----------------------------------------------------------------
INFO: [SCHED 204-11] Starting scheduling ...
INFO: [SCHED 204-61] Pipelining loop 'row_col'.
WARNING: [SCHED 204-69] Unable to schedule 'load' operation ('square_image_12_V_l_6', ../src/CNN_final.cpp:143) on array 'square_image_12_V' due to limited memory ports. Please consider using a memory core with more ports or partitioning the array 'square_image_12_V'.
INFO: [SCHED 204-61] Pipelining result : Target II = 1, Final II = 2, Depth = 4.
INFO: [SCHED 204-11] Finished scheduling.
INFO: [HLS 200-111]  Elapsed time: 0.765 seconds; current allocated memory: 305.789 MB.
INFO: [BIND 205-100] Starting micro-architecture generation ...
INFO: [BIND 205-101] Performing variable lifetime analysis.
INFO: [BIND 205-101] Exploring resource sharing.
INFO: [BIND 205-101] Binding ...
INFO: [BIND 205-100] Finished micro-architecture generation.
INFO: [HLS 200-111]  Elapsed time: 0.642 seconds; current allocated memory: 306.823 MB.
INFO: [HLS 200-10] ----------------------------------------------------------------
INFO: [HLS 200-42] -- Implementing module 'conv2d_3x3_4chan_rev' 
INFO: [HLS 200-10] ----------------------------------------------------------------
INFO: [SCHED 204-11] Starting scheduling ...
INFO: [SCHED 204-61] Pipelining loop 'L1_L2'.
WARNING: [SCHED 204-69] Unable to schedule 'load' operation ('in_image_2_V_load_3', ../src/CNN_final.cpp:204) on array 'in_image_2_V' due to limited memory ports. Please consider using a memory core with more ports or partitioning the array 'in_image_2_V'.
INFO: [SCHED 204-61] Pipelining result : Target II = 1, Final II = 2, Depth = 9.
WARNING: [SCHED 204-21] Estimated clock period (4.95ns) exceeds the target (target clock period: 5ns, clock uncertainty: 0.625ns, effective delay budget: 4.375ns).
WARNING: [SCHED 204-21] The critical path consists of the following:
	'mul' operation ('p_Val2_9', ../src/CNN_final.cpp:204) (4.95 ns)
INFO: [SCHED 204-11] Finished scheduling.
INFO: [HLS 200-111]  Elapsed time: 0.833 seconds; current allocated memory: 307.511 MB.
INFO: [BIND 205-100] Starting micro-architecture generation ...
INFO: [BIND 205-101] Performing variable lifetime analysis.
INFO: [BIND 205-101] Exploring resource sharing.
INFO: [BIND 205-101] Binding ...
INFO: [BIND 205-100] Finished micro-architecture generation.
INFO: [HLS 200-111]  Elapsed time: 0.354 seconds; current allocated memory: 308.152 MB.
INFO: [HLS 200-10] ----------------------------------------------------------------
INFO: [HLS 200-42] -- Implementing module 'CNN' 
INFO: [HLS 200-10] ----------------------------------------------------------------
INFO: [SCHED 204-11] Starting scheduling ...
INFO: [SCHED 204-11] Finished scheduling.
INFO: [HLS 200-111]  Elapsed time: 0.482 seconds; current allocated memory: 308.859 MB.
INFO: [BIND 205-100] Starting micro-architecture generation ...
INFO: [BIND 205-101] Performing variable lifetime analysis.
INFO: [BIND 205-101] Exploring resource sharing.
INFO: [BIND 205-101] Binding ...
INFO: [BIND 205-100] Finished micro-architecture generation.
INFO: [HLS 200-111]  Elapsed time: 1.673 seconds; current allocated memory: 310.027 MB.
INFO: [HLS 200-10] ----------------------------------------------------------------
INFO: [HLS 200-10] -- Generating RTL for module 'zero_mean_1chan' 
INFO: [HLS 200-10] ----------------------------------------------------------------
INFO: [RTGEN 206-100] Generating core module 'CNN_mux_285_18_1_1': 2 instance(s).
INFO: [RTGEN 206-100] Finished creating RTL model for 'zero_mean_1chan'.
INFO: [HLS 200-111]  Elapsed time: 0.935 seconds; current allocated memory: 311.564 MB.
INFO: [HLS 200-10] ----------------------------------------------------------------
INFO: [HLS 200-10] -- Generating RTL for module 'efficient_pad_n_1cha' 
INFO: [HLS 200-10] ----------------------------------------------------------------
INFO: [RTGEN 206-100] Generating core module 'CNN_mux_285_18_1_1': 1 instance(s).
INFO: [RTGEN 206-100] Finished creating RTL model for 'efficient_pad_n_1cha'.
INFO: [HLS 200-111]  Elapsed time: 1.046 seconds; current allocated memory: 313.633 MB.
INFO: [HLS 200-10] ----------------------------------------------------------------
INFO: [HLS 200-10] -- Generating RTL for module 'resample' 
INFO: [HLS 200-10] ----------------------------------------------------------------
INFO: [RTGEN 206-100] Finished creating RTL model for 'resample'.
INFO: [HLS 200-111]  Elapsed time: 1.691 seconds; current allocated memory: 316.538 MB.
INFO: [HLS 200-10] ----------------------------------------------------------------
INFO: [HLS 200-10] -- Generating RTL for module 'conv2d_3x3_1chan_rev' 
INFO: [HLS 200-10] ----------------------------------------------------------------
INFO: [SYN 201-210] Renamed object name 'CNN_mul_mul_18s_18s_35_2_1' to 'CNN_mul_mul_18s_1bkb' due to the length limit 20
INFO: [SYN 201-210] Renamed object name 'CNN_mac_muladd_18s_18s_35ns_35_2_1' to 'CNN_mac_muladd_18cud' due to the length limit 20
INFO: [RTGEN 206-100] Generating core module 'CNN_mac_muladd_18cud': 8 instance(s).
INFO: [RTGEN 206-100] Generating core module 'CNN_mul_mul_18s_1bkb': 1 instance(s).
INFO: [RTGEN 206-100] Finished creating RTL model for 'conv2d_3x3_1chan_rev'.
INFO: [HLS 200-111]  Elapsed time: 2.474 seconds; current allocated memory: 318.499 MB.
INFO: [HLS 200-10] ----------------------------------------------------------------
INFO: [HLS 200-10] -- Generating RTL for module 'batch_norm' 
INFO: [HLS 200-10] ----------------------------------------------------------------
INFO: [SYN 201-210] Renamed object name 'CNN_mac_muladd_18s_25s_34s_37_2_1' to 'CNN_mac_muladd_18dEe' due to the length limit 20
INFO: [RTGEN 206-100] Generating core module 'CNN_mac_muladd_18dEe': 1 instance(s).
INFO: [RTGEN 206-100] Generating core module 'CNN_mux_285_25_1_1': 1 instance(s).
INFO: [RTGEN 206-100] Finished creating RTL model for 'batch_norm'.
INFO: [HLS 200-111]  Elapsed time: 0.981 seconds; current allocated memory: 319.816 MB.
INFO: [HLS 200-10] ----------------------------------------------------------------
INFO: [HLS 200-10] -- Generating RTL for module 'relu' 
INFO: [HLS 200-10] ----------------------------------------------------------------
INFO: [RTGEN 206-100] Generating core module 'CNN_mux_285_48_1_1': 1 instance(s).
INFO: [RTGEN 206-100] Finished creating RTL model for 'relu'.
INFO: [HLS 200-111]  Elapsed time: 0.863 seconds; current allocated memory: 321.543 MB.
INFO: [HLS 200-10] ----------------------------------------------------------------
INFO: [HLS 200-10] -- Generating RTL for module 'max_pool_1chan' 
INFO: [HLS 200-10] ----------------------------------------------------------------
INFO: [RTGEN 206-100] Finished creating RTL model for 'max_pool_1chan'.
INFO: [HLS 200-111]  Elapsed time: 1.132 seconds; current allocated memory: 323.210 MB.
INFO: [HLS 200-10] ----------------------------------------------------------------
INFO: [HLS 200-10] -- Generating RTL for module 'pad_for_conv2' 
INFO: [HLS 200-10] ----------------------------------------------------------------
INFO: [RTGEN 206-100] Generating core module 'CNN_mux_144_25_2_1': 1 instance(s).
INFO: [RTGEN 206-100] Finished creating RTL model for 'pad_for_conv2'.
INFO: [HLS 200-111]  Elapsed time: 1.176 seconds; current allocated memory: 324.548 MB.
INFO: [HLS 200-10] ----------------------------------------------------------------
INFO: [HLS 200-10] -- Generating RTL for module 'resample_for_conv2' 
INFO: [HLS 200-10] ----------------------------------------------------------------
INFO: [RTGEN 206-100] Finished creating RTL model for 'resample_for_conv2'.
INFO: [HLS 200-111]  Elapsed time: 1.012 seconds; current allocated memory: 326.404 MB.
INFO: [HLS 200-10] ----------------------------------------------------------------
INFO: [HLS 200-10] -- Generating RTL for module 'conv2d_3x3_4chan_rev' 
INFO: [HLS 200-10] ----------------------------------------------------------------
INFO: [SYN 201-210] Renamed object name 'CNN_mul_mul_25s_18s_41_2_1' to 'CNN_mul_mul_25s_1eOg' due to the length limit 20
INFO: [RTGEN 206-100] Generating core module 'CNN_mul_mul_25s_1eOg': 9 instance(s).
INFO: [RTGEN 206-100] Generating core module 'CNN_mux_42_48_1_1': 1 instance(s).
INFO: [RTGEN 206-100] Finished creating RTL model for 'conv2d_3x3_4chan_rev'.
INFO: [HLS 200-111]  Elapsed time: 1.592 seconds; current allocated memory: 327.920 MB.
INFO: [HLS 200-10] ----------------------------------------------------------------
INFO: [HLS 200-10] -- Generating RTL for module 'CNN' 
INFO: [HLS 200-10] ----------------------------------------------------------------
INFO: [RTGEN 206-500] Setting interface mode on port 'CNN/in_image_0_V' to 'ap_memory'.
INFO: [RTGEN 206-500] Setting interface mode on port 'CNN/in_image_1_V' to 'ap_memory'.
INFO: [RTGEN 206-500] Setting interface mode on port 'CNN/in_image_2_V' to 'ap_memory'.
INFO: [RTGEN 206-500] Setting interface mode on port 'CNN/in_image_3_V' to 'ap_memory'.
INFO: [RTGEN 206-500] Setting interface mode on port 'CNN/in_image_4_V' to 'ap_memory'.
INFO: [RTGEN 206-500] Setting interface mode on port 'CNN/in_image_5_V' to 'ap_memory'.
INFO: [RTGEN 206-500] Setting interface mode on port 'CNN/in_image_6_V' to 'ap_memory'.
INFO: [RTGEN 206-500] Setting interface mode on port 'CNN/in_image_7_V' to 'ap_memory'.
INFO: [RTGEN 206-500] Setting interface mode on port 'CNN/in_image_8_V' to 'ap_memory'.
INFO: [RTGEN 206-500] Setting interface mode on port 'CNN/in_image_9_V' to 'ap_memory'.
INFO: [RTGEN 206-500] Setting interface mode on port 'CNN/in_image_10_V' to 'ap_memory'.
INFO: [RTGEN 206-500] Setting interface mode on port 'CNN/in_image_11_V' to 'ap_memory'.
INFO: [RTGEN 206-500] Setting interface mode on port 'CNN/in_image_12_V' to 'ap_memory'.
INFO: [RTGEN 206-500] Setting interface mode on port 'CNN/in_image_13_V' to 'ap_memory'.
INFO: [RTGEN 206-500] Setting interface mode on port 'CNN/in_image_14_V' to 'ap_memory'.
INFO: [RTGEN 206-500] Setting interface mode on port 'CNN/in_image_15_V' to 'ap_memory'.
INFO: [RTGEN 206-500] Setting interface mode on port 'CNN/in_image_16_V' to 'ap_memory'.
INFO: [RTGEN 206-500] Setting interface mode on port 'CNN/in_image_17_V' to 'ap_memory'.
INFO: [RTGEN 206-500] Setting interface mode on port 'CNN/in_image_18_V' to 'ap_memory'.
INFO: [RTGEN 206-500] Setting interface mode on port 'CNN/in_image_19_V' to 'ap_memory'.
INFO: [RTGEN 206-500] Setting interface mode on port 'CNN/in_image_20_V' to 'ap_memory'.
INFO: [RTGEN 206-500] Setting interface mode on port 'CNN/in_image_21_V' to 'ap_memory'.
INFO: [RTGEN 206-500] Setting interface mode on port 'CNN/in_image_22_V' to 'ap_memory'.
INFO: [RTGEN 206-500] Setting interface mode on port 'CNN/in_image_23_V' to 'ap_memory'.
INFO: [RTGEN 206-500] Setting interface mode on port 'CNN/in_image_24_V' to 'ap_memory'.
INFO: [RTGEN 206-500] Setting interface mode on port 'CNN/in_image_25_V' to 'ap_memory'.
INFO: [RTGEN 206-500] Setting interface mode on port 'CNN/in_image_26_V' to 'ap_memory'.
INFO: [RTGEN 206-500] Setting interface mode on port 'CNN/in_image_27_V' to 'ap_memory'.
INFO: [RTGEN 206-500] Setting interface mode on port 'CNN/means_0_V' to 'ap_memory'.
INFO: [RTGEN 206-500] Setting interface mode on port 'CNN/means_1_V' to 'ap_memory'.
INFO: [RTGEN 206-500] Setting interface mode on port 'CNN/means_2_V' to 'ap_memory'.
INFO: [RTGEN 206-500] Setting interface mode on port 'CNN/means_3_V' to 'ap_memory'.
INFO: [RTGEN 206-500] Setting interface mode on port 'CNN/means_4_V' to 'ap_memory'.
INFO: [RTGEN 206-500] Setting interface mode on port 'CNN/means_5_V' to 'ap_memory'.
INFO: [RTGEN 206-500] Setting interface mode on port 'CNN/means_6_V' to 'ap_memory'.
INFO: [RTGEN 206-500] Setting interface mode on port 'CNN/means_7_V' to 'ap_memory'.
INFO: [RTGEN 206-500] Setting interface mode on port 'CNN/means_8_V' to 'ap_memory'.
INFO: [RTGEN 206-500] Setting interface mode on port 'CNN/means_9_V' to 'ap_memory'.
INFO: [RTGEN 206-500] Setting interface mode on port 'CNN/means_10_V' to 'ap_memory'.
INFO: [RTGEN 206-500] Setting interface mode on port 'CNN/means_11_V' to 'ap_memory'.
INFO: [RTGEN 206-500] Setting interface mode on port 'CNN/means_12_V' to 'ap_memory'.
INFO: [RTGEN 206-500] Setting interface mode on port 'CNN/means_13_V' to 'ap_memory'.
INFO: [RTGEN 206-500] Setting interface mode on port 'CNN/means_14_V' to 'ap_memory'.
INFO: [RTGEN 206-500] Setting interface mode on port 'CNN/means_15_V' to 'ap_memory'.
INFO: [RTGEN 206-500] Setting interface mode on port 'CNN/means_16_V' to 'ap_memory'.
INFO: [RTGEN 206-500] Setting interface mode on port 'CNN/means_17_V' to 'ap_memory'.
INFO: [RTGEN 206-500] Setting interface mode on port 'CNN/means_18_V' to 'ap_memory'.
INFO: [RTGEN 206-500] Setting interface mode on port 'CNN/means_19_V' to 'ap_memory'.
INFO: [RTGEN 206-500] Setting interface mode on port 'CNN/means_20_V' to 'ap_memory'.
INFO: [RTGEN 206-500] Setting interface mode on port 'CNN/means_21_V' to 'ap_memory'.
INFO: [RTGEN 206-500] Setting interface mode on port 'CNN/means_22_V' to 'ap_memory'.
INFO: [RTGEN 206-500] Setting interface mode on port 'CNN/means_23_V' to 'ap_memory'.
INFO: [RTGEN 206-500] Setting interface mode on port 'CNN/means_24_V' to 'ap_memory'.
INFO: [RTGEN 206-500] Setting interface mode on port 'CNN/means_25_V' to 'ap_memory'.
INFO: [RTGEN 206-500] Setting interface mode on port 'CNN/means_26_V' to 'ap_memory'.
INFO: [RTGEN 206-500] Setting interface mode on port 'CNN/means_27_V' to 'ap_memory'.
INFO: [RTGEN 206-500] Setting interface mode on port 'CNN/conv_kernel_L1_0_V' to 'ap_none'.
INFO: [RTGEN 206-500] Setting interface mode on port 'CNN/conv_kernel_L1_1_V' to 'ap_none'.
INFO: [RTGEN 206-500] Setting interface mode on port 'CNN/conv_kernel_L1_2_V' to 'ap_none'.
INFO: [RTGEN 206-500] Setting interface mode on port 'CNN/conv_kernel_L1_3_V' to 'ap_none'.
INFO: [RTGEN 206-500] Setting interface mode on port 'CNN/conv_kernel_L1_4_V' to 'ap_none'.
INFO: [RTGEN 206-500] Setting interface mode on port 'CNN/conv_kernel_L1_5_V' to 'ap_none'.
INFO: [RTGEN 206-500] Setting interface mode on port 'CNN/conv_kernel_L1_6_V' to 'ap_none'.
INFO: [RTGEN 206-500] Setting interface mode on port 'CNN/conv_kernel_L1_7_V' to 'ap_none'.
INFO: [RTGEN 206-500] Setting interface mode on port 'CNN/conv_kernel_L1_8_V' to 'ap_none'.
INFO: [RTGEN 206-500] Setting interface mode on port 'CNN/conv_bias_L1_V' to 'ap_none'.
INFO: [RTGEN 206-500] Setting interface mode on port 'CNN/a_V' to 'ap_none'.
INFO: [RTGEN 206-500] Setting interface mode on port 'CNN/b_V' to 'ap_none'.
INFO: [RTGEN 206-500] Setting interface mode on port 'CNN/conv_kernel_L2_0_V' to 'ap_memory'.
INFO: [RTGEN 206-500] Setting interface mode on port 'CNN/conv_kernel_L2_1_V' to 'ap_memory'.
INFO: [RTGEN 206-500] Setting interface mode on port 'CNN/conv_kernel_L2_2_V' to 'ap_memory'.
INFO: [RTGEN 206-500] Setting interface mode on port 'CNN/conv_kernel_L2_3_V' to 'ap_memory'.
INFO: [RTGEN 206-500] Setting interface mode on port 'CNN/conv_kernel_L2_4_V' to 'ap_memory'.
INFO: [RTGEN 206-500] Setting interface mode on port 'CNN/conv_kernel_L2_5_V' to 'ap_memory'.
INFO: [RTGEN 206-500] Setting interface mode on port 'CNN/conv_kernel_L2_6_V' to 'ap_memory'.
INFO: [RTGEN 206-500] Setting interface mode on port 'CNN/conv_kernel_L2_7_V' to 'ap_memory'.
INFO: [RTGEN 206-500] Setting interface mode on port 'CNN/conv_kernel_L2_8_V' to 'ap_memory'.
INFO: [RTGEN 206-500] Setting interface mode on port 'CNN/conv_bias_L2_0_V' to 'ap_none'.
INFO: [RTGEN 206-500] Setting interface mode on port 'CNN/conv_bias_L2_1_V' to 'ap_none'.
INFO: [RTGEN 206-500] Setting interface mode on port 'CNN/conv_bias_L2_2_V' to 'ap_none'.
INFO: [RTGEN 206-500] Setting interface mode on port 'CNN/conv_bias_L2_3_V' to 'ap_none'.
INFO: [RTGEN 206-500] Setting interface mode on port 'CNN/result_0_V' to 'ap_memory'.
INFO: [RTGEN 206-500] Setting interface mode on port 'CNN/result_1_V' to 'ap_memory'.
INFO: [RTGEN 206-500] Setting interface mode on port 'CNN/result_2_V' to 'ap_memory'.
INFO: [RTGEN 206-500] Setting interface mode on port 'CNN/result_3_V' to 'ap_memory'.
INFO: [RTGEN 206-500] Setting interface mode on port 'CNN/result_4_V' to 'ap_memory'.
INFO: [RTGEN 206-500] Setting interface mode on port 'CNN/result_5_V' to 'ap_memory'.
INFO: [RTGEN 206-500] Setting interface mode on port 'CNN/result_6_V' to 'ap_memory'.
INFO: [RTGEN 206-500] Setting interface mode on port 'CNN/result_7_V' to 'ap_memory'.
INFO: [RTGEN 206-500] Setting interface mode on port 'CNN/result_8_V' to 'ap_memory'.
INFO: [RTGEN 206-500] Setting interface mode on port 'CNN/result_9_V' to 'ap_memory'.
INFO: [RTGEN 206-500] Setting interface mode on port 'CNN/result_10_V' to 'ap_memory'.
INFO: [RTGEN 206-500] Setting interface mode on port 'CNN/result_11_V' to 'ap_memory'.
INFO: [RTGEN 206-500] Setting interface mode on port 'CNN/result_12_V' to 'ap_memory'.
INFO: [RTGEN 206-500] Setting interface mode on port 'CNN/result_13_V' to 'ap_memory'.
INFO: [RTGEN 206-500] Setting interface mode on function 'CNN' to 'ap_ctrl_hs'.
INFO: [SYN 201-210] Renamed object name 'CNN_mean_removed_0_V' to 'CNN_mean_removed_fYi' due to the length limit 20
INFO: [SYN 201-210] Renamed object name 'CNN_mean_removed_1_V' to 'CNN_mean_removed_g8j' due to the length limit 20
INFO: [SYN 201-210] Renamed object name 'CNN_mean_removed_2_V' to 'CNN_mean_removed_hbi' due to the length limit 20
INFO: [SYN 201-210] Renamed object name 'CNN_mean_removed_3_V' to 'CNN_mean_removed_ibs' due to the length limit 20
INFO: [SYN 201-210] Renamed object name 'CNN_mean_removed_4_V' to 'CNN_mean_removed_jbC' due to the length limit 20
INFO: [SYN 201-210] Renamed object name 'CNN_mean_removed_5_V' to 'CNN_mean_removed_kbM' due to the length limit 20
INFO: [SYN 201-210] Renamed object name 'CNN_mean_removed_6_V' to 'CNN_mean_removed_lbW' due to the length limit 20
INFO: [SYN 201-210] Renamed object name 'CNN_mean_removed_7_V' to 'CNN_mean_removed_mb6' due to the length limit 20
INFO: [SYN 201-210] Renamed object name 'CNN_mean_removed_8_V' to 'CNN_mean_removed_ncg' due to the length limit 20
INFO: [SYN 201-210] Renamed object name 'CNN_mean_removed_9_V' to 'CNN_mean_removed_ocq' due to the length limit 20
INFO: [SYN 201-210] Renamed object name 'CNN_mean_removed_10_V' to 'CNN_mean_removed_pcA' due to the length limit 20
INFO: [SYN 201-210] Renamed object name 'CNN_mean_removed_11_V' to 'CNN_mean_removed_qcK' due to the length limit 20
INFO: [SYN 201-210] Renamed object name 'CNN_mean_removed_12_V' to 'CNN_mean_removed_rcU' due to the length limit 20
INFO: [SYN 201-210] Renamed object name 'CNN_mean_removed_13_V' to 'CNN_mean_removed_sc4' due to the length limit 20
INFO: [SYN 201-210] Renamed object name 'CNN_mean_removed_14_V' to 'CNN_mean_removed_tde' due to the length limit 20
INFO: [SYN 201-210] Renamed object name 'CNN_mean_removed_15_V' to 'CNN_mean_removed_udo' due to the length limit 20
INFO: [SYN 201-210] Renamed object name 'CNN_mean_removed_16_V' to 'CNN_mean_removed_vdy' due to the length limit 20
INFO: [SYN 201-210] Renamed object name 'CNN_mean_removed_17_V' to 'CNN_mean_removed_wdI' due to the length limit 20
INFO: [SYN 201-210] Renamed object name 'CNN_mean_removed_18_V' to 'CNN_mean_removed_xdS' due to the length limit 20
INFO: [SYN 201-210] Renamed object name 'CNN_mean_removed_19_V' to 'CNN_mean_removed_yd2' due to the length limit 20
INFO: [SYN 201-210] Renamed object name 'CNN_mean_removed_20_V' to 'CNN_mean_removed_zec' due to the length limit 20
INFO: [SYN 201-210] Renamed object name 'CNN_mean_removed_21_V' to 'CNN_mean_removed_Aem' due to the length limit 20
INFO: [SYN 201-210] Renamed object name 'CNN_mean_removed_22_V' to 'CNN_mean_removed_Bew' due to the length limit 20
INFO: [SYN 201-210] Renamed object name 'CNN_mean_removed_23_V' to 'CNN_mean_removed_CeG' due to the length limit 20
INFO: [SYN 201-210] Renamed object name 'CNN_mean_removed_24_V' to 'CNN_mean_removed_DeQ' due to the length limit 20
INFO: [SYN 201-210] Renamed object name 'CNN_mean_removed_25_V' to 'CNN_mean_removed_Ee0' due to the length limit 20
INFO: [SYN 201-210] Renamed object name 'CNN_mean_removed_26_V' to 'CNN_mean_removed_Ffa' due to the length limit 20
INFO: [SYN 201-210] Renamed object name 'CNN_mean_removed_27_V' to 'CNN_mean_removed_Gfk' due to the length limit 20
INFO: [SYN 201-210] Renamed object name 'CNN_resampled_L2_0_V' to 'CNN_resampled_L2_Hfu' due to the length limit 20
INFO: [SYN 201-210] Renamed object name 'CNN_resampled_L2_1_V' to 'CNN_resampled_L2_IfE' due to the length limit 20
INFO: [SYN 201-210] Renamed object name 'CNN_resampled_L2_2_V' to 'CNN_resampled_L2_JfO' due to the length limit 20
INFO: [RTGEN 206-100] Finished creating RTL model for 'CNN'.
INFO: [HLS 200-111]  Elapsed time: 14.587 seconds; current allocated memory: 352.722 MB.
INFO: [RTMG 210-288] Generating pipelined multiplexer : 'CNN_mux_144_25_2_1'
INFO: [RTMG 210-278] Implementing memory 'CNN_mean_removed_fYi_memcore_ram (RAM)' using distributed RAMs.
INFO: [RTMG 210-278] Implementing memory 'CNN_padded_0_V_memcore_ram (RAM)' using block RAMs.
INFO: [RTMG 210-278] Implementing memory 'CNN_padded_1_V_memcore_ram (RAM)' using block RAMs.
INFO: [RTMG 210-278] Implementing memory 'CNN_resampled_0_0_V_memcore_ram (RAM)' using block RAMs.
INFO: [RTMG 210-278] Implementing memory 'CNN_conv_0_V_memcore_ram (RAM)' using block RAMs.
INFO: [RTMG 210-278] Implementing memory 'CNN_batchnorm_0_V_memcore_ram (RAM)' using block RAMs.
INFO: [RTMG 210-278] Implementing memory 'CNN_ReLU_0_V_memcore_ram (RAM)' using block RAMs.
INFO: [RTMG 210-278] Implementing memory 'CNN_maxpool_0_V_memcore_ram (RAM)' using distributed RAMs.
INFO: [RTMG 210-278] Implementing memory 'CNN_padded_L2_0_V_memcore_ram (RAM)' using block RAMs.
INFO: [RTMG 210-278] Implementing memory 'CNN_padded_L2_1_V_memcore_ram (RAM)' using block RAMs.
INFO: [RTMG 210-278] Implementing memory 'CNN_resampled_L2_Hfu_memcore_ram (RAM)' using block RAMs.
INFO: [HLS 200-111] Finished generating all RTL models Time (s): cpu = 00:01:11 ; elapsed = 00:02:12 . Memory (MB): peak = 501.355 ; gain = 445.422
INFO: [SYSC 207-301] Generating SystemC RTL for CNN.
INFO: [VHDL 208-304] Generating VHDL RTL for CNN.
INFO: [VLOG 209-307] Generating Verilog RTL for CNN.
INFO: [HLS 200-112] Total elapsed time: 132.627 seconds; peak allocated memory: 352.722 MB.
==============================================================
File generated by Vivado(TM) HLS - High-Level Synthesis from C, C++ and SystemC
Version: 2018.2
Copyright (C) 1986-2018 Xilinx, Inc. All Rights Reserved.

==============================================================

INFO: [SYN 201-201] Setting up clock 'default' with a period of 5ns.
INFO: [HLS 200-10] Setting target device to 'xc7k325tffg676-2'
INFO: [IMPL 213-8] Exporting RTL as a Vivado IP.
