

================================================================
== Vivado HLS Report for 'batch_norm'
================================================================
* Date:           Tue Dec  3 11:06:21 2019

* Version:        2018.2 (Build 2258646 on Thu Jun 14 20:25:20 MDT 2018)
* Project:        final
* Solution:       just_dataflow
* Product family: kintex7
* Target device:  xc7k325tffg676-2


================================================================
== Performance Estimates
================================================================
+ Timing (ns): 
    * Summary: 
    +--------+-------+----------+------------+
    |  Clock | Target| Estimated| Uncertainty|
    +--------+-------+----------+------------+
    |ap_clk  |   5.00|     3.619|        0.63|
    +--------+-------+----------+------------+

+ Latency (clock cycles): 
    * Summary: 
    +------+------+------+------+---------+
    |   Latency   |   Interval  | Pipeline|
    |  min |  max |  min |  max |   Type  |
    +------+------+------+------+---------+
    |  3977|  3977|  3977|  3977|   none  |
    +------+------+------+------+---------+

    + Detail: 
        * Instance: 
        N/A

        * Loop: 
        +----------+------+------+----------+-----------+-----------+------+----------+
        |          |   Latency   | Iteration|  Initiation Interval  | Trip |          |
        | Loop Name|  min |  max |  Latency |  achieved |   target  | Count| Pipelined|
        +----------+------+------+----------+-----------+-----------+------+----------+
        |- row     |  3976|  3976|       142|          -|          -|    28|    no    |
        | + col    |   140|   140|         5|          -|          -|    28|    no    |
        +----------+------+------+----------+-----------+-----------+------+----------+



================================================================
== Utilization Estimates
================================================================
* Summary: 
+-----------------+---------+-------+--------+--------+
|       Name      | BRAM_18K| DSP48E|   FF   |   LUT  |
+-----------------+---------+-------+--------+--------+
|DSP              |        -|      1|       -|       -|
|Expression       |        -|      -|       0|      90|
|FIFO             |        -|      -|       -|       -|
|Instance         |        -|      -|       -|       -|
|Memory           |        -|      -|       -|       -|
|Multiplexer      |        -|      -|       -|      78|
|Register         |        -|      -|     221|       -|
+-----------------+---------+-------+--------+--------+
|Total            |        0|      1|     221|     168|
+-----------------+---------+-------+--------+--------+
|Available        |      890|    840|  407600|  203800|
+-----------------+---------+-------+--------+--------+
|Utilization (%)  |        0|   ~0  |   ~0   |   ~0   |
+-----------------+---------+-------+--------+--------+

+ Detail: 
    * Instance: 
    N/A

    * DSP48: 
    +--------------------------+----------------------+--------------+
    |         Instance         |        Module        |  Expression  |
    +--------------------------+----------------------+--------------+
    |CNN_mac_muladd_25dEe_U22  |CNN_mac_muladd_25dEe  | i0 * i1 + i2 |
    +--------------------------+----------------------+--------------+

    * Memory: 
    N/A

    * FIFO: 
    N/A

    * Expression: 
    +--------------------+----------+-------+---+----+------------+------------+
    |    Variable Name   | Operation| DSP48E| FF| LUT| Bitwidth P0| Bitwidth P1|
    +--------------------+----------+-------+---+----+------------+------------+
    |j_fu_140_p2         |     +    |      0|  0|  15|           5|           1|
    |k_fu_182_p2         |     +    |      0|  0|  15|           5|           1|
    |tmp_81_fu_192_p2    |     +    |      0|  0|  18|          11|          11|
    |tmp_80_fu_170_p2    |     -    |      0|  0|  18|          11|          11|
    |tmp_91_i_fu_176_p2  |   icmp   |      0|  0|  11|           5|           4|
    |tmp_i_fu_134_p2     |   icmp   |      0|  0|  11|           5|           4|
    |ap_block_state1     |    or    |      0|  0|   2|           1|           1|
    +--------------------+----------+-------+---+----+------------+------------+
    |Total               |          |      0|  0|  90|          43|          33|
    +--------------------+----------+-------+---+----+------------+------------+

    * Multiplexer: 
    +-------------+----+-----------+-----+-----------+
    |     Name    | LUT| Input Size| Bits| Total Bits|
    +-------------+----+-----------+-----+-----------+
    |A_V_blk_n    |   9|          2|    1|          2|
    |B_V_blk_n    |   9|          2|    1|          2|
    |ap_NS_fsm    |  33|          8|    1|          8|
    |ap_done      |   9|          2|    1|          2|
    |j_i_reg_96   |   9|          2|    5|         10|
    |k_i_reg_107  |   9|          2|    5|         10|
    +-------------+----+-----------+-----+-----------+
    |Total        |  78|         18|   14|         34|
    +-------------+----+-----------+-----+-----------+

    * Register: 
    +-------------------------+----+----+-----+-----------+
    |           Name          | FF | LUT| Bits| Const Bits|
    +-------------------------+----+----+-----+-----------+
    |OP2_V_i_reg_219          |  37|   0|   37|          0|
    |ap_CS_fsm                |   7|   0|    7|          0|
    |ap_done_reg              |   1|   0|    1|          0|
    |in_image_V_load_reg_260  |  25|   0|   25|          0|
    |j_i_reg_96               |   5|   0|    5|          0|
    |j_reg_232                |   5|   0|    5|          0|
    |k_i_reg_107              |   5|   0|    5|          0|
    |k_reg_245                |   5|   0|    5|          0|
    |p_Val2_i_54_reg_270      |  37|   0|   37|          0|
    |tmp_80_reg_237           |   9|   0|   11|          2|
    |tmp_94_cast_i_reg_224    |  21|   0|   37|         16|
    |tmp_99_cast_reg_250      |  64|   0|   64|          0|
    +-------------------------+----+----+-----+-----------+
    |Total                    | 221|   0|  239|         18|
    +-------------------------+----+----+-----+-----------+



================================================================
== Interface
================================================================
* Summary: 
+----------------------+-----+-----+------------+--------------+--------------+
|       RTL Ports      | Dir | Bits|  Protocol  | Source Object|    C Type    |
+----------------------+-----+-----+------------+--------------+--------------+
|ap_clk                |  in |    1| ap_ctrl_hs |  batch_norm  | return value |
|ap_rst                |  in |    1| ap_ctrl_hs |  batch_norm  | return value |
|ap_start              |  in |    1| ap_ctrl_hs |  batch_norm  | return value |
|ap_done               | out |    1| ap_ctrl_hs |  batch_norm  | return value |
|ap_continue           |  in |    1| ap_ctrl_hs |  batch_norm  | return value |
|ap_idle               | out |    1| ap_ctrl_hs |  batch_norm  | return value |
|ap_ready              | out |    1| ap_ctrl_hs |  batch_norm  | return value |
|in_image_V_address0   | out |   10|  ap_memory |  in_image_V  |     array    |
|in_image_V_ce0        | out |    1|  ap_memory |  in_image_V  |     array    |
|in_image_V_q0         |  in |   25|  ap_memory |  in_image_V  |     array    |
|A_V_dout              |  in |   18|   ap_fifo  |      A_V     |    pointer   |
|A_V_empty_n           |  in |    1|   ap_fifo  |      A_V     |    pointer   |
|A_V_read              | out |    1|   ap_fifo  |      A_V     |    pointer   |
|B_V_dout              |  in |   18|   ap_fifo  |      B_V     |    pointer   |
|B_V_empty_n           |  in |    1|   ap_fifo  |      B_V     |    pointer   |
|B_V_read              | out |    1|   ap_fifo  |      B_V     |    pointer   |
|out_image_V_address0  | out |   10|  ap_memory |  out_image_V |     array    |
|out_image_V_ce0       | out |    1|  ap_memory |  out_image_V |     array    |
|out_image_V_we0       | out |    1|  ap_memory |  out_image_V |     array    |
|out_image_V_d0        | out |   48|  ap_memory |  out_image_V |     array    |
+----------------------+-----+-----+------------+--------------+--------------+

