

================================================================
== Vivado HLS Report for 'conv2d_3x3_4chan_rev'
================================================================
* Date:           Tue Dec  3 11:06:23 2019

* Version:        2018.2 (Build 2258646 on Thu Jun 14 20:25:20 MDT 2018)
* Project:        final
* Solution:       just_dataflow
* Product family: kintex7
* Target device:  xc7k325tffg676-2


================================================================
== Performance Estimates
================================================================
+ Timing (ns): 
    * Summary: 
    +--------+-------+----------+------------+
    |  Clock | Target| Estimated| Uncertainty|
    +--------+-------+----------+------------+
    |ap_clk  |   5.00|     4.950|        0.63|
    +--------+-------+----------+------------+

+ Latency (clock cycles): 
    * Summary: 
    +-------+-------+-------+-------+---------+
    |    Latency    |    Interval   | Pipeline|
    |  min  |  max  |  min  |  max  |   Type  |
    +-------+-------+-------+-------+---------+
    |  57353|  66569|  57353|  66569|   none  |
    +-------+-------+-------+-------+---------+

    + Detail: 
        * Instance: 
        N/A

        * Loop: 
        +----------+-------+-------+---------------+-----------+-----------+------+----------+
        |          |    Latency    |   Iteration   |  Initiation Interval  | Trip |          |
        | Loop Name|  min  |  max  |    Latency    |  achieved |   target  | Count| Pipelined|
        +----------+-------+-------+---------------+-----------+-----------+------+----------+
        |- L1      |  57352|  66568| 14338 ~ 16642 |          -|          -|     4|    no    |
        | + L2     |  14336|  16640|    56 ~ 65    |          -|          -|   256|    no    |
        |  ++ L3   |     54|     63|     6 ~ 7     |          -|          -|     9|    no    |
        +----------+-------+-------+---------------+-----------+-----------+------+----------+



================================================================
== Utilization Estimates
================================================================
* Summary: 
+-----------------+---------+-------+--------+--------+
|       Name      | BRAM_18K| DSP48E|   FF   |   LUT  |
+-----------------+---------+-------+--------+--------+
|DSP              |        -|      1|       -|       -|
|Expression       |        -|      -|       0|     558|
|FIFO             |        -|      -|       -|       -|
|Instance         |        -|      -|       -|       -|
|Memory           |        -|      -|       -|       -|
|Multiplexer      |        -|      -|       -|     162|
|Register         |        -|      -|     549|       -|
+-----------------+---------+-------+--------+--------+
|Total            |        0|      1|     549|     720|
+-----------------+---------+-------+--------+--------+
|Available        |      890|    840|  407600|  203800|
+-----------------+---------+-------+--------+--------+
|Utilization (%)  |        0|   ~0  |   ~0   |   ~0   |
+-----------------+---------+-------+--------+--------+

+ Detail: 
    * Instance: 
    N/A

    * DSP48: 
    +--------------------------+----------------------+-----------+
    |         Instance         |        Module        | Expression|
    +--------------------------+----------------------+-----------+
    |CNN_mul_mul_25s_1fYi_U38  |CNN_mul_mul_25s_1fYi  |  i0 * i1  |
    +--------------------------+----------------------+-----------+

    * Memory: 
    N/A

    * FIFO: 
    N/A

    * Expression: 
    +--------------------+----------+-------+---+----+------------+------------+
    |    Variable Name   | Operation| DSP48E| FF| LUT| Bitwidth P0| Bitwidth P1|
    +--------------------+----------+-------+---+----+------------+------------+
    |acc_V_fu_425_p2     |     +    |      0|  0|  55|          48|          48|
    |i_8_fu_338_p2       |     +    |      0|  0|  16|           9|           1|
    |j_7_fu_354_p2       |     +    |      0|  0|  13|           4|           1|
    |k_5_fu_265_p2       |     +    |      0|  0|  12|           3|           1|
    |next_mul_fu_370_p2  |     +    |      0|  0|  18|          11|           8|
    |p_Val2_2_fu_494_p2  |     +    |      0|  0|  57|          50|          50|
    |tmp_68_fu_292_p2    |     +    |      0|  0|  15|           7|           7|
    |tmp_72_fu_376_p2    |     +    |      0|  0|  18|          11|          11|
    |tmp_73_fu_386_p2    |     +    |      0|  0|  15|           7|           7|
    |tmp_74_fu_439_p2    |     +    |      0|  0|  41|          34|          34|
    |tmp_76_fu_474_p2    |     +    |      0|  0|  11|          11|          11|
    |x_2_fu_523_p2       |     +    |      0|  0|  39|           1|          32|
    |y_2_fu_511_p2       |     +    |      0|  0|  39|           1|          32|
    |tmp_71_fu_322_p2    |     -    |      0|  0|  15|           8|           8|
    |tmp_75_fu_468_p2    |     -    |      0|  0|  11|          11|          11|
    |tmp_46_fu_332_p2    |   icmp   |      0|  0|  13|           9|          10|
    |tmp_48_fu_348_p2    |   icmp   |      0|  0|   9|           4|           4|
    |tmp_49_fu_360_p2    |   icmp   |      0|  0|   9|           4|           1|
    |tmp_52_fu_396_p2    |   icmp   |      0|  0|  11|           4|           5|
    |tmp_57_fu_517_p2    |   icmp   |      0|  0|  18|          32|           4|
    |tmp_fu_259_p2       |   icmp   |      0|  0|   9|           3|           4|
    |ap_block_state1     |    or    |      0|  0|   2|           1|           1|
    |p_Val2_s_fu_411_p3  |  select  |      0|  0|  48|           1|           1|
    |p_s_fu_538_p3       |  select  |      0|  0|  32|           1|           1|
    |p_x_1_fu_529_p3     |  select  |      0|  0|  32|           1|          32|
    +--------------------+----------+-------+---+----+------------+------------+
    |Total               |          |      0|  0| 558|         276|         325|
    +--------------------+----------+-------+---+----+------------+------------+

    * Multiplexer: 
    +---------------------------------+----+-----------+-----+-----------+
    |               Name              | LUT| Input Size| Bits| Total Bits|
    +---------------------------------+----+-----------+-----+-----------+
    |ap_NS_fsm                        |  45|         11|    1|         11|
    |ap_done                          |   9|          2|    1|          2|
    |ap_phi_mux_x_1_be_phi_fu_239_p4  |   9|          2|   32|         64|
    |ap_phi_mux_y_1_be_phi_fu_251_p4  |   9|          2|   32|         64|
    |i_reg_154                        |   9|          2|    9|         18|
    |j_reg_189                        |   9|          2|    4|          8|
    |k_reg_143                        |   9|          2|    3|          6|
    |phi_mul_reg_224                  |   9|          2|   11|         22|
    |x_1_be_reg_235                   |   9|          2|   32|         64|
    |x_1_reg_200                      |   9|          2|   32|         64|
    |x_reg_165                        |   9|          2|   32|         64|
    |y_1_be_reg_247                   |   9|          2|   32|         64|
    |y_1_reg_212                      |   9|          2|   32|         64|
    |y_reg_177                        |   9|          2|   32|         64|
    +---------------------------------+----+-----------+-----+-----------+
    |Total                            | 162|         37|  285|        579|
    +---------------------------------+----+-----------+-----+-----------+

    * Register: 
    +-------------------------+----+----+-----+-----------+
    |           Name          | FF | LUT| Bits| Const Bits|
    +-------------------------+----+----+-----+-----------+
    |acc_V_reg_656            |  48|   0|   48|          0|
    |ap_CS_fsm                |  10|   0|   10|          0|
    |ap_done_reg              |   1|   0|    1|          0|
    |bias_V_addr_reg_581      |   2|   0|    2|          0|
    |i_8_reg_589              |   9|   0|    9|          0|
    |i_reg_154                |   9|   0|    9|          0|
    |in_image_V_load_reg_636  |  25|   0|   25|          0|
    |j_7_reg_602              |   4|   0|    4|          0|
    |j_reg_189                |   4|   0|    4|          0|
    |k_5_reg_566              |   3|   0|    3|          0|
    |k_reg_143                |   3|   0|    3|          0|
    |kernel_V_load_reg_631    |  18|   0|   18|          0|
    |next_mul_reg_612         |  11|   0|   11|          0|
    |p_Val2_10_fu_88          |  48|   0|   48|          0|
    |p_Val2_13_reg_667        |  48|   0|   48|          0|
    |p_Val2_9_reg_651         |  41|   0|   41|          0|
    |phi_mul_reg_224          |  11|   0|   11|          0|
    |tmp_47_cast_reg_594      |   9|   0|   11|          2|
    |tmp_49_reg_607           |   1|   0|    1|          0|
    |tmp_52_reg_627           |   1|   0|    1|          0|
    |tmp_68_reg_571           |   7|   0|    7|          0|
    |tmp_76_reg_662           |  11|   0|   11|          0|
    |tmp_81_cast_reg_576      |  33|   0|   34|          1|
    |x_1_be_reg_235           |  32|   0|   32|          0|
    |x_1_reg_200              |  32|   0|   32|          0|
    |x_reg_165                |  32|   0|   32|          0|
    |y_1_be_reg_247           |  32|   0|   32|          0|
    |y_1_reg_212              |  32|   0|   32|          0|
    |y_reg_177                |  32|   0|   32|          0|
    +-------------------------+----+----+-----+-----------+
    |Total                    | 549|   0|  552|          3|
    +-------------------------+----+----+-----+-----------+



================================================================
== Interface
================================================================
* Summary: 
+----------------------+-----+-----+------------+----------------------+--------------+
|       RTL Ports      | Dir | Bits|  Protocol  |     Source Object    |    C Type    |
+----------------------+-----+-----+------------+----------------------+--------------+
|ap_clk                |  in |    1| ap_ctrl_hs | conv2d_3x3_4chan_rev | return value |
|ap_rst                |  in |    1| ap_ctrl_hs | conv2d_3x3_4chan_rev | return value |
|ap_start              |  in |    1| ap_ctrl_hs | conv2d_3x3_4chan_rev | return value |
|ap_done               | out |    1| ap_ctrl_hs | conv2d_3x3_4chan_rev | return value |
|ap_continue           |  in |    1| ap_ctrl_hs | conv2d_3x3_4chan_rev | return value |
|ap_idle               | out |    1| ap_ctrl_hs | conv2d_3x3_4chan_rev | return value |
|ap_ready              | out |    1| ap_ctrl_hs | conv2d_3x3_4chan_rev | return value |
|in_image_V_address0   | out |   11|  ap_memory |      in_image_V      |     array    |
|in_image_V_ce0        | out |    1|  ap_memory |      in_image_V      |     array    |
|in_image_V_q0         |  in |   25|  ap_memory |      in_image_V      |     array    |
|kernel_V_address0     | out |    6|  ap_memory |       kernel_V       |     array    |
|kernel_V_ce0          | out |    1|  ap_memory |       kernel_V       |     array    |
|kernel_V_q0           |  in |   18|  ap_memory |       kernel_V       |     array    |
|bias_V_address0       | out |    2|  ap_memory |        bias_V        |     array    |
|bias_V_ce0            | out |    1|  ap_memory |        bias_V        |     array    |
|bias_V_q0             |  in |   48|  ap_memory |        bias_V        |     array    |
|out_image_V_address0  | out |   10|  ap_memory |      out_image_V     |     array    |
|out_image_V_ce0       | out |    1|  ap_memory |      out_image_V     |     array    |
|out_image_V_we0       | out |    1|  ap_memory |      out_image_V     |     array    |
|out_image_V_d0        | out |   48|  ap_memory |      out_image_V     |     array    |
+----------------------+-----+-----+------------+----------------------+--------------+

