

================================================================
== Vivado HLS Report for 'pad_for_conv2'
================================================================
* Date:           Tue Dec  3 11:06:23 2019

* Version:        2018.2 (Build 2258646 on Thu Jun 14 20:25:20 MDT 2018)
* Project:        final
* Solution:       just_dataflow
* Product family: kintex7
* Target device:  xc7k325tffg676-2


================================================================
== Performance Estimates
================================================================
+ Timing (ns): 
    * Summary: 
    +--------+-------+----------+------------+
    |  Clock | Target| Estimated| Uncertainty|
    +--------+-------+----------+------------+
    |ap_clk  |   5.00|     3.622|        0.63|
    +--------+-------+----------+------------+

+ Latency (clock cycles): 
    * Summary: 
    +-----+-----+-----+-----+---------+
    |  Latency  |  Interval | Pipeline|
    | min | max | min | max |   Type  |
    +-----+-----+-----+-----+---------+
    |  650|  650|  650|  650|   none  |
    +-----+-----+-----+-----+---------+

    + Detail: 
        * Instance: 
        N/A

        * Loop: 
        +------------+-----+-----+----------+-----------+-----------+------+----------+
        |            |  Latency  | Iteration|  Initiation Interval  | Trip |          |
        |  Loop Name | min | max |  Latency |  achieved |   target  | Count| Pipelined|
        +------------+-----+-----+----------+-----------+-----------+------+----------+
        |- fillzero  |   32|   32|         2|          -|          -|    16|    no    |
        |- row       |  616|  616|        44|          -|          -|    14|    no    |
        | + col      |   42|   42|         3|          -|          -|    14|    no    |
        +------------+-----+-----+----------+-----------+-----------+------+----------+



================================================================
== Utilization Estimates
================================================================
* Summary: 
+-----------------+---------+-------+--------+--------+
|       Name      | BRAM_18K| DSP48E|   FF   |   LUT  |
+-----------------+---------+-------+--------+--------+
|DSP              |        -|      -|       -|       -|
|Expression       |        -|      -|       0|     119|
|FIFO             |        -|      -|       -|       -|
|Instance         |        -|      -|       -|       -|
|Memory           |        -|      -|       -|       -|
|Multiplexer      |        -|      -|       -|     112|
|Register         |        -|      -|      72|       -|
+-----------------+---------+-------+--------+--------+
|Total            |        0|      0|      72|     231|
+-----------------+---------+-------+--------+--------+
|Available        |      890|    840|  407600|  203800|
+-----------------+---------+-------+--------+--------+
|Utilization (%)  |        0|      0|   ~0   |   ~0   |
+-----------------+---------+-------+--------+--------+

+ Detail: 
    * Instance: 
    N/A

    * DSP48: 
    N/A

    * Memory: 
    N/A

    * FIFO: 
    N/A

    * Expression: 
    +------------------+----------+-------+---+----+------------+------------+
    |   Variable Name  | Operation| DSP48E| FF| LUT| Bitwidth P0| Bitwidth P1|
    +------------------+----------+-------+---+----+------------+------------+
    |i_3_fu_156_p2     |     +    |      0|  0|  15|           5|           1|
    |i_4_fu_215_p2     |     +    |      0|  0|  13|           4|           1|
    |j_4_fu_257_p2     |     +    |      0|  0|  13|           4|           1|
    |tmp_41_fu_267_p2  |     +    |      0|  0|  16|           9|           9|
    |tmp_38_fu_245_p2  |     -    |      0|  0|  16|           9|           9|
    |tmp_24_fu_209_p2  |   icmp   |      0|  0|   9|           4|           3|
    |tmp_26_fu_251_p2  |   icmp   |      0|  0|   9|           4|           3|
    |tmp_fu_150_p2     |   icmp   |      0|  0|  11|           5|           6|
    |ap_block_state1   |    or    |      0|  0|   2|           1|           1|
    |tmp_34_fu_195_p2  |    or    |      0|  0|   9|           9|           4|
    |tmp_33_fu_180_p2  |    xor   |      0|  0|   6|           5|           6|
    +------------------+----------+-------+---+----+------------+------------+
    |Total             |          |      0|  0| 119|          59|          44|
    +------------------+----------+-------+---+----+------------+------------+

    * Multiplexer: 
    +----------------------+----+-----------+-----+-----------+
    |         Name         | LUT| Input Size| Bits| Total Bits|
    +----------------------+----+-----------+-----+-----------+
    |ap_NS_fsm             |  33|          8|    1|          8|
    |ap_done               |   9|          2|    1|          2|
    |i_1_reg_128           |   9|          2|    4|          8|
    |i_reg_116             |   9|          2|    5|         10|
    |j_reg_139             |   9|          2|    4|          8|
    |out_image_V_address0  |  17|          4|    8|         32|
    |out_image_V_address1  |  13|          3|    8|         24|
    |out_image_V_d0        |  13|          3|   25|         75|
    +----------------------+----+-----------+-----+-----------+
    |Total                 | 112|         26|   56|        167|
    +----------------------+----+-----------+-----+-----------+

    * Register: 
    +-------------------------+----+----+-----+-----------+
    |           Name          | FF | LUT| Bits| Const Bits|
    +-------------------------+----+----+-----+-----------+
    |ap_CS_fsm                |   7|   0|    7|          0|
    |ap_done_reg              |   1|   0|    1|          0|
    |i_1_reg_128              |   4|   0|    4|          0|
    |i_3_reg_291              |   5|   0|    5|          0|
    |i_4_reg_304              |   4|   0|    4|          0|
    |i_reg_116                |   5|   0|    5|          0|
    |in_image_V_load_reg_329  |  25|   0|   25|          0|
    |j_4_reg_318              |   4|   0|    4|          0|
    |j_reg_139                |   4|   0|    4|          0|
    |tmp_31_reg_296           |   5|   0|    9|          4|
    |tmp_38_reg_310           |   8|   0|    9|          1|
    +-------------------------+----+----+-----+-----------+
    |Total                    |  72|   0|   77|          5|
    +-------------------------+----+----+-----+-----------+



================================================================
== Interface
================================================================
* Summary: 
+----------------------+-----+-----+------------+---------------+--------------+
|       RTL Ports      | Dir | Bits|  Protocol  | Source Object |    C Type    |
+----------------------+-----+-----+------------+---------------+--------------+
|ap_clk                |  in |    1| ap_ctrl_hs | pad_for_conv2 | return value |
|ap_rst                |  in |    1| ap_ctrl_hs | pad_for_conv2 | return value |
|ap_start              |  in |    1| ap_ctrl_hs | pad_for_conv2 | return value |
|ap_done               | out |    1| ap_ctrl_hs | pad_for_conv2 | return value |
|ap_continue           |  in |    1| ap_ctrl_hs | pad_for_conv2 | return value |
|ap_idle               | out |    1| ap_ctrl_hs | pad_for_conv2 | return value |
|ap_ready              | out |    1| ap_ctrl_hs | pad_for_conv2 | return value |
|in_image_V_address0   | out |    8|  ap_memory |   in_image_V  |     array    |
|in_image_V_ce0        | out |    1|  ap_memory |   in_image_V  |     array    |
|in_image_V_q0         |  in |   25|  ap_memory |   in_image_V  |     array    |
|out_image_V_address0  | out |    8|  ap_memory |  out_image_V  |     array    |
|out_image_V_ce0       | out |    1|  ap_memory |  out_image_V  |     array    |
|out_image_V_we0       | out |    1|  ap_memory |  out_image_V  |     array    |
|out_image_V_d0        | out |   25|  ap_memory |  out_image_V  |     array    |
|out_image_V_address1  | out |    8|  ap_memory |  out_image_V  |     array    |
|out_image_V_ce1       | out |    1|  ap_memory |  out_image_V  |     array    |
|out_image_V_we1       | out |    1|  ap_memory |  out_image_V  |     array    |
|out_image_V_d1        | out |   25|  ap_memory |  out_image_V  |     array    |
+----------------------+-----+-----+------------+---------------+--------------+

