

================================================================
== Vivado HLS Report for 'resample_for_conv2'
================================================================
* Date:           Tue Dec  3 11:06:23 2019

* Version:        2018.2 (Build 2258646 on Thu Jun 14 20:25:20 MDT 2018)
* Project:        final
* Solution:       just_dataflow
* Product family: kintex7
* Target device:  xc7k325tffg676-2


================================================================
== Performance Estimates
================================================================
+ Timing (ns): 
    * Summary: 
    +--------+-------+----------+------------+
    |  Clock | Target| Estimated| Uncertainty|
    +--------+-------+----------+------------+
    |ap_clk  |   5.00|     3.285|        0.63|
    +--------+-------+----------+------------+

+ Latency (clock cycles): 
    * Summary: 
    +------+------+------+------+---------+
    |   Latency   |   Interval  | Pipeline|
    |  min |  max |  min |  max |   Type  |
    +------+------+------+------+---------+
    |  6889|  6889|  6889|  6889|   none  |
    +------+------+------+------+---------+

    + Detail: 
        * Instance: 
        N/A

        * Loop: 
        +----------------+------+------+----------+-----------+-----------+------+----------+
        |                |   Latency   | Iteration|  Initiation Interval  | Trip |          |
        |    Loop Name   |  min |  max |  Latency |  achieved |   target  | Count| Pipelined|
        +----------------+------+------+----------+-----------+-----------+------+----------+
        |- row           |  6888|  6888|       492|          -|          -|    14|    no    |
        | + col          |   490|   490|        35|          -|          -|    14|    no    |
        |  ++ window1    |    33|    33|        11|          -|          -|     3|    no    |
        |   +++ window2  |     9|     9|         3|          -|          -|     3|    no    |
        +----------------+------+------+----------+-----------+-----------+------+----------+



================================================================
== Utilization Estimates
================================================================
* Summary: 
+-----------------+---------+-------+--------+--------+
|       Name      | BRAM_18K| DSP48E|   FF   |   LUT  |
+-----------------+---------+-------+--------+--------+
|DSP              |        -|      1|       -|       -|
|Expression       |        -|      -|       0|     164|
|FIFO             |        -|      -|       -|       -|
|Instance         |        -|      -|       -|       -|
|Memory           |        -|      -|       -|       -|
|Multiplexer      |        -|      -|       -|     114|
|Register         |        -|      -|     120|       -|
+-----------------+---------+-------+--------+--------+
|Total            |        0|      1|     120|     278|
+-----------------+---------+-------+--------+--------+
|Available        |      890|    840|  407600|  203800|
+-----------------+---------+-------+--------+--------+
|Utilization (%)  |        0|   ~0  |   ~0   |   ~0   |
+-----------------+---------+-------+--------+--------+

+ Detail: 
    * Instance: 
    N/A

    * DSP48: 
    +--------------------------+----------------------+--------------+
    |         Instance         |        Module        |  Expression  |
    +--------------------------+----------------------+--------------+
    |CNN_mac_muladd_4neOg_U34  |CNN_mac_muladd_4neOg  | i0 * i1 + i2 |
    +--------------------------+----------------------+--------------+

    * Memory: 
    N/A

    * FIFO: 
    N/A

    * Expression: 
    +------------------+----------+-------+---+----+------------+------------+
    |   Variable Name  | Operation| DSP48E| FF| LUT| Bitwidth P0| Bitwidth P1|
    +------------------+----------+-------+---+----+------------+------------+
    |i_1_fu_173_p2     |     +    |      0|  0|  13|           4|           1|
    |j_1_fu_191_p2     |     +    |      0|  0|  13|           4|           1|
    |k_2_fu_217_p2     |     +    |      0|  0|  13|           4|           2|
    |l_2_fu_179_p2     |     +    |      0|  0|  15|           8|           4|
    |m_1_fu_211_p2     |     +    |      0|  0|  10|           2|           1|
    |n_1_fu_245_p2     |     +    |      0|  0|  10|           2|           1|
    |tmp_10_fu_273_p2  |     +    |      0|  0|  13|           4|           1|
    |tmp_3_fu_229_p2   |     +    |      0|  0|  15|           8|           1|
    |tmp_4_fu_223_p2   |     +    |      0|  0|  13|           4|           4|
    |tmp_8_fu_255_p2   |     +    |      0|  0|  13|           4|           4|
    |tmp_2_fu_205_p2   |   icmp   |      0|  0|   8|           2|           2|
    |tmp_6_fu_239_p2   |   icmp   |      0|  0|   8|           2|           2|
    |tmp_fu_167_p2     |   icmp   |      0|  0|   9|           4|           3|
    |tmp_s_fu_185_p2   |   icmp   |      0|  0|   9|           4|           3|
    |ap_block_state1   |    or    |      0|  0|   2|           1|           1|
    +------------------+----------+-------+---+----+------------+------------+
    |Total             |          |      0|  0| 164|          57|          31|
    +------------------+----------+-------+---+----+------------+------------+

    * Multiplexer: 
    +-------------+----+-----------+-----+-----------+
    |     Name    | LUT| Input Size| Bits| Total Bits|
    +-------------+----+-----------+-----+-----------+
    |ap_NS_fsm    |  33|          8|    1|          8|
    |ap_done      |   9|          2|    1|          2|
    |i_reg_76     |   9|          2|    4|          8|
    |j_reg_100    |   9|          2|    4|          8|
    |k_1_reg_146  |   9|          2|    4|          8|
    |k_reg_123    |   9|          2|    4|          8|
    |l_1_reg_112  |   9|          2|    8|         16|
    |l_reg_88     |   9|          2|    8|         16|
    |m_reg_135    |   9|          2|    2|          4|
    |n_reg_156    |   9|          2|    2|          4|
    +-------------+----+-----------+-----+-----------+
    |Total        | 114|         26|   38|         82|
    +-------------+----+-----------+-----+-----------+

    * Register: 
    +-----------------------------+----+----+-----+-----------+
    |             Name            | FF | LUT| Bits| Const Bits|
    +-----------------------------+----+----+-----+-----------+
    |ap_CS_fsm                    |   7|   0|    7|          0|
    |ap_done_reg                  |   1|   0|    1|          0|
    |i_1_reg_293                  |   4|   0|    4|          0|
    |i_reg_76                     |   4|   0|    4|          0|
    |j_1_reg_306                  |   4|   0|    4|          0|
    |j_reg_100                    |   4|   0|    4|          0|
    |k_1_reg_146                  |   4|   0|    4|          0|
    |k_2_reg_324                  |   4|   0|    4|          0|
    |k_reg_123                    |   4|   0|    4|          0|
    |l_1_reg_112                  |   8|   0|    8|          0|
    |l_2_reg_298                  |   8|   0|    8|          0|
    |l_reg_88                     |   8|   0|    8|          0|
    |m_1_reg_319                  |   2|   0|    2|          0|
    |m_reg_135                    |   2|   0|    2|          0|
    |n_1_reg_342                  |   2|   0|    2|          0|
    |n_reg_156                    |   2|   0|    2|          0|
    |square_image_V_load_reg_367  |  25|   0|   25|          0|
    |tmp_10_reg_357               |   4|   0|    4|          0|
    |tmp_11_reg_362               |  11|   0|   11|          0|
    |tmp_1_cast_reg_311           |   8|   0|   11|          3|
    |tmp_4_reg_329                |   4|   0|    4|          0|
    +-----------------------------+----+----+-----+-----------+
    |Total                        | 120|   0|  123|          3|
    +-----------------------------+----+----+-----+-----------+



================================================================
== Interface
================================================================
* Summary: 
+-------------------------+-----+-----+------------+--------------------+--------------+
|        RTL Ports        | Dir | Bits|  Protocol  |    Source Object   |    C Type    |
+-------------------------+-----+-----+------------+--------------------+--------------+
|ap_clk                   |  in |    1| ap_ctrl_hs | resample_for_conv2 | return value |
|ap_rst                   |  in |    1| ap_ctrl_hs | resample_for_conv2 | return value |
|ap_start                 |  in |    1| ap_ctrl_hs | resample_for_conv2 | return value |
|ap_done                  | out |    1| ap_ctrl_hs | resample_for_conv2 | return value |
|ap_continue              |  in |    1| ap_ctrl_hs | resample_for_conv2 | return value |
|ap_idle                  | out |    1| ap_ctrl_hs | resample_for_conv2 | return value |
|ap_ready                 | out |    1| ap_ctrl_hs | resample_for_conv2 | return value |
|square_image_V_address0  | out |    8|  ap_memory |   square_image_V   |     array    |
|square_image_V_ce0       | out |    1|  ap_memory |   square_image_V   |     array    |
|square_image_V_q0        |  in |   25|  ap_memory |   square_image_V   |     array    |
|resampled_V_address0     | out |   11|  ap_memory |     resampled_V    |     array    |
|resampled_V_ce0          | out |    1|  ap_memory |     resampled_V    |     array    |
|resampled_V_we0          | out |    1|  ap_memory |     resampled_V    |     array    |
|resampled_V_d0           | out |   25|  ap_memory |     resampled_V    |     array    |
+-------------------------+-----+-----+------------+--------------------+--------------+

