

================================================================
== Vivado HLS Report for 'resample'
================================================================
* Date:           Tue Dec  3 11:06:21 2019

* Version:        2018.2 (Build 2258646 on Thu Jun 14 20:25:20 MDT 2018)
* Project:        final
* Solution:       just_dataflow
* Product family: kintex7
* Target device:  xc7k325tffg676-2


================================================================
== Performance Estimates
================================================================
+ Timing (ns): 
    * Summary: 
    +--------+-------+----------+------------+
    |  Clock | Target| Estimated| Uncertainty|
    +--------+-------+----------+------------+
    |ap_clk  |   5.00|     3.040|        0.63|
    +--------+-------+----------+------------+

+ Latency (clock cycles): 
    * Summary: 
    +-------+-------+-------+-------+---------+
    |    Latency    |    Interval   | Pipeline|
    |  min  |  max  |  min  |  max  |   Type  |
    +-------+-------+-------+-------+---------+
    |  34553|  34553|  34553|  34553|   none  |
    +-------+-------+-------+-------+---------+

    + Detail: 
        * Instance: 
        N/A

        * Loop: 
        +----------------+-------+-------+----------+-----------+-----------+------+----------+
        |                |    Latency    | Iteration|  Initiation Interval  | Trip |          |
        |    Loop Name   |  min  |  max  |  Latency |  achieved |   target  | Count| Pipelined|
        +----------------+-------+-------+----------+-----------+-----------+------+----------+
        |- row           |  34552|  34552|      1234|          -|          -|    28|    no    |
        | + col          |   1232|   1232|        44|          -|          -|    28|    no    |
        |  ++ window1    |     42|     42|        14|          -|          -|     3|    no    |
        |   +++ window2  |     12|     12|         4|          -|          -|     3|    no    |
        +----------------+-------+-------+----------+-----------+-----------+------+----------+



================================================================
== Utilization Estimates
================================================================
* Summary: 
+-----------------+---------+-------+--------+--------+
|       Name      | BRAM_18K| DSP48E|   FF   |   LUT  |
+-----------------+---------+-------+--------+--------+
|DSP              |        -|      1|       -|       -|
|Expression       |        -|      -|       0|     216|
|FIFO             |        -|      -|       -|       -|
|Instance         |        -|      -|       -|       -|
|Memory           |        -|      -|       -|       -|
|Multiplexer      |        -|      -|       -|     118|
|Register         |        -|      -|     145|       -|
+-----------------+---------+-------+--------+--------+
|Total            |        0|      1|     145|     334|
+-----------------+---------+-------+--------+--------+
|Available        |      890|    840|  407600|  203800|
+-----------------+---------+-------+--------+--------+
|Utilization (%)  |        0|   ~0  |   ~0   |   ~0   |
+-----------------+---------+-------+--------+--------+

+ Detail: 
    * Instance: 
    N/A

    * DSP48: 
    +--------------------------+----------------------+--------------+
    |         Instance         |        Module        |  Expression  |
    +--------------------------+----------------------+--------------+
    |CNN_mac_muladd_4nbkb_U12  |CNN_mac_muladd_4nbkb  | i0 * i1 + i2 |
    +--------------------------+----------------------+--------------+

    * Memory: 
    N/A

    * FIFO: 
    N/A

    * Expression: 
    +------------------+----------+-------+---+----+------------+------------+
    |   Variable Name  | Operation| DSP48E| FF| LUT| Bitwidth P0| Bitwidth P1|
    +------------------+----------+-------+---+----+------------+------------+
    |i_2_fu_181_p2     |     +    |      0|  0|  15|           5|           1|
    |j_2_fu_199_p2     |     +    |      0|  0|  15|           5|           1|
    |k_3_fu_225_p2     |     +    |      0|  0|  13|           4|           2|
    |l_3_fu_187_p2     |     +    |      0|  0|  17|          10|           5|
    |m_2_fu_219_p2     |     +    |      0|  0|  10|           2|           1|
    |n_2_fu_283_p2     |     +    |      0|  0|  10|           2|           1|
    |tmp_13_fu_267_p2  |     +    |      0|  0|  17|          10|           1|
    |tmp_14_fu_231_p2  |     +    |      0|  0|  15|           5|           5|
    |tmp_18_fu_293_p2  |     +    |      0|  0|  15|           5|           5|
    |tmp_20_fu_308_p2  |     +    |      0|  0|  13|           4|           1|
    |tmp_26_fu_303_p2  |     +    |      0|  0|  18|          11|          11|
    |tmp_23_fu_261_p2  |     -    |      0|  0|  18|          11|          11|
    |tmp_12_fu_213_p2  |   icmp   |      0|  0|   8|           2|           2|
    |tmp_16_fu_277_p2  |   icmp   |      0|  0|   8|           2|           2|
    |tmp_fu_175_p2     |   icmp   |      0|  0|  11|           5|           4|
    |tmp_s_fu_193_p2   |   icmp   |      0|  0|  11|           5|           4|
    |ap_block_state1   |    or    |      0|  0|   2|           1|           1|
    +------------------+----------+-------+---+----+------------+------------+
    |Total             |          |      0|  0| 216|          89|          58|
    +------------------+----------+-------+---+----+------------+------------+

    * Multiplexer: 
    +-------------+----+-----------+-----+-----------+
    |     Name    | LUT| Input Size| Bits| Total Bits|
    +-------------+----+-----------+-----+-----------+
    |ap_NS_fsm    |  37|          9|    1|          9|
    |ap_done      |   9|          2|    1|          2|
    |i_reg_84     |   9|          2|    5|         10|
    |j_reg_108    |   9|          2|    5|         10|
    |k_1_reg_154  |   9|          2|    4|          8|
    |k_reg_131    |   9|          2|    4|          8|
    |l_1_reg_120  |   9|          2|   10|         20|
    |l_reg_96     |   9|          2|   10|         20|
    |m_reg_143    |   9|          2|    2|          4|
    |n_reg_164    |   9|          2|    2|          4|
    +-------------+----+-----------+-----+-----------+
    |Total        | 118|         27|   44|         95|
    +-------------+----+-----------+-----+-----------+

    * Register: 
    +-----------------------------+----+----+-----+-----------+
    |             Name            | FF | LUT| Bits| Const Bits|
    +-----------------------------+----+----+-----+-----------+
    |ap_CS_fsm                    |   8|   0|    8|          0|
    |ap_done_reg                  |   1|   0|    1|          0|
    |i_2_reg_332                  |   5|   0|    5|          0|
    |i_reg_84                     |   5|   0|    5|          0|
    |j_2_reg_345                  |   5|   0|    5|          0|
    |j_reg_108                    |   5|   0|    5|          0|
    |k_1_reg_154                  |   4|   0|    4|          0|
    |k_3_reg_363                  |   4|   0|    4|          0|
    |k_reg_131                    |   4|   0|    4|          0|
    |l_1_reg_120                  |  10|   0|   10|          0|
    |l_3_reg_337                  |  10|   0|   10|          0|
    |l_reg_96                     |  10|   0|   10|          0|
    |m_2_reg_358                  |   2|   0|    2|          0|
    |m_reg_143                    |   2|   0|    2|          0|
    |n_2_reg_381                  |   2|   0|    2|          0|
    |n_reg_164                    |   2|   0|    2|          0|
    |square_image_V_load_reg_411  |  18|   0|   18|          0|
    |tmp_11_cast_reg_350          |  10|   0|   13|          3|
    |tmp_20_reg_396               |   4|   0|    4|          0|
    |tmp_23_reg_368               |  10|   0|   11|          1|
    |tmp_25_reg_401               |  13|   0|   13|          0|
    |tmp_26_reg_391               |  11|   0|   11|          0|
    +-----------------------------+----+----+-----+-----------+
    |Total                        | 145|   0|  149|          4|
    +-----------------------------+----+----+-----+-----------+



================================================================
== Interface
================================================================
* Summary: 
+-------------------------+-----+-----+------------+----------------+--------------+
|        RTL Ports        | Dir | Bits|  Protocol  |  Source Object |    C Type    |
+-------------------------+-----+-----+------------+----------------+--------------+
|ap_clk                   |  in |    1| ap_ctrl_hs |    resample    | return value |
|ap_rst                   |  in |    1| ap_ctrl_hs |    resample    | return value |
|ap_start                 |  in |    1| ap_ctrl_hs |    resample    | return value |
|ap_done                  | out |    1| ap_ctrl_hs |    resample    | return value |
|ap_continue              |  in |    1| ap_ctrl_hs |    resample    | return value |
|ap_idle                  | out |    1| ap_ctrl_hs |    resample    | return value |
|ap_ready                 | out |    1| ap_ctrl_hs |    resample    | return value |
|square_image_V_address0  | out |   10|  ap_memory | square_image_V |     array    |
|square_image_V_ce0       | out |    1|  ap_memory | square_image_V |     array    |
|square_image_V_q0        |  in |   18|  ap_memory | square_image_V |     array    |
|resampled_V_address0     | out |   13|  ap_memory |   resampled_V  |     array    |
|resampled_V_ce0          | out |    1|  ap_memory |   resampled_V  |     array    |
|resampled_V_we0          | out |    1|  ap_memory |   resampled_V  |     array    |
|resampled_V_d0           | out |   18|  ap_memory |   resampled_V  |     array    |
+-------------------------+-----+-----+------------+----------------+--------------+

