

================================================================
== Vivado HLS Report for 'pad_for_conv2'
================================================================
* Date:           Mon Dec  2 23:35:57 2019

* Version:        2018.2 (Build 2258646 on Thu Jun 14 20:25:20 MDT 2018)
* Project:        final
* Solution:       finished
* Product family: kintex7
* Target device:  xc7k325tffg676-2


================================================================
== Performance Estimates
================================================================
+ Timing (ns): 
    * Summary: 
    +--------+-------+----------+------------+
    |  Clock | Target| Estimated| Uncertainty|
    +--------+-------+----------+------------+
    |ap_clk  |   5.00|     2.403|        0.63|
    +--------+-------+----------+------------+

+ Latency (clock cycles): 
    * Summary: 
    +-----+-----+-----+-----+---------+
    |  Latency  |  Interval | Pipeline|
    | min | max | min | max |   Type  |
    +-----+-----+-----+-----+---------+
    |  232|  248|  232|  248|   none  |
    +-----+-----+-----+-----+---------+

    + Detail: 
        * Instance: 
        N/A

        * Loop: 
        +------------+-----+-----+----------+-----------+-----------+------+----------+
        |            |  Latency  | Iteration|  Initiation Interval  | Trip |          |
        |  Loop Name | min | max |  Latency |  achieved |   target  | Count| Pipelined|
        +------------+-----+-----+----------+-----------+-----------+------+----------+
        |- fillzero  |   32|   48|   2 ~ 3  |          -|          -|    16|    no    |
        |- row_col   |  197|  197|         3|          1|          1|   196|    yes   |
        +------------+-----+-----+----------+-----------+-----------+------+----------+



================================================================
== Utilization Estimates
================================================================
* Summary: 
+-----------------+---------+-------+--------+--------+
|       Name      | BRAM_18K| DSP48E|   FF   |   LUT  |
+-----------------+---------+-------+--------+--------+
|DSP              |        -|      -|       -|       -|
|Expression       |        -|      -|       0|      99|
|FIFO             |        -|      -|       -|       -|
|Instance         |        -|      -|       0|      17|
|Memory           |        -|      -|       -|       -|
|Multiplexer      |        -|      -|       -|     518|
|Register         |        -|      -|      67|       -|
+-----------------+---------+-------+--------+--------+
|Total            |        0|      0|      67|     634|
+-----------------+---------+-------+--------+--------+
|Available        |      890|    840|  407600|  203800|
+-----------------+---------+-------+--------+--------+
|Utilization (%)  |        0|      0|   ~0   |   ~0   |
+-----------------+---------+-------+--------+--------+

+ Detail: 
    * Instance: 
    +-------------------------+--------------------+---------+-------+---+----+
    |         Instance        |       Module       | BRAM_18K| DSP48E| FF| LUT|
    +-------------------------+--------------------+---------+-------+---+----+
    |CNN_mux_144_25_2_1_U406  |CNN_mux_144_25_2_1  |        0|      0|  0|  17|
    +-------------------------+--------------------+---------+-------+---+----+
    |Total                    |                    |        0|      0|  0|  17|
    +-------------------------+--------------------+---------+-------+---+----+

    * DSP48: 
    N/A

    * Memory: 
    N/A

    * FIFO: 
    N/A

    * Expression: 
    +--------------------------------+----------+-------+---+----+------------+------------+
    |          Variable Name         | Operation| DSP48E| FF| LUT| Bitwidth P0| Bitwidth P1|
    +--------------------------------+----------+-------+---+----+------------+------------+
    |i_1_fu_957_p2                   |     +    |      0|  0|  13|           4|           1|
    |i_2_fu_941_p2                   |     +    |      0|  0|  15|           5|           1|
    |indvar_flatten_next_fu_1003_p2  |     +    |      0|  0|  15|           8|           1|
    |j_fu_979_p2                     |     +    |      0|  0|  13|           4|           1|
    |exitcond_flatten_fu_1015_p2     |   icmp   |      0|  0|  11|           8|           7|
    |tmp_6_fu_1009_p2                |   icmp   |      0|  0|   9|           4|           3|
    |tmp_fu_935_p2                   |   icmp   |      0|  0|  11|           5|           6|
    |ap_block_state1                 |    or    |      0|  0|   2|           1|           1|
    |i_1_mid2_fu_971_p3              |  select  |      0|  0|   4|           1|           4|
    |j_mid2_fu_963_p3                |  select  |      0|  0|   4|           1|           1|
    |ap_enable_pp0                   |    xor   |      0|  0|   2|           1|           2|
    +--------------------------------+----------+-------+---+----+------------+------------+
    |Total                           |          |      0|  0|  99|          42|          28|
    +--------------------------------+----------+-------+---+----+------------+------------+

    * Multiplexer: 
    +------------------------------------------+----+-----------+-----+-----------+
    |                   Name                   | LUT| Input Size| Bits| Total Bits|
    +------------------------------------------+----+-----------+-----+-----------+
    |ap_NS_fsm                                 |  29|          7|    1|          7|
    |ap_done                                   |   9|          2|    1|          2|
    |ap_enable_reg_pp0_iter2                   |   9|          2|    1|          2|
    |ap_phi_mux_i_s_phi_fu_917_p4              |   9|          2|    4|          8|
    |ap_phi_mux_indvar_flatten2_phi_fu_928_p4  |   9|          2|    8|         16|
    |ap_phi_mux_j4_phi_fu_906_p4               |   9|          2|    4|          8|
    |ap_phi_mux_tmp_3_phi_fu_895_p4            |   9|          2|    1|          2|
    |i_reg_880                                 |   9|          2|    5|         10|
    |i_s_reg_913                               |   9|          2|    4|          8|
    |indvar_flatten2_reg_924                   |   9|          2|    8|         16|
    |j4_reg_902                                |   9|          2|    4|          8|
    |out_image_0_V_address0                    |  13|          3|    4|         12|
    |out_image_10_V_address0                   |  13|          3|    4|         12|
    |out_image_10_V_d0                         |  13|          3|   25|         75|
    |out_image_11_V_address0                   |  13|          3|    4|         12|
    |out_image_11_V_d0                         |  13|          3|   25|         75|
    |out_image_12_V_address0                   |  13|          3|    4|         12|
    |out_image_12_V_d0                         |  13|          3|   25|         75|
    |out_image_13_V_address0                   |  13|          3|    4|         12|
    |out_image_13_V_d0                         |  13|          3|   25|         75|
    |out_image_14_V_address0                   |  13|          3|    4|         12|
    |out_image_14_V_d0                         |  13|          3|   25|         75|
    |out_image_15_V_address0                   |  13|          3|    4|         12|
    |out_image_1_V_address0                    |  13|          3|    4|         12|
    |out_image_1_V_d0                          |  13|          3|   25|         75|
    |out_image_2_V_address0                    |  13|          3|    4|         12|
    |out_image_2_V_d0                          |  13|          3|   25|         75|
    |out_image_3_V_address0                    |  13|          3|    4|         12|
    |out_image_3_V_d0                          |  13|          3|   25|         75|
    |out_image_4_V_address0                    |  13|          3|    4|         12|
    |out_image_4_V_d0                          |  13|          3|   25|         75|
    |out_image_5_V_address0                    |  13|          3|    4|         12|
    |out_image_5_V_d0                          |  13|          3|   25|         75|
    |out_image_6_V_address0                    |  13|          3|    4|         12|
    |out_image_6_V_d0                          |  13|          3|   25|         75|
    |out_image_7_V_address0                    |  13|          3|    4|         12|
    |out_image_7_V_d0                          |  13|          3|   25|         75|
    |out_image_8_V_address0                    |  13|          3|    4|         12|
    |out_image_8_V_d0                          |  13|          3|   25|         75|
    |out_image_9_V_address0                    |  13|          3|    4|         12|
    |out_image_9_V_d0                          |  13|          3|   25|         75|
    |tmp_3_reg_891                             |   9|          2|    1|          2|
    +------------------------------------------+----+-----------+-----+-----------+
    |Total                                     | 518|        119|  456|       1331|
    +------------------------------------------+----+-----------+-----+-----------+

    * Register: 
    +---------------------------------+---+----+-----+-----------+
    |               Name              | FF| LUT| Bits| Const Bits|
    +---------------------------------+---+----+-----+-----------+
    |ap_CS_fsm                        |  6|   0|    6|          0|
    |ap_done_reg                      |  1|   0|    1|          0|
    |ap_enable_reg_pp0_iter0          |  1|   0|    1|          0|
    |ap_enable_reg_pp0_iter1          |  1|   0|    1|          0|
    |ap_enable_reg_pp0_iter2          |  1|   0|    1|          0|
    |exitcond_flatten_reg_1350        |  1|   0|    1|          0|
    |i_1_mid2_reg_1258                |  4|   0|    4|          0|
    |i_1_mid2_reg_1258_pp0_iter1_reg  |  4|   0|    4|          0|
    |i_2_reg_1249                     |  5|   0|    5|          0|
    |i_reg_880                        |  5|   0|    5|          0|
    |i_s_reg_913                      |  4|   0|    4|          0|
    |indvar_flatten2_reg_924          |  8|   0|    8|          0|
    |indvar_flatten_next_reg_1340     |  8|   0|    8|          0|
    |j4_reg_902                       |  4|   0|    4|          0|
    |j_reg_1264                       |  4|   0|    4|          0|
    |j_reg_1264_pp0_iter1_reg         |  4|   0|    4|          0|
    |tmp_2_reg_1254                   |  4|   0|    4|          0|
    |tmp_3_reg_891                    |  1|   0|    1|          0|
    |tmp_6_reg_1345                   |  1|   0|    1|          0|
    +---------------------------------+---+----+-----+-----------+
    |Total                            | 67|   0|   67|          0|
    +---------------------------------+---+----+-----+-----------+



================================================================
== Interface
================================================================
* Summary: 
+-------------------------+-----+-----+------------+----------------+--------------+
|        RTL Ports        | Dir | Bits|  Protocol  |  Source Object |    C Type    |
+-------------------------+-----+-----+------------+----------------+--------------+
|ap_clk                   |  in |    1| ap_ctrl_hs |  pad_for_conv2 | return value |
|ap_rst                   |  in |    1| ap_ctrl_hs |  pad_for_conv2 | return value |
|ap_start                 |  in |    1| ap_ctrl_hs |  pad_for_conv2 | return value |
|ap_done                  | out |    1| ap_ctrl_hs |  pad_for_conv2 | return value |
|ap_continue              |  in |    1| ap_ctrl_hs |  pad_for_conv2 | return value |
|ap_idle                  | out |    1| ap_ctrl_hs |  pad_for_conv2 | return value |
|ap_ready                 | out |    1| ap_ctrl_hs |  pad_for_conv2 | return value |
|in_image_0_V_address0    | out |    4|  ap_memory |  in_image_0_V  |     array    |
|in_image_0_V_ce0         | out |    1|  ap_memory |  in_image_0_V  |     array    |
|in_image_0_V_q0          |  in |   25|  ap_memory |  in_image_0_V  |     array    |
|in_image_1_V_address0    | out |    4|  ap_memory |  in_image_1_V  |     array    |
|in_image_1_V_ce0         | out |    1|  ap_memory |  in_image_1_V  |     array    |
|in_image_1_V_q0          |  in |   25|  ap_memory |  in_image_1_V  |     array    |
|in_image_2_V_address0    | out |    4|  ap_memory |  in_image_2_V  |     array    |
|in_image_2_V_ce0         | out |    1|  ap_memory |  in_image_2_V  |     array    |
|in_image_2_V_q0          |  in |   25|  ap_memory |  in_image_2_V  |     array    |
|in_image_3_V_address0    | out |    4|  ap_memory |  in_image_3_V  |     array    |
|in_image_3_V_ce0         | out |    1|  ap_memory |  in_image_3_V  |     array    |
|in_image_3_V_q0          |  in |   25|  ap_memory |  in_image_3_V  |     array    |
|in_image_4_V_address0    | out |    4|  ap_memory |  in_image_4_V  |     array    |
|in_image_4_V_ce0         | out |    1|  ap_memory |  in_image_4_V  |     array    |
|in_image_4_V_q0          |  in |   25|  ap_memory |  in_image_4_V  |     array    |
|in_image_5_V_address0    | out |    4|  ap_memory |  in_image_5_V  |     array    |
|in_image_5_V_ce0         | out |    1|  ap_memory |  in_image_5_V  |     array    |
|in_image_5_V_q0          |  in |   25|  ap_memory |  in_image_5_V  |     array    |
|in_image_6_V_address0    | out |    4|  ap_memory |  in_image_6_V  |     array    |
|in_image_6_V_ce0         | out |    1|  ap_memory |  in_image_6_V  |     array    |
|in_image_6_V_q0          |  in |   25|  ap_memory |  in_image_6_V  |     array    |
|in_image_7_V_address0    | out |    4|  ap_memory |  in_image_7_V  |     array    |
|in_image_7_V_ce0         | out |    1|  ap_memory |  in_image_7_V  |     array    |
|in_image_7_V_q0          |  in |   25|  ap_memory |  in_image_7_V  |     array    |
|in_image_8_V_address0    | out |    4|  ap_memory |  in_image_8_V  |     array    |
|in_image_8_V_ce0         | out |    1|  ap_memory |  in_image_8_V  |     array    |
|in_image_8_V_q0          |  in |   25|  ap_memory |  in_image_8_V  |     array    |
|in_image_9_V_address0    | out |    4|  ap_memory |  in_image_9_V  |     array    |
|in_image_9_V_ce0         | out |    1|  ap_memory |  in_image_9_V  |     array    |
|in_image_9_V_q0          |  in |   25|  ap_memory |  in_image_9_V  |     array    |
|in_image_10_V_address0   | out |    4|  ap_memory |  in_image_10_V |     array    |
|in_image_10_V_ce0        | out |    1|  ap_memory |  in_image_10_V |     array    |
|in_image_10_V_q0         |  in |   25|  ap_memory |  in_image_10_V |     array    |
|in_image_11_V_address0   | out |    4|  ap_memory |  in_image_11_V |     array    |
|in_image_11_V_ce0        | out |    1|  ap_memory |  in_image_11_V |     array    |
|in_image_11_V_q0         |  in |   25|  ap_memory |  in_image_11_V |     array    |
|in_image_12_V_address0   | out |    4|  ap_memory |  in_image_12_V |     array    |
|in_image_12_V_ce0        | out |    1|  ap_memory |  in_image_12_V |     array    |
|in_image_12_V_q0         |  in |   25|  ap_memory |  in_image_12_V |     array    |
|in_image_13_V_address0   | out |    4|  ap_memory |  in_image_13_V |     array    |
|in_image_13_V_ce0        | out |    1|  ap_memory |  in_image_13_V |     array    |
|in_image_13_V_q0         |  in |   25|  ap_memory |  in_image_13_V |     array    |
|out_image_0_V_address0   | out |    4|  ap_memory |  out_image_0_V |     array    |
|out_image_0_V_ce0        | out |    1|  ap_memory |  out_image_0_V |     array    |
|out_image_0_V_we0        | out |    1|  ap_memory |  out_image_0_V |     array    |
|out_image_0_V_d0         | out |    1|  ap_memory |  out_image_0_V |     array    |
|out_image_0_V_address1   | out |    4|  ap_memory |  out_image_0_V |     array    |
|out_image_0_V_ce1        | out |    1|  ap_memory |  out_image_0_V |     array    |
|out_image_0_V_we1        | out |    1|  ap_memory |  out_image_0_V |     array    |
|out_image_0_V_d1         | out |    1|  ap_memory |  out_image_0_V |     array    |
|out_image_1_V_address0   | out |    4|  ap_memory |  out_image_1_V |     array    |
|out_image_1_V_ce0        | out |    1|  ap_memory |  out_image_1_V |     array    |
|out_image_1_V_we0        | out |    1|  ap_memory |  out_image_1_V |     array    |
|out_image_1_V_d0         | out |   25|  ap_memory |  out_image_1_V |     array    |
|out_image_1_V_address1   | out |    4|  ap_memory |  out_image_1_V |     array    |
|out_image_1_V_ce1        | out |    1|  ap_memory |  out_image_1_V |     array    |
|out_image_1_V_we1        | out |    1|  ap_memory |  out_image_1_V |     array    |
|out_image_1_V_d1         | out |   25|  ap_memory |  out_image_1_V |     array    |
|out_image_2_V_address0   | out |    4|  ap_memory |  out_image_2_V |     array    |
|out_image_2_V_ce0        | out |    1|  ap_memory |  out_image_2_V |     array    |
|out_image_2_V_we0        | out |    1|  ap_memory |  out_image_2_V |     array    |
|out_image_2_V_d0         | out |   25|  ap_memory |  out_image_2_V |     array    |
|out_image_2_V_address1   | out |    4|  ap_memory |  out_image_2_V |     array    |
|out_image_2_V_ce1        | out |    1|  ap_memory |  out_image_2_V |     array    |
|out_image_2_V_we1        | out |    1|  ap_memory |  out_image_2_V |     array    |
|out_image_2_V_d1         | out |   25|  ap_memory |  out_image_2_V |     array    |
|out_image_3_V_address0   | out |    4|  ap_memory |  out_image_3_V |     array    |
|out_image_3_V_ce0        | out |    1|  ap_memory |  out_image_3_V |     array    |
|out_image_3_V_we0        | out |    1|  ap_memory |  out_image_3_V |     array    |
|out_image_3_V_d0         | out |   25|  ap_memory |  out_image_3_V |     array    |
|out_image_3_V_address1   | out |    4|  ap_memory |  out_image_3_V |     array    |
|out_image_3_V_ce1        | out |    1|  ap_memory |  out_image_3_V |     array    |
|out_image_3_V_we1        | out |    1|  ap_memory |  out_image_3_V |     array    |
|out_image_3_V_d1         | out |   25|  ap_memory |  out_image_3_V |     array    |
|out_image_4_V_address0   | out |    4|  ap_memory |  out_image_4_V |     array    |
|out_image_4_V_ce0        | out |    1|  ap_memory |  out_image_4_V |     array    |
|out_image_4_V_we0        | out |    1|  ap_memory |  out_image_4_V |     array    |
|out_image_4_V_d0         | out |   25|  ap_memory |  out_image_4_V |     array    |
|out_image_4_V_address1   | out |    4|  ap_memory |  out_image_4_V |     array    |
|out_image_4_V_ce1        | out |    1|  ap_memory |  out_image_4_V |     array    |
|out_image_4_V_we1        | out |    1|  ap_memory |  out_image_4_V |     array    |
|out_image_4_V_d1         | out |   25|  ap_memory |  out_image_4_V |     array    |
|out_image_5_V_address0   | out |    4|  ap_memory |  out_image_5_V |     array    |
|out_image_5_V_ce0        | out |    1|  ap_memory |  out_image_5_V |     array    |
|out_image_5_V_we0        | out |    1|  ap_memory |  out_image_5_V |     array    |
|out_image_5_V_d0         | out |   25|  ap_memory |  out_image_5_V |     array    |
|out_image_5_V_address1   | out |    4|  ap_memory |  out_image_5_V |     array    |
|out_image_5_V_ce1        | out |    1|  ap_memory |  out_image_5_V |     array    |
|out_image_5_V_we1        | out |    1|  ap_memory |  out_image_5_V |     array    |
|out_image_5_V_d1         | out |   25|  ap_memory |  out_image_5_V |     array    |
|out_image_6_V_address0   | out |    4|  ap_memory |  out_image_6_V |     array    |
|out_image_6_V_ce0        | out |    1|  ap_memory |  out_image_6_V |     array    |
|out_image_6_V_we0        | out |    1|  ap_memory |  out_image_6_V |     array    |
|out_image_6_V_d0         | out |   25|  ap_memory |  out_image_6_V |     array    |
|out_image_6_V_address1   | out |    4|  ap_memory |  out_image_6_V |     array    |
|out_image_6_V_ce1        | out |    1|  ap_memory |  out_image_6_V |     array    |
|out_image_6_V_we1        | out |    1|  ap_memory |  out_image_6_V |     array    |
|out_image_6_V_d1         | out |   25|  ap_memory |  out_image_6_V |     array    |
|out_image_7_V_address0   | out |    4|  ap_memory |  out_image_7_V |     array    |
|out_image_7_V_ce0        | out |    1|  ap_memory |  out_image_7_V |     array    |
|out_image_7_V_we0        | out |    1|  ap_memory |  out_image_7_V |     array    |
|out_image_7_V_d0         | out |   25|  ap_memory |  out_image_7_V |     array    |
|out_image_7_V_address1   | out |    4|  ap_memory |  out_image_7_V |     array    |
|out_image_7_V_ce1        | out |    1|  ap_memory |  out_image_7_V |     array    |
|out_image_7_V_we1        | out |    1|  ap_memory |  out_image_7_V |     array    |
|out_image_7_V_d1         | out |   25|  ap_memory |  out_image_7_V |     array    |
|out_image_8_V_address0   | out |    4|  ap_memory |  out_image_8_V |     array    |
|out_image_8_V_ce0        | out |    1|  ap_memory |  out_image_8_V |     array    |
|out_image_8_V_we0        | out |    1|  ap_memory |  out_image_8_V |     array    |
|out_image_8_V_d0         | out |   25|  ap_memory |  out_image_8_V |     array    |
|out_image_8_V_address1   | out |    4|  ap_memory |  out_image_8_V |     array    |
|out_image_8_V_ce1        | out |    1|  ap_memory |  out_image_8_V |     array    |
|out_image_8_V_we1        | out |    1|  ap_memory |  out_image_8_V |     array    |
|out_image_8_V_d1         | out |   25|  ap_memory |  out_image_8_V |     array    |
|out_image_9_V_address0   | out |    4|  ap_memory |  out_image_9_V |     array    |
|out_image_9_V_ce0        | out |    1|  ap_memory |  out_image_9_V |     array    |
|out_image_9_V_we0        | out |    1|  ap_memory |  out_image_9_V |     array    |
|out_image_9_V_d0         | out |   25|  ap_memory |  out_image_9_V |     array    |
|out_image_9_V_address1   | out |    4|  ap_memory |  out_image_9_V |     array    |
|out_image_9_V_ce1        | out |    1|  ap_memory |  out_image_9_V |     array    |
|out_image_9_V_we1        | out |    1|  ap_memory |  out_image_9_V |     array    |
|out_image_9_V_d1         | out |   25|  ap_memory |  out_image_9_V |     array    |
|out_image_10_V_address0  | out |    4|  ap_memory | out_image_10_V |     array    |
|out_image_10_V_ce0       | out |    1|  ap_memory | out_image_10_V |     array    |
|out_image_10_V_we0       | out |    1|  ap_memory | out_image_10_V |     array    |
|out_image_10_V_d0        | out |   25|  ap_memory | out_image_10_V |     array    |
|out_image_10_V_address1  | out |    4|  ap_memory | out_image_10_V |     array    |
|out_image_10_V_ce1       | out |    1|  ap_memory | out_image_10_V |     array    |
|out_image_10_V_we1       | out |    1|  ap_memory | out_image_10_V |     array    |
|out_image_10_V_d1        | out |   25|  ap_memory | out_image_10_V |     array    |
|out_image_11_V_address0  | out |    4|  ap_memory | out_image_11_V |     array    |
|out_image_11_V_ce0       | out |    1|  ap_memory | out_image_11_V |     array    |
|out_image_11_V_we0       | out |    1|  ap_memory | out_image_11_V |     array    |
|out_image_11_V_d0        | out |   25|  ap_memory | out_image_11_V |     array    |
|out_image_11_V_address1  | out |    4|  ap_memory | out_image_11_V |     array    |
|out_image_11_V_ce1       | out |    1|  ap_memory | out_image_11_V |     array    |
|out_image_11_V_we1       | out |    1|  ap_memory | out_image_11_V |     array    |
|out_image_11_V_d1        | out |   25|  ap_memory | out_image_11_V |     array    |
|out_image_12_V_address0  | out |    4|  ap_memory | out_image_12_V |     array    |
|out_image_12_V_ce0       | out |    1|  ap_memory | out_image_12_V |     array    |
|out_image_12_V_we0       | out |    1|  ap_memory | out_image_12_V |     array    |
|out_image_12_V_d0        | out |   25|  ap_memory | out_image_12_V |     array    |
|out_image_12_V_address1  | out |    4|  ap_memory | out_image_12_V |     array    |
|out_image_12_V_ce1       | out |    1|  ap_memory | out_image_12_V |     array    |
|out_image_12_V_we1       | out |    1|  ap_memory | out_image_12_V |     array    |
|out_image_12_V_d1        | out |   25|  ap_memory | out_image_12_V |     array    |
|out_image_13_V_address0  | out |    4|  ap_memory | out_image_13_V |     array    |
|out_image_13_V_ce0       | out |    1|  ap_memory | out_image_13_V |     array    |
|out_image_13_V_we0       | out |    1|  ap_memory | out_image_13_V |     array    |
|out_image_13_V_d0        | out |   25|  ap_memory | out_image_13_V |     array    |
|out_image_13_V_address1  | out |    4|  ap_memory | out_image_13_V |     array    |
|out_image_13_V_ce1       | out |    1|  ap_memory | out_image_13_V |     array    |
|out_image_13_V_we1       | out |    1|  ap_memory | out_image_13_V |     array    |
|out_image_13_V_d1        | out |   25|  ap_memory | out_image_13_V |     array    |
|out_image_14_V_address0  | out |    4|  ap_memory | out_image_14_V |     array    |
|out_image_14_V_ce0       | out |    1|  ap_memory | out_image_14_V |     array    |
|out_image_14_V_we0       | out |    1|  ap_memory | out_image_14_V |     array    |
|out_image_14_V_d0        | out |   25|  ap_memory | out_image_14_V |     array    |
|out_image_14_V_address1  | out |    4|  ap_memory | out_image_14_V |     array    |
|out_image_14_V_ce1       | out |    1|  ap_memory | out_image_14_V |     array    |
|out_image_14_V_we1       | out |    1|  ap_memory | out_image_14_V |     array    |
|out_image_14_V_d1        | out |   25|  ap_memory | out_image_14_V |     array    |
|out_image_15_V_address0  | out |    4|  ap_memory | out_image_15_V |     array    |
|out_image_15_V_ce0       | out |    1|  ap_memory | out_image_15_V |     array    |
|out_image_15_V_we0       | out |    1|  ap_memory | out_image_15_V |     array    |
|out_image_15_V_d0        | out |    1|  ap_memory | out_image_15_V |     array    |
|out_image_15_V_address1  | out |    4|  ap_memory | out_image_15_V |     array    |
|out_image_15_V_ce1       | out |    1|  ap_memory | out_image_15_V |     array    |
|out_image_15_V_we1       | out |    1|  ap_memory | out_image_15_V |     array    |
|out_image_15_V_d1        | out |    1|  ap_memory | out_image_15_V |     array    |
+-------------------------+-----+-----+------------+----------------+--------------+

