

================================================================
== Vivado HLS Report for 'relu'
================================================================
* Date:           Mon Dec  2 23:35:55 2019

* Version:        2018.2 (Build 2258646 on Thu Jun 14 20:25:20 MDT 2018)
* Project:        final
* Solution:       finished
* Product family: kintex7
* Target device:  xc7k325tffg676-2


================================================================
== Performance Estimates
================================================================
+ Timing (ns): 
    * Summary: 
    +--------+-------+----------+------------+
    |  Clock | Target| Estimated| Uncertainty|
    +--------+-------+----------+------------+
    |ap_clk  |   5.00|     4.021|        0.63|
    +--------+-------+----------+------------+

+ Latency (clock cycles): 
    * Summary: 
    +-----+-----+-----+-----+---------+
    |  Latency  |  Interval | Pipeline|
    | min | max | min | max |   Type  |
    +-----+-----+-----+-----+---------+
    |  787|  787|  787|  787|   none  |
    +-----+-----+-----+-----+---------+

    + Detail: 
        * Instance: 
        N/A

        * Loop: 
        +-----------+-----+-----+----------+-----------+-----------+------+----------+
        |           |  Latency  | Iteration|  Initiation Interval  | Trip |          |
        | Loop Name | min | max |  Latency |  achieved |   target  | Count| Pipelined|
        +-----------+-----+-----+----------+-----------+-----------+------+----------+
        |- row_col  |  785|  785|         3|          1|          1|   784|    yes   |
        +-----------+-----+-----+----------+-----------+-----------+------+----------+



================================================================
== Utilization Estimates
================================================================
* Summary: 
+-----------------+---------+-------+--------+--------+
|       Name      | BRAM_18K| DSP48E|   FF   |   LUT  |
+-----------------+---------+-------+--------+--------+
|DSP              |        -|      -|       -|       -|
|Expression       |        -|      -|       0|     169|
|FIFO             |        -|      -|       -|       -|
|Instance         |        -|      -|       0|      17|
|Memory           |        -|      -|       -|       -|
|Multiplexer      |        -|      -|       -|     444|
|Register         |        -|      -|      97|       -|
+-----------------+---------+-------+--------+--------+
|Total            |        0|      0|      97|     630|
+-----------------+---------+-------+--------+--------+
|Available        |      890|    840|  407600|  203800|
+-----------------+---------+-------+--------+--------+
|Utilization (%)  |        0|      0|   ~0   |   ~0   |
+-----------------+---------+-------+--------+--------+

+ Detail: 
    * Instance: 
    +-------------------------+--------------------+---------+-------+---+----+
    |         Instance        |       Module       | BRAM_18K| DSP48E| FF| LUT|
    +-------------------------+--------------------+---------+-------+---+----+
    |CNN_mux_285_48_1_1_U306  |CNN_mux_285_48_1_1  |        0|      0|  0|  17|
    +-------------------------+--------------------+---------+-------+---+----+
    |Total                    |                    |        0|      0|  0|  17|
    +-------------------------+--------------------+---------+-------+---+----+

    * DSP48: 
    N/A

    * Memory: 
    N/A

    * FIFO: 
    N/A

    * Expression: 
    +-------------------------------+----------+-------+---+----+------------+------------+
    |         Variable Name         | Operation| DSP48E| FF| LUT| Bitwidth P0| Bitwidth P1|
    +-------------------------------+----------+-------+---+----+------------+------------+
    |indvar_flatten_next_fu_993_p2  |     +    |      0|  0|  17|          10|           1|
    |j_1_fu_999_p2                  |     +    |      0|  0|  15|           5|           1|
    |k_1_fu_1059_p2                 |     +    |      0|  0|  15|           5|           1|
    |ap_condition_1001              |    and   |      0|  0|   2|           1|           1|
    |ap_condition_1004              |    and   |      0|  0|   2|           1|           1|
    |ap_condition_1007              |    and   |      0|  0|   2|           1|           1|
    |ap_condition_1010              |    and   |      0|  0|   2|           1|           1|
    |ap_condition_1013              |    and   |      0|  0|   2|           1|           1|
    |ap_condition_1016              |    and   |      0|  0|   2|           1|           1|
    |ap_condition_1019              |    and   |      0|  0|   2|           1|           1|
    |ap_condition_1026              |    and   |      0|  0|   2|           1|           1|
    |ap_condition_1029              |    and   |      0|  0|   2|           1|           1|
    |ap_condition_1032              |    and   |      0|  0|   2|           1|           1|
    |ap_condition_1035              |    and   |      0|  0|   2|           1|           1|
    |ap_condition_1038              |    and   |      0|  0|   2|           1|           1|
    |ap_condition_1041              |    and   |      0|  0|   2|           1|           1|
    |ap_condition_1044              |    and   |      0|  0|   2|           1|           1|
    |ap_condition_1047              |    and   |      0|  0|   2|           1|           1|
    |ap_condition_965               |    and   |      0|  0|   2|           1|           1|
    |ap_condition_968               |    and   |      0|  0|   2|           1|           1|
    |ap_condition_971               |    and   |      0|  0|   2|           1|           1|
    |ap_condition_974               |    and   |      0|  0|   2|           1|           1|
    |ap_condition_977               |    and   |      0|  0|   2|           1|           1|
    |ap_condition_980               |    and   |      0|  0|   2|           1|           1|
    |ap_condition_983               |    and   |      0|  0|   2|           1|           1|
    |ap_condition_986               |    and   |      0|  0|   2|           1|           1|
    |ap_condition_989               |    and   |      0|  0|   2|           1|           1|
    |ap_condition_992               |    and   |      0|  0|   2|           1|           1|
    |ap_condition_995               |    and   |      0|  0|   2|           1|           1|
    |ap_condition_998               |    and   |      0|  0|   2|           1|           1|
    |exitcond_flatten_fu_987_p2     |   icmp   |      0|  0|  13|          10|           9|
    |tmp_4_fu_1126_p2               |   icmp   |      0|  0|  24|          48|           1|
    |tmp_5_fu_1005_p2               |   icmp   |      0|  0|  11|           5|           4|
    |ap_block_state1                |    or    |      0|  0|   2|           1|           1|
    |ap_condition_850               |    or    |      0|  0|   2|           1|           1|
    |ap_condition_861               |    or    |      0|  0|   2|           1|           1|
    |j_mid2_fu_1019_p3              |  select  |      0|  0|   5|           1|           5|
    |k_mid2_fu_1011_p3              |  select  |      0|  0|   5|           1|           1|
    |ap_enable_pp0                  |    xor   |      0|  0|   2|           1|           2|
    |ap_enable_reg_pp0_iter1        |    xor   |      0|  0|   2|           2|           1|
    +-------------------------------+----------+-------+---+----+------------+------------+
    |Total                          |          |      0|  0| 169|         118|          56|
    +-------------------------------+----------+-------+---+----+------------+------------+

    * Multiplexer: 
    +----------------------------+----+-----------+-----+-----------+
    |            Name            | LUT| Input Size| Bits| Total Bits|
    +----------------------------+----+-----------+-----+-----------+
    |activations_0_V_d0          |  13|          3|   48|        144|
    |activations_10_V_d0         |  13|          3|   48|        144|
    |activations_11_V_d0         |  13|          3|   48|        144|
    |activations_12_V_d0         |  13|          3|   48|        144|
    |activations_13_V_d0         |  13|          3|   48|        144|
    |activations_14_V_d0         |  13|          3|   48|        144|
    |activations_15_V_d0         |  13|          3|   48|        144|
    |activations_16_V_d0         |  13|          3|   48|        144|
    |activations_17_V_d0         |  13|          3|   48|        144|
    |activations_18_V_d0         |  13|          3|   48|        144|
    |activations_19_V_d0         |  13|          3|   48|        144|
    |activations_1_V_d0          |  13|          3|   48|        144|
    |activations_20_V_d0         |  13|          3|   48|        144|
    |activations_21_V_d0         |  13|          3|   48|        144|
    |activations_22_V_d0         |  13|          3|   48|        144|
    |activations_23_V_d0         |  13|          3|   48|        144|
    |activations_24_V_d0         |  13|          3|   48|        144|
    |activations_25_V_d0         |  13|          3|   48|        144|
    |activations_26_V_d0         |  13|          3|   48|        144|
    |activations_27_V_d0         |  13|          3|   48|        144|
    |activations_2_V_d0          |  13|          3|   48|        144|
    |activations_3_V_d0          |  13|          3|   48|        144|
    |activations_4_V_d0          |  13|          3|   48|        144|
    |activations_5_V_d0          |  13|          3|   48|        144|
    |activations_6_V_d0          |  13|          3|   48|        144|
    |activations_7_V_d0          |  13|          3|   48|        144|
    |activations_8_V_d0          |  13|          3|   48|        144|
    |activations_9_V_d0          |  13|          3|   48|        144|
    |ap_NS_fsm                   |  17|          4|    1|          4|
    |ap_done                     |   9|          2|    1|          2|
    |ap_enable_reg_pp0_iter1     |   9|          2|    1|          2|
    |ap_enable_reg_pp0_iter2     |   9|          2|    1|          2|
    |ap_phi_mux_j_phi_fu_969_p4  |   9|          2|    5|         10|
    |indvar_flatten_reg_954      |   9|          2|   10|         20|
    |j_reg_965                   |   9|          2|    5|         10|
    |k_reg_976                   |   9|          2|    5|         10|
    +----------------------------+----+-----------+-----+-----------+
    |Total                       | 444|        102| 1373|       4092|
    +----------------------------+----+-----------+-----+-----------+

    * Register: 
    +-----------------------------------------+----+----+-----+-----------+
    |                   Name                  | FF | LUT| Bits| Const Bits|
    +-----------------------------------------+----+----+-----+-----------+
    |ap_CS_fsm                                |   3|   0|    3|          0|
    |ap_done_reg                              |   1|   0|    1|          0|
    |ap_enable_reg_pp0_iter0                  |   1|   0|    1|          0|
    |ap_enable_reg_pp0_iter1                  |   1|   0|    1|          0|
    |ap_enable_reg_pp0_iter2                  |   1|   0|    1|          0|
    |exitcond_flatten_reg_1131                |   1|   0|    1|          0|
    |exitcond_flatten_reg_1131_pp0_iter1_reg  |   1|   0|    1|          0|
    |indvar_flatten_reg_954                   |  10|   0|   10|          0|
    |j_mid2_reg_1140                          |   5|   0|    5|          0|
    |j_mid2_reg_1140_pp0_iter1_reg            |   5|   0|    5|          0|
    |j_reg_965                                |   5|   0|    5|          0|
    |k_reg_976                                |   5|   0|    5|          0|
    |tmp_3_reg_1146                           |   5|   0|   64|         59|
    |tmp_3_reg_1146_pp0_iter1_reg             |   5|   0|   64|         59|
    |tmp_9_reg_1323                           |  48|   0|   48|          0|
    +-----------------------------------------+----+----+-----+-----------+
    |Total                                    |  97|   0|  215|        118|
    +-----------------------------------------+----+----+-----+-----------+



================================================================
== Interface
================================================================
* Summary: 
+---------------------------+-----+-----+------------+------------------+--------------+
|         RTL Ports         | Dir | Bits|  Protocol  |   Source Object  |    C Type    |
+---------------------------+-----+-----+------------+------------------+--------------+
|ap_clk                     |  in |    1| ap_ctrl_hs |       relu       | return value |
|ap_rst                     |  in |    1| ap_ctrl_hs |       relu       | return value |
|ap_start                   |  in |    1| ap_ctrl_hs |       relu       | return value |
|ap_done                    | out |    1| ap_ctrl_hs |       relu       | return value |
|ap_continue                |  in |    1| ap_ctrl_hs |       relu       | return value |
|ap_idle                    | out |    1| ap_ctrl_hs |       relu       | return value |
|ap_ready                   | out |    1| ap_ctrl_hs |       relu       | return value |
|in_features_0_V_address0   | out |    5|  ap_memory |  in_features_0_V |     array    |
|in_features_0_V_ce0        | out |    1|  ap_memory |  in_features_0_V |     array    |
|in_features_0_V_q0         |  in |   48|  ap_memory |  in_features_0_V |     array    |
|in_features_1_V_address0   | out |    5|  ap_memory |  in_features_1_V |     array    |
|in_features_1_V_ce0        | out |    1|  ap_memory |  in_features_1_V |     array    |
|in_features_1_V_q0         |  in |   48|  ap_memory |  in_features_1_V |     array    |
|in_features_2_V_address0   | out |    5|  ap_memory |  in_features_2_V |     array    |
|in_features_2_V_ce0        | out |    1|  ap_memory |  in_features_2_V |     array    |
|in_features_2_V_q0         |  in |   48|  ap_memory |  in_features_2_V |     array    |
|in_features_3_V_address0   | out |    5|  ap_memory |  in_features_3_V |     array    |
|in_features_3_V_ce0        | out |    1|  ap_memory |  in_features_3_V |     array    |
|in_features_3_V_q0         |  in |   48|  ap_memory |  in_features_3_V |     array    |
|in_features_4_V_address0   | out |    5|  ap_memory |  in_features_4_V |     array    |
|in_features_4_V_ce0        | out |    1|  ap_memory |  in_features_4_V |     array    |
|in_features_4_V_q0         |  in |   48|  ap_memory |  in_features_4_V |     array    |
|in_features_5_V_address0   | out |    5|  ap_memory |  in_features_5_V |     array    |
|in_features_5_V_ce0        | out |    1|  ap_memory |  in_features_5_V |     array    |
|in_features_5_V_q0         |  in |   48|  ap_memory |  in_features_5_V |     array    |
|in_features_6_V_address0   | out |    5|  ap_memory |  in_features_6_V |     array    |
|in_features_6_V_ce0        | out |    1|  ap_memory |  in_features_6_V |     array    |
|in_features_6_V_q0         |  in |   48|  ap_memory |  in_features_6_V |     array    |
|in_features_7_V_address0   | out |    5|  ap_memory |  in_features_7_V |     array    |
|in_features_7_V_ce0        | out |    1|  ap_memory |  in_features_7_V |     array    |
|in_features_7_V_q0         |  in |   48|  ap_memory |  in_features_7_V |     array    |
|in_features_8_V_address0   | out |    5|  ap_memory |  in_features_8_V |     array    |
|in_features_8_V_ce0        | out |    1|  ap_memory |  in_features_8_V |     array    |
|in_features_8_V_q0         |  in |   48|  ap_memory |  in_features_8_V |     array    |
|in_features_9_V_address0   | out |    5|  ap_memory |  in_features_9_V |     array    |
|in_features_9_V_ce0        | out |    1|  ap_memory |  in_features_9_V |     array    |
|in_features_9_V_q0         |  in |   48|  ap_memory |  in_features_9_V |     array    |
|in_features_10_V_address0  | out |    5|  ap_memory | in_features_10_V |     array    |
|in_features_10_V_ce0       | out |    1|  ap_memory | in_features_10_V |     array    |
|in_features_10_V_q0        |  in |   48|  ap_memory | in_features_10_V |     array    |
|in_features_11_V_address0  | out |    5|  ap_memory | in_features_11_V |     array    |
|in_features_11_V_ce0       | out |    1|  ap_memory | in_features_11_V |     array    |
|in_features_11_V_q0        |  in |   48|  ap_memory | in_features_11_V |     array    |
|in_features_12_V_address0  | out |    5|  ap_memory | in_features_12_V |     array    |
|in_features_12_V_ce0       | out |    1|  ap_memory | in_features_12_V |     array    |
|in_features_12_V_q0        |  in |   48|  ap_memory | in_features_12_V |     array    |
|in_features_13_V_address0  | out |    5|  ap_memory | in_features_13_V |     array    |
|in_features_13_V_ce0       | out |    1|  ap_memory | in_features_13_V |     array    |
|in_features_13_V_q0        |  in |   48|  ap_memory | in_features_13_V |     array    |
|in_features_14_V_address0  | out |    5|  ap_memory | in_features_14_V |     array    |
|in_features_14_V_ce0       | out |    1|  ap_memory | in_features_14_V |     array    |
|in_features_14_V_q0        |  in |   48|  ap_memory | in_features_14_V |     array    |
|in_features_15_V_address0  | out |    5|  ap_memory | in_features_15_V |     array    |
|in_features_15_V_ce0       | out |    1|  ap_memory | in_features_15_V |     array    |
|in_features_15_V_q0        |  in |   48|  ap_memory | in_features_15_V |     array    |
|in_features_16_V_address0  | out |    5|  ap_memory | in_features_16_V |     array    |
|in_features_16_V_ce0       | out |    1|  ap_memory | in_features_16_V |     array    |
|in_features_16_V_q0        |  in |   48|  ap_memory | in_features_16_V |     array    |
|in_features_17_V_address0  | out |    5|  ap_memory | in_features_17_V |     array    |
|in_features_17_V_ce0       | out |    1|  ap_memory | in_features_17_V |     array    |
|in_features_17_V_q0        |  in |   48|  ap_memory | in_features_17_V |     array    |
|in_features_18_V_address0  | out |    5|  ap_memory | in_features_18_V |     array    |
|in_features_18_V_ce0       | out |    1|  ap_memory | in_features_18_V |     array    |
|in_features_18_V_q0        |  in |   48|  ap_memory | in_features_18_V |     array    |
|in_features_19_V_address0  | out |    5|  ap_memory | in_features_19_V |     array    |
|in_features_19_V_ce0       | out |    1|  ap_memory | in_features_19_V |     array    |
|in_features_19_V_q0        |  in |   48|  ap_memory | in_features_19_V |     array    |
|in_features_20_V_address0  | out |    5|  ap_memory | in_features_20_V |     array    |
|in_features_20_V_ce0       | out |    1|  ap_memory | in_features_20_V |     array    |
|in_features_20_V_q0        |  in |   48|  ap_memory | in_features_20_V |     array    |
|in_features_21_V_address0  | out |    5|  ap_memory | in_features_21_V |     array    |
|in_features_21_V_ce0       | out |    1|  ap_memory | in_features_21_V |     array    |
|in_features_21_V_q0        |  in |   48|  ap_memory | in_features_21_V |     array    |
|in_features_22_V_address0  | out |    5|  ap_memory | in_features_22_V |     array    |
|in_features_22_V_ce0       | out |    1|  ap_memory | in_features_22_V |     array    |
|in_features_22_V_q0        |  in |   48|  ap_memory | in_features_22_V |     array    |
|in_features_23_V_address0  | out |    5|  ap_memory | in_features_23_V |     array    |
|in_features_23_V_ce0       | out |    1|  ap_memory | in_features_23_V |     array    |
|in_features_23_V_q0        |  in |   48|  ap_memory | in_features_23_V |     array    |
|in_features_24_V_address0  | out |    5|  ap_memory | in_features_24_V |     array    |
|in_features_24_V_ce0       | out |    1|  ap_memory | in_features_24_V |     array    |
|in_features_24_V_q0        |  in |   48|  ap_memory | in_features_24_V |     array    |
|in_features_25_V_address0  | out |    5|  ap_memory | in_features_25_V |     array    |
|in_features_25_V_ce0       | out |    1|  ap_memory | in_features_25_V |     array    |
|in_features_25_V_q0        |  in |   48|  ap_memory | in_features_25_V |     array    |
|in_features_26_V_address0  | out |    5|  ap_memory | in_features_26_V |     array    |
|in_features_26_V_ce0       | out |    1|  ap_memory | in_features_26_V |     array    |
|in_features_26_V_q0        |  in |   48|  ap_memory | in_features_26_V |     array    |
|in_features_27_V_address0  | out |    5|  ap_memory | in_features_27_V |     array    |
|in_features_27_V_ce0       | out |    1|  ap_memory | in_features_27_V |     array    |
|in_features_27_V_q0        |  in |   48|  ap_memory | in_features_27_V |     array    |
|activations_0_V_address0   | out |    5|  ap_memory |  activations_0_V |     array    |
|activations_0_V_ce0        | out |    1|  ap_memory |  activations_0_V |     array    |
|activations_0_V_we0        | out |    1|  ap_memory |  activations_0_V |     array    |
|activations_0_V_d0         | out |   48|  ap_memory |  activations_0_V |     array    |
|activations_1_V_address0   | out |    5|  ap_memory |  activations_1_V |     array    |
|activations_1_V_ce0        | out |    1|  ap_memory |  activations_1_V |     array    |
|activations_1_V_we0        | out |    1|  ap_memory |  activations_1_V |     array    |
|activations_1_V_d0         | out |   48|  ap_memory |  activations_1_V |     array    |
|activations_2_V_address0   | out |    5|  ap_memory |  activations_2_V |     array    |
|activations_2_V_ce0        | out |    1|  ap_memory |  activations_2_V |     array    |
|activations_2_V_we0        | out |    1|  ap_memory |  activations_2_V |     array    |
|activations_2_V_d0         | out |   48|  ap_memory |  activations_2_V |     array    |
|activations_3_V_address0   | out |    5|  ap_memory |  activations_3_V |     array    |
|activations_3_V_ce0        | out |    1|  ap_memory |  activations_3_V |     array    |
|activations_3_V_we0        | out |    1|  ap_memory |  activations_3_V |     array    |
|activations_3_V_d0         | out |   48|  ap_memory |  activations_3_V |     array    |
|activations_4_V_address0   | out |    5|  ap_memory |  activations_4_V |     array    |
|activations_4_V_ce0        | out |    1|  ap_memory |  activations_4_V |     array    |
|activations_4_V_we0        | out |    1|  ap_memory |  activations_4_V |     array    |
|activations_4_V_d0         | out |   48|  ap_memory |  activations_4_V |     array    |
|activations_5_V_address0   | out |    5|  ap_memory |  activations_5_V |     array    |
|activations_5_V_ce0        | out |    1|  ap_memory |  activations_5_V |     array    |
|activations_5_V_we0        | out |    1|  ap_memory |  activations_5_V |     array    |
|activations_5_V_d0         | out |   48|  ap_memory |  activations_5_V |     array    |
|activations_6_V_address0   | out |    5|  ap_memory |  activations_6_V |     array    |
|activations_6_V_ce0        | out |    1|  ap_memory |  activations_6_V |     array    |
|activations_6_V_we0        | out |    1|  ap_memory |  activations_6_V |     array    |
|activations_6_V_d0         | out |   48|  ap_memory |  activations_6_V |     array    |
|activations_7_V_address0   | out |    5|  ap_memory |  activations_7_V |     array    |
|activations_7_V_ce0        | out |    1|  ap_memory |  activations_7_V |     array    |
|activations_7_V_we0        | out |    1|  ap_memory |  activations_7_V |     array    |
|activations_7_V_d0         | out |   48|  ap_memory |  activations_7_V |     array    |
|activations_8_V_address0   | out |    5|  ap_memory |  activations_8_V |     array    |
|activations_8_V_ce0        | out |    1|  ap_memory |  activations_8_V |     array    |
|activations_8_V_we0        | out |    1|  ap_memory |  activations_8_V |     array    |
|activations_8_V_d0         | out |   48|  ap_memory |  activations_8_V |     array    |
|activations_9_V_address0   | out |    5|  ap_memory |  activations_9_V |     array    |
|activations_9_V_ce0        | out |    1|  ap_memory |  activations_9_V |     array    |
|activations_9_V_we0        | out |    1|  ap_memory |  activations_9_V |     array    |
|activations_9_V_d0         | out |   48|  ap_memory |  activations_9_V |     array    |
|activations_10_V_address0  | out |    5|  ap_memory | activations_10_V |     array    |
|activations_10_V_ce0       | out |    1|  ap_memory | activations_10_V |     array    |
|activations_10_V_we0       | out |    1|  ap_memory | activations_10_V |     array    |
|activations_10_V_d0        | out |   48|  ap_memory | activations_10_V |     array    |
|activations_11_V_address0  | out |    5|  ap_memory | activations_11_V |     array    |
|activations_11_V_ce0       | out |    1|  ap_memory | activations_11_V |     array    |
|activations_11_V_we0       | out |    1|  ap_memory | activations_11_V |     array    |
|activations_11_V_d0        | out |   48|  ap_memory | activations_11_V |     array    |
|activations_12_V_address0  | out |    5|  ap_memory | activations_12_V |     array    |
|activations_12_V_ce0       | out |    1|  ap_memory | activations_12_V |     array    |
|activations_12_V_we0       | out |    1|  ap_memory | activations_12_V |     array    |
|activations_12_V_d0        | out |   48|  ap_memory | activations_12_V |     array    |
|activations_13_V_address0  | out |    5|  ap_memory | activations_13_V |     array    |
|activations_13_V_ce0       | out |    1|  ap_memory | activations_13_V |     array    |
|activations_13_V_we0       | out |    1|  ap_memory | activations_13_V |     array    |
|activations_13_V_d0        | out |   48|  ap_memory | activations_13_V |     array    |
|activations_14_V_address0  | out |    5|  ap_memory | activations_14_V |     array    |
|activations_14_V_ce0       | out |    1|  ap_memory | activations_14_V |     array    |
|activations_14_V_we0       | out |    1|  ap_memory | activations_14_V |     array    |
|activations_14_V_d0        | out |   48|  ap_memory | activations_14_V |     array    |
|activations_15_V_address0  | out |    5|  ap_memory | activations_15_V |     array    |
|activations_15_V_ce0       | out |    1|  ap_memory | activations_15_V |     array    |
|activations_15_V_we0       | out |    1|  ap_memory | activations_15_V |     array    |
|activations_15_V_d0        | out |   48|  ap_memory | activations_15_V |     array    |
|activations_16_V_address0  | out |    5|  ap_memory | activations_16_V |     array    |
|activations_16_V_ce0       | out |    1|  ap_memory | activations_16_V |     array    |
|activations_16_V_we0       | out |    1|  ap_memory | activations_16_V |     array    |
|activations_16_V_d0        | out |   48|  ap_memory | activations_16_V |     array    |
|activations_17_V_address0  | out |    5|  ap_memory | activations_17_V |     array    |
|activations_17_V_ce0       | out |    1|  ap_memory | activations_17_V |     array    |
|activations_17_V_we0       | out |    1|  ap_memory | activations_17_V |     array    |
|activations_17_V_d0        | out |   48|  ap_memory | activations_17_V |     array    |
|activations_18_V_address0  | out |    5|  ap_memory | activations_18_V |     array    |
|activations_18_V_ce0       | out |    1|  ap_memory | activations_18_V |     array    |
|activations_18_V_we0       | out |    1|  ap_memory | activations_18_V |     array    |
|activations_18_V_d0        | out |   48|  ap_memory | activations_18_V |     array    |
|activations_19_V_address0  | out |    5|  ap_memory | activations_19_V |     array    |
|activations_19_V_ce0       | out |    1|  ap_memory | activations_19_V |     array    |
|activations_19_V_we0       | out |    1|  ap_memory | activations_19_V |     array    |
|activations_19_V_d0        | out |   48|  ap_memory | activations_19_V |     array    |
|activations_20_V_address0  | out |    5|  ap_memory | activations_20_V |     array    |
|activations_20_V_ce0       | out |    1|  ap_memory | activations_20_V |     array    |
|activations_20_V_we0       | out |    1|  ap_memory | activations_20_V |     array    |
|activations_20_V_d0        | out |   48|  ap_memory | activations_20_V |     array    |
|activations_21_V_address0  | out |    5|  ap_memory | activations_21_V |     array    |
|activations_21_V_ce0       | out |    1|  ap_memory | activations_21_V |     array    |
|activations_21_V_we0       | out |    1|  ap_memory | activations_21_V |     array    |
|activations_21_V_d0        | out |   48|  ap_memory | activations_21_V |     array    |
|activations_22_V_address0  | out |    5|  ap_memory | activations_22_V |     array    |
|activations_22_V_ce0       | out |    1|  ap_memory | activations_22_V |     array    |
|activations_22_V_we0       | out |    1|  ap_memory | activations_22_V |     array    |
|activations_22_V_d0        | out |   48|  ap_memory | activations_22_V |     array    |
|activations_23_V_address0  | out |    5|  ap_memory | activations_23_V |     array    |
|activations_23_V_ce0       | out |    1|  ap_memory | activations_23_V |     array    |
|activations_23_V_we0       | out |    1|  ap_memory | activations_23_V |     array    |
|activations_23_V_d0        | out |   48|  ap_memory | activations_23_V |     array    |
|activations_24_V_address0  | out |    5|  ap_memory | activations_24_V |     array    |
|activations_24_V_ce0       | out |    1|  ap_memory | activations_24_V |     array    |
|activations_24_V_we0       | out |    1|  ap_memory | activations_24_V |     array    |
|activations_24_V_d0        | out |   48|  ap_memory | activations_24_V |     array    |
|activations_25_V_address0  | out |    5|  ap_memory | activations_25_V |     array    |
|activations_25_V_ce0       | out |    1|  ap_memory | activations_25_V |     array    |
|activations_25_V_we0       | out |    1|  ap_memory | activations_25_V |     array    |
|activations_25_V_d0        | out |   48|  ap_memory | activations_25_V |     array    |
|activations_26_V_address0  | out |    5|  ap_memory | activations_26_V |     array    |
|activations_26_V_ce0       | out |    1|  ap_memory | activations_26_V |     array    |
|activations_26_V_we0       | out |    1|  ap_memory | activations_26_V |     array    |
|activations_26_V_d0        | out |   48|  ap_memory | activations_26_V |     array    |
|activations_27_V_address0  | out |    5|  ap_memory | activations_27_V |     array    |
|activations_27_V_ce0       | out |    1|  ap_memory | activations_27_V |     array    |
|activations_27_V_we0       | out |    1|  ap_memory | activations_27_V |     array    |
|activations_27_V_d0        | out |   48|  ap_memory | activations_27_V |     array    |
+---------------------------+-----+-----+------------+------------------+--------------+

