

================================================================
== Vivado HLS Report for 'zero_mean_1chan'
================================================================
* Date:           Mon Dec  2 23:35:47 2019

* Version:        2018.2 (Build 2258646 on Thu Jun 14 20:25:20 MDT 2018)
* Project:        final
* Solution:       finished
* Product family: kintex7
* Target device:  xc7k325tffg676-2


================================================================
== Performance Estimates
================================================================
+ Timing (ns): 
    * Summary: 
    +--------+-------+----------+------------+
    |  Clock | Target| Estimated| Uncertainty|
    +--------+-------+----------+------------+
    |ap_clk  |   5.00|     4.280|        0.63|
    +--------+-------+----------+------------+

+ Latency (clock cycles): 
    * Summary: 
    +-----+-----+-----+-----+---------------------------------------------+
    |  Latency  |  Interval |                   Pipeline                  |
    | min | max | min | max |                     Type                    |
    +-----+-----+-----+-----+---------------------------------------------+
    |  785|  786|  784|  784| loop rewind(delay=0 initiation interval(s)) |
    +-----+-----+-----+-----+---------------------------------------------+

    + Detail: 
        * Instance: 
        N/A

        * Loop: 
        +-----------+-----+-----+----------+-----------+-----------+------+----------+
        |           |  Latency  | Iteration|  Initiation Interval  | Trip |          |
        | Loop Name | min | max |  Latency |  achieved |   target  | Count| Pipelined|
        +-----------+-----+-----+----------+-----------+-----------+------+----------+
        |- row_col  |  785|  785|         3|          1|          1|   784|    yes   |
        +-----------+-----+-----+----------+-----------+-----------+------+----------+



================================================================
== Utilization Estimates
================================================================
* Summary: 
+-----------------+---------+-------+--------+--------+
|       Name      | BRAM_18K| DSP48E|   FF   |   LUT  |
+-----------------+---------+-------+--------+--------+
|DSP              |        -|      -|       -|       -|
|Expression       |        -|      -|       0|     113|
|FIFO             |        -|      -|       -|       -|
|Instance         |        -|      -|       0|      34|
|Memory           |        -|      -|       -|       -|
|Multiplexer      |        -|      -|       -|     128|
|Register         |        -|      -|      82|       -|
+-----------------+---------+-------+--------+--------+
|Total            |        0|      0|      82|     275|
+-----------------+---------+-------+--------+--------+
|Available        |      890|    840|  407600|  203800|
+-----------------+---------+-------+--------+--------+
|Utilization (%)  |        0|      0|   ~0   |   ~0   |
+-----------------+---------+-------+--------+--------+

+ Detail: 
    * Instance: 
    +-----------------------+--------------------+---------+-------+---+----+
    |        Instance       |       Module       | BRAM_18K| DSP48E| FF| LUT|
    +-----------------------+--------------------+---------+-------+---+----+
    |CNN_mux_285_18_1_1_U1  |CNN_mux_285_18_1_1  |        0|      0|  0|  17|
    |CNN_mux_285_18_1_1_U2  |CNN_mux_285_18_1_1  |        0|      0|  0|  17|
    +-----------------------+--------------------+---------+-------+---+----+
    |Total                  |                    |        0|      0|  0|  34|
    +-----------------------+--------------------+---------+-------+---+----+

    * DSP48: 
    N/A

    * Memory: 
    N/A

    * FIFO: 
    N/A

    * Expression: 
    +--------------------------------+----------+-------+---+----+------------+------------+
    |          Variable Name         | Operation| DSP48E| FF| LUT| Bitwidth P0| Bitwidth P1|
    +--------------------------------+----------+-------+---+----+------------+------------+
    |i_fu_1412_p2                    |     +    |      0|  0|  15|           5|           1|
    |indvar_flatten_next_fu_1494_p2  |     +    |      0|  0|  17|          10|           1|
    |j_fu_1500_p2                    |     +    |      0|  0|  15|           5|           1|
    |p_Val2_2_fu_1652_p2             |     -    |      0|  0|  26|          19|          19|
    |ap_condition_737                |    and   |      0|  0|   2|           1|           1|
    |exitcond_flatten_fu_1512_p2     |   icmp   |      0|  0|  13|          10|           9|
    |tmp_1_fu_1506_p2                |   icmp   |      0|  0|  11|           5|           4|
    |ap_block_state1                 |    or    |      0|  0|   2|           1|           1|
    |i_mid2_fu_1426_p3               |  select  |      0|  0|   5|           1|           5|
    |j_mid2_fu_1418_p3               |  select  |      0|  0|   5|           1|           1|
    |ap_enable_pp0                   |    xor   |      0|  0|   2|           1|           2|
    +--------------------------------+----------+-------+---+----+------------+------------+
    |Total                           |          |      0|  0| 113|          59|          45|
    +--------------------------------+----------+-------+---+----+------------+------------+

    * Multiplexer: 
    +-------------------------------------------+----+-----------+-----+-----------+
    |                    Name                   | LUT| Input Size| Bits| Total Bits|
    +-------------------------------------------+----+-----------+-----+-----------+
    |ap_NS_fsm                                  |  13|          3|    1|          3|
    |ap_done                                    |   9|          2|    1|          2|
    |ap_enable_reg_pp0_iter1                    |   9|          2|    1|          2|
    |ap_enable_reg_pp0_iter2                    |   9|          2|    1|          2|
    |ap_phi_mux_i3_phi_fu_1388_p6               |  13|          3|    5|         15|
    |ap_phi_mux_indvar_flatten2_phi_fu_1402_p6  |  13|          3|   10|         30|
    |ap_phi_mux_j4_phi_fu_1374_p6               |  13|          3|    5|         15|
    |ap_phi_mux_tmp_2_phi_fu_1360_p6            |  13|          3|    1|          3|
    |i3_reg_1384                                |   9|          2|    5|         10|
    |indvar_flatten2_reg_1398                   |   9|          2|   10|         20|
    |j4_reg_1370                                |   9|          2|    5|         10|
    |tmp_2_reg_1356                             |   9|          2|    1|          2|
    +-------------------------------------------+----+-----------+-----+-----------+
    |Total                                      | 128|         29|   46|        114|
    +-------------------------------------------+----+-----------+-----+-----------+

    * Register: 
    +-----------------------------------------+----+----+-----+-----------+
    |                   Name                  | FF | LUT| Bits| Const Bits|
    +-----------------------------------------+----+----+-----+-----------+
    |ap_CS_fsm                                |   2|   0|    2|          0|
    |ap_done_reg                              |   1|   0|    1|          0|
    |ap_enable_reg_pp0_iter1                  |   1|   0|    1|          0|
    |ap_enable_reg_pp0_iter2                  |   1|   0|    1|          0|
    |exitcond_flatten_reg_2004                |   1|   0|    1|          0|
    |exitcond_flatten_reg_2004_pp0_iter1_reg  |   1|   0|    1|          0|
    |i3_reg_1384                              |   5|   0|    5|          0|
    |i_mid2_reg_1670                          |   5|   0|    5|          0|
    |i_mid2_reg_1670_pp0_iter1_reg            |   5|   0|    5|          0|
    |indvar_flatten2_reg_1398                 |  10|   0|   10|          0|
    |indvar_flatten_next_reg_1989             |  10|   0|   10|          0|
    |j4_reg_1370                              |   5|   0|    5|          0|
    |j_reg_1994                               |   5|   0|    5|          0|
    |tmp_1_reg_1999                           |   1|   0|    1|          0|
    |tmp_2_reg_1356                           |   1|   0|    1|          0|
    |tmp_3_reg_1677                           |   5|   0|   64|         59|
    |tmp_3_reg_1677_pp0_iter1_reg             |   5|   0|   64|         59|
    |tmp_s_reg_2008                           |  18|   0|   18|          0|
    +-----------------------------------------+----+----+-----+-----------+
    |Total                                    |  82|   0|  200|        118|
    +-----------------------------------------+----+----+-----+-----------+



================================================================
== Interface
================================================================
* Summary: 
+-------------------------+-----+-----+------------+-----------------+--------------+
|        RTL Ports        | Dir | Bits|  Protocol  |  Source Object  |    C Type    |
+-------------------------+-----+-----+------------+-----------------+--------------+
|ap_clk                   |  in |    1| ap_ctrl_hs | zero_mean_1chan | return value |
|ap_rst                   |  in |    1| ap_ctrl_hs | zero_mean_1chan | return value |
|ap_start                 |  in |    1| ap_ctrl_hs | zero_mean_1chan | return value |
|ap_done                  | out |    1| ap_ctrl_hs | zero_mean_1chan | return value |
|ap_continue              |  in |    1| ap_ctrl_hs | zero_mean_1chan | return value |
|ap_idle                  | out |    1| ap_ctrl_hs | zero_mean_1chan | return value |
|ap_ready                 | out |    1| ap_ctrl_hs | zero_mean_1chan | return value |
|in_image_0_V_address0    | out |    5|  ap_memory |   in_image_0_V  |     array    |
|in_image_0_V_ce0         | out |    1|  ap_memory |   in_image_0_V  |     array    |
|in_image_0_V_q0          |  in |   18|  ap_memory |   in_image_0_V  |     array    |
|in_image_1_V_address0    | out |    5|  ap_memory |   in_image_1_V  |     array    |
|in_image_1_V_ce0         | out |    1|  ap_memory |   in_image_1_V  |     array    |
|in_image_1_V_q0          |  in |   18|  ap_memory |   in_image_1_V  |     array    |
|in_image_2_V_address0    | out |    5|  ap_memory |   in_image_2_V  |     array    |
|in_image_2_V_ce0         | out |    1|  ap_memory |   in_image_2_V  |     array    |
|in_image_2_V_q0          |  in |   18|  ap_memory |   in_image_2_V  |     array    |
|in_image_3_V_address0    | out |    5|  ap_memory |   in_image_3_V  |     array    |
|in_image_3_V_ce0         | out |    1|  ap_memory |   in_image_3_V  |     array    |
|in_image_3_V_q0          |  in |   18|  ap_memory |   in_image_3_V  |     array    |
|in_image_4_V_address0    | out |    5|  ap_memory |   in_image_4_V  |     array    |
|in_image_4_V_ce0         | out |    1|  ap_memory |   in_image_4_V  |     array    |
|in_image_4_V_q0          |  in |   18|  ap_memory |   in_image_4_V  |     array    |
|in_image_5_V_address0    | out |    5|  ap_memory |   in_image_5_V  |     array    |
|in_image_5_V_ce0         | out |    1|  ap_memory |   in_image_5_V  |     array    |
|in_image_5_V_q0          |  in |   18|  ap_memory |   in_image_5_V  |     array    |
|in_image_6_V_address0    | out |    5|  ap_memory |   in_image_6_V  |     array    |
|in_image_6_V_ce0         | out |    1|  ap_memory |   in_image_6_V  |     array    |
|in_image_6_V_q0          |  in |   18|  ap_memory |   in_image_6_V  |     array    |
|in_image_7_V_address0    | out |    5|  ap_memory |   in_image_7_V  |     array    |
|in_image_7_V_ce0         | out |    1|  ap_memory |   in_image_7_V  |     array    |
|in_image_7_V_q0          |  in |   18|  ap_memory |   in_image_7_V  |     array    |
|in_image_8_V_address0    | out |    5|  ap_memory |   in_image_8_V  |     array    |
|in_image_8_V_ce0         | out |    1|  ap_memory |   in_image_8_V  |     array    |
|in_image_8_V_q0          |  in |   18|  ap_memory |   in_image_8_V  |     array    |
|in_image_9_V_address0    | out |    5|  ap_memory |   in_image_9_V  |     array    |
|in_image_9_V_ce0         | out |    1|  ap_memory |   in_image_9_V  |     array    |
|in_image_9_V_q0          |  in |   18|  ap_memory |   in_image_9_V  |     array    |
|in_image_10_V_address0   | out |    5|  ap_memory |  in_image_10_V  |     array    |
|in_image_10_V_ce0        | out |    1|  ap_memory |  in_image_10_V  |     array    |
|in_image_10_V_q0         |  in |   18|  ap_memory |  in_image_10_V  |     array    |
|in_image_11_V_address0   | out |    5|  ap_memory |  in_image_11_V  |     array    |
|in_image_11_V_ce0        | out |    1|  ap_memory |  in_image_11_V  |     array    |
|in_image_11_V_q0         |  in |   18|  ap_memory |  in_image_11_V  |     array    |
|in_image_12_V_address0   | out |    5|  ap_memory |  in_image_12_V  |     array    |
|in_image_12_V_ce0        | out |    1|  ap_memory |  in_image_12_V  |     array    |
|in_image_12_V_q0         |  in |   18|  ap_memory |  in_image_12_V  |     array    |
|in_image_13_V_address0   | out |    5|  ap_memory |  in_image_13_V  |     array    |
|in_image_13_V_ce0        | out |    1|  ap_memory |  in_image_13_V  |     array    |
|in_image_13_V_q0         |  in |   18|  ap_memory |  in_image_13_V  |     array    |
|in_image_14_V_address0   | out |    5|  ap_memory |  in_image_14_V  |     array    |
|in_image_14_V_ce0        | out |    1|  ap_memory |  in_image_14_V  |     array    |
|in_image_14_V_q0         |  in |   18|  ap_memory |  in_image_14_V  |     array    |
|in_image_15_V_address0   | out |    5|  ap_memory |  in_image_15_V  |     array    |
|in_image_15_V_ce0        | out |    1|  ap_memory |  in_image_15_V  |     array    |
|in_image_15_V_q0         |  in |   18|  ap_memory |  in_image_15_V  |     array    |
|in_image_16_V_address0   | out |    5|  ap_memory |  in_image_16_V  |     array    |
|in_image_16_V_ce0        | out |    1|  ap_memory |  in_image_16_V  |     array    |
|in_image_16_V_q0         |  in |   18|  ap_memory |  in_image_16_V  |     array    |
|in_image_17_V_address0   | out |    5|  ap_memory |  in_image_17_V  |     array    |
|in_image_17_V_ce0        | out |    1|  ap_memory |  in_image_17_V  |     array    |
|in_image_17_V_q0         |  in |   18|  ap_memory |  in_image_17_V  |     array    |
|in_image_18_V_address0   | out |    5|  ap_memory |  in_image_18_V  |     array    |
|in_image_18_V_ce0        | out |    1|  ap_memory |  in_image_18_V  |     array    |
|in_image_18_V_q0         |  in |   18|  ap_memory |  in_image_18_V  |     array    |
|in_image_19_V_address0   | out |    5|  ap_memory |  in_image_19_V  |     array    |
|in_image_19_V_ce0        | out |    1|  ap_memory |  in_image_19_V  |     array    |
|in_image_19_V_q0         |  in |   18|  ap_memory |  in_image_19_V  |     array    |
|in_image_20_V_address0   | out |    5|  ap_memory |  in_image_20_V  |     array    |
|in_image_20_V_ce0        | out |    1|  ap_memory |  in_image_20_V  |     array    |
|in_image_20_V_q0         |  in |   18|  ap_memory |  in_image_20_V  |     array    |
|in_image_21_V_address0   | out |    5|  ap_memory |  in_image_21_V  |     array    |
|in_image_21_V_ce0        | out |    1|  ap_memory |  in_image_21_V  |     array    |
|in_image_21_V_q0         |  in |   18|  ap_memory |  in_image_21_V  |     array    |
|in_image_22_V_address0   | out |    5|  ap_memory |  in_image_22_V  |     array    |
|in_image_22_V_ce0        | out |    1|  ap_memory |  in_image_22_V  |     array    |
|in_image_22_V_q0         |  in |   18|  ap_memory |  in_image_22_V  |     array    |
|in_image_23_V_address0   | out |    5|  ap_memory |  in_image_23_V  |     array    |
|in_image_23_V_ce0        | out |    1|  ap_memory |  in_image_23_V  |     array    |
|in_image_23_V_q0         |  in |   18|  ap_memory |  in_image_23_V  |     array    |
|in_image_24_V_address0   | out |    5|  ap_memory |  in_image_24_V  |     array    |
|in_image_24_V_ce0        | out |    1|  ap_memory |  in_image_24_V  |     array    |
|in_image_24_V_q0         |  in |   18|  ap_memory |  in_image_24_V  |     array    |
|in_image_25_V_address0   | out |    5|  ap_memory |  in_image_25_V  |     array    |
|in_image_25_V_ce0        | out |    1|  ap_memory |  in_image_25_V  |     array    |
|in_image_25_V_q0         |  in |   18|  ap_memory |  in_image_25_V  |     array    |
|in_image_26_V_address0   | out |    5|  ap_memory |  in_image_26_V  |     array    |
|in_image_26_V_ce0        | out |    1|  ap_memory |  in_image_26_V  |     array    |
|in_image_26_V_q0         |  in |   18|  ap_memory |  in_image_26_V  |     array    |
|in_image_27_V_address0   | out |    5|  ap_memory |  in_image_27_V  |     array    |
|in_image_27_V_ce0        | out |    1|  ap_memory |  in_image_27_V  |     array    |
|in_image_27_V_q0         |  in |   18|  ap_memory |  in_image_27_V  |     array    |
|out_image_0_V_address0   | out |    5|  ap_memory |  out_image_0_V  |     array    |
|out_image_0_V_ce0        | out |    1|  ap_memory |  out_image_0_V  |     array    |
|out_image_0_V_we0        | out |    1|  ap_memory |  out_image_0_V  |     array    |
|out_image_0_V_d0         | out |   18|  ap_memory |  out_image_0_V  |     array    |
|out_image_1_V_address0   | out |    5|  ap_memory |  out_image_1_V  |     array    |
|out_image_1_V_ce0        | out |    1|  ap_memory |  out_image_1_V  |     array    |
|out_image_1_V_we0        | out |    1|  ap_memory |  out_image_1_V  |     array    |
|out_image_1_V_d0         | out |   18|  ap_memory |  out_image_1_V  |     array    |
|out_image_2_V_address0   | out |    5|  ap_memory |  out_image_2_V  |     array    |
|out_image_2_V_ce0        | out |    1|  ap_memory |  out_image_2_V  |     array    |
|out_image_2_V_we0        | out |    1|  ap_memory |  out_image_2_V  |     array    |
|out_image_2_V_d0         | out |   18|  ap_memory |  out_image_2_V  |     array    |
|out_image_3_V_address0   | out |    5|  ap_memory |  out_image_3_V  |     array    |
|out_image_3_V_ce0        | out |    1|  ap_memory |  out_image_3_V  |     array    |
|out_image_3_V_we0        | out |    1|  ap_memory |  out_image_3_V  |     array    |
|out_image_3_V_d0         | out |   18|  ap_memory |  out_image_3_V  |     array    |
|out_image_4_V_address0   | out |    5|  ap_memory |  out_image_4_V  |     array    |
|out_image_4_V_ce0        | out |    1|  ap_memory |  out_image_4_V  |     array    |
|out_image_4_V_we0        | out |    1|  ap_memory |  out_image_4_V  |     array    |
|out_image_4_V_d0         | out |   18|  ap_memory |  out_image_4_V  |     array    |
|out_image_5_V_address0   | out |    5|  ap_memory |  out_image_5_V  |     array    |
|out_image_5_V_ce0        | out |    1|  ap_memory |  out_image_5_V  |     array    |
|out_image_5_V_we0        | out |    1|  ap_memory |  out_image_5_V  |     array    |
|out_image_5_V_d0         | out |   18|  ap_memory |  out_image_5_V  |     array    |
|out_image_6_V_address0   | out |    5|  ap_memory |  out_image_6_V  |     array    |
|out_image_6_V_ce0        | out |    1|  ap_memory |  out_image_6_V  |     array    |
|out_image_6_V_we0        | out |    1|  ap_memory |  out_image_6_V  |     array    |
|out_image_6_V_d0         | out |   18|  ap_memory |  out_image_6_V  |     array    |
|out_image_7_V_address0   | out |    5|  ap_memory |  out_image_7_V  |     array    |
|out_image_7_V_ce0        | out |    1|  ap_memory |  out_image_7_V  |     array    |
|out_image_7_V_we0        | out |    1|  ap_memory |  out_image_7_V  |     array    |
|out_image_7_V_d0         | out |   18|  ap_memory |  out_image_7_V  |     array    |
|out_image_8_V_address0   | out |    5|  ap_memory |  out_image_8_V  |     array    |
|out_image_8_V_ce0        | out |    1|  ap_memory |  out_image_8_V  |     array    |
|out_image_8_V_we0        | out |    1|  ap_memory |  out_image_8_V  |     array    |
|out_image_8_V_d0         | out |   18|  ap_memory |  out_image_8_V  |     array    |
|out_image_9_V_address0   | out |    5|  ap_memory |  out_image_9_V  |     array    |
|out_image_9_V_ce0        | out |    1|  ap_memory |  out_image_9_V  |     array    |
|out_image_9_V_we0        | out |    1|  ap_memory |  out_image_9_V  |     array    |
|out_image_9_V_d0         | out |   18|  ap_memory |  out_image_9_V  |     array    |
|out_image_10_V_address0  | out |    5|  ap_memory |  out_image_10_V |     array    |
|out_image_10_V_ce0       | out |    1|  ap_memory |  out_image_10_V |     array    |
|out_image_10_V_we0       | out |    1|  ap_memory |  out_image_10_V |     array    |
|out_image_10_V_d0        | out |   18|  ap_memory |  out_image_10_V |     array    |
|out_image_11_V_address0  | out |    5|  ap_memory |  out_image_11_V |     array    |
|out_image_11_V_ce0       | out |    1|  ap_memory |  out_image_11_V |     array    |
|out_image_11_V_we0       | out |    1|  ap_memory |  out_image_11_V |     array    |
|out_image_11_V_d0        | out |   18|  ap_memory |  out_image_11_V |     array    |
|out_image_12_V_address0  | out |    5|  ap_memory |  out_image_12_V |     array    |
|out_image_12_V_ce0       | out |    1|  ap_memory |  out_image_12_V |     array    |
|out_image_12_V_we0       | out |    1|  ap_memory |  out_image_12_V |     array    |
|out_image_12_V_d0        | out |   18|  ap_memory |  out_image_12_V |     array    |
|out_image_13_V_address0  | out |    5|  ap_memory |  out_image_13_V |     array    |
|out_image_13_V_ce0       | out |    1|  ap_memory |  out_image_13_V |     array    |
|out_image_13_V_we0       | out |    1|  ap_memory |  out_image_13_V |     array    |
|out_image_13_V_d0        | out |   18|  ap_memory |  out_image_13_V |     array    |
|out_image_14_V_address0  | out |    5|  ap_memory |  out_image_14_V |     array    |
|out_image_14_V_ce0       | out |    1|  ap_memory |  out_image_14_V |     array    |
|out_image_14_V_we0       | out |    1|  ap_memory |  out_image_14_V |     array    |
|out_image_14_V_d0        | out |   18|  ap_memory |  out_image_14_V |     array    |
|out_image_15_V_address0  | out |    5|  ap_memory |  out_image_15_V |     array    |
|out_image_15_V_ce0       | out |    1|  ap_memory |  out_image_15_V |     array    |
|out_image_15_V_we0       | out |    1|  ap_memory |  out_image_15_V |     array    |
|out_image_15_V_d0        | out |   18|  ap_memory |  out_image_15_V |     array    |
|out_image_16_V_address0  | out |    5|  ap_memory |  out_image_16_V |     array    |
|out_image_16_V_ce0       | out |    1|  ap_memory |  out_image_16_V |     array    |
|out_image_16_V_we0       | out |    1|  ap_memory |  out_image_16_V |     array    |
|out_image_16_V_d0        | out |   18|  ap_memory |  out_image_16_V |     array    |
|out_image_17_V_address0  | out |    5|  ap_memory |  out_image_17_V |     array    |
|out_image_17_V_ce0       | out |    1|  ap_memory |  out_image_17_V |     array    |
|out_image_17_V_we0       | out |    1|  ap_memory |  out_image_17_V |     array    |
|out_image_17_V_d0        | out |   18|  ap_memory |  out_image_17_V |     array    |
|out_image_18_V_address0  | out |    5|  ap_memory |  out_image_18_V |     array    |
|out_image_18_V_ce0       | out |    1|  ap_memory |  out_image_18_V |     array    |
|out_image_18_V_we0       | out |    1|  ap_memory |  out_image_18_V |     array    |
|out_image_18_V_d0        | out |   18|  ap_memory |  out_image_18_V |     array    |
|out_image_19_V_address0  | out |    5|  ap_memory |  out_image_19_V |     array    |
|out_image_19_V_ce0       | out |    1|  ap_memory |  out_image_19_V |     array    |
|out_image_19_V_we0       | out |    1|  ap_memory |  out_image_19_V |     array    |
|out_image_19_V_d0        | out |   18|  ap_memory |  out_image_19_V |     array    |
|out_image_20_V_address0  | out |    5|  ap_memory |  out_image_20_V |     array    |
|out_image_20_V_ce0       | out |    1|  ap_memory |  out_image_20_V |     array    |
|out_image_20_V_we0       | out |    1|  ap_memory |  out_image_20_V |     array    |
|out_image_20_V_d0        | out |   18|  ap_memory |  out_image_20_V |     array    |
|out_image_21_V_address0  | out |    5|  ap_memory |  out_image_21_V |     array    |
|out_image_21_V_ce0       | out |    1|  ap_memory |  out_image_21_V |     array    |
|out_image_21_V_we0       | out |    1|  ap_memory |  out_image_21_V |     array    |
|out_image_21_V_d0        | out |   18|  ap_memory |  out_image_21_V |     array    |
|out_image_22_V_address0  | out |    5|  ap_memory |  out_image_22_V |     array    |
|out_image_22_V_ce0       | out |    1|  ap_memory |  out_image_22_V |     array    |
|out_image_22_V_we0       | out |    1|  ap_memory |  out_image_22_V |     array    |
|out_image_22_V_d0        | out |   18|  ap_memory |  out_image_22_V |     array    |
|out_image_23_V_address0  | out |    5|  ap_memory |  out_image_23_V |     array    |
|out_image_23_V_ce0       | out |    1|  ap_memory |  out_image_23_V |     array    |
|out_image_23_V_we0       | out |    1|  ap_memory |  out_image_23_V |     array    |
|out_image_23_V_d0        | out |   18|  ap_memory |  out_image_23_V |     array    |
|out_image_24_V_address0  | out |    5|  ap_memory |  out_image_24_V |     array    |
|out_image_24_V_ce0       | out |    1|  ap_memory |  out_image_24_V |     array    |
|out_image_24_V_we0       | out |    1|  ap_memory |  out_image_24_V |     array    |
|out_image_24_V_d0        | out |   18|  ap_memory |  out_image_24_V |     array    |
|out_image_25_V_address0  | out |    5|  ap_memory |  out_image_25_V |     array    |
|out_image_25_V_ce0       | out |    1|  ap_memory |  out_image_25_V |     array    |
|out_image_25_V_we0       | out |    1|  ap_memory |  out_image_25_V |     array    |
|out_image_25_V_d0        | out |   18|  ap_memory |  out_image_25_V |     array    |
|out_image_26_V_address0  | out |    5|  ap_memory |  out_image_26_V |     array    |
|out_image_26_V_ce0       | out |    1|  ap_memory |  out_image_26_V |     array    |
|out_image_26_V_we0       | out |    1|  ap_memory |  out_image_26_V |     array    |
|out_image_26_V_d0        | out |   18|  ap_memory |  out_image_26_V |     array    |
|out_image_27_V_address0  | out |    5|  ap_memory |  out_image_27_V |     array    |
|out_image_27_V_ce0       | out |    1|  ap_memory |  out_image_27_V |     array    |
|out_image_27_V_we0       | out |    1|  ap_memory |  out_image_27_V |     array    |
|out_image_27_V_d0        | out |   18|  ap_memory |  out_image_27_V |     array    |
|means_0_V_address0       | out |    5|  ap_memory |    means_0_V    |     array    |
|means_0_V_ce0            | out |    1|  ap_memory |    means_0_V    |     array    |
|means_0_V_q0             |  in |   18|  ap_memory |    means_0_V    |     array    |
|means_1_V_address0       | out |    5|  ap_memory |    means_1_V    |     array    |
|means_1_V_ce0            | out |    1|  ap_memory |    means_1_V    |     array    |
|means_1_V_q0             |  in |   18|  ap_memory |    means_1_V    |     array    |
|means_2_V_address0       | out |    5|  ap_memory |    means_2_V    |     array    |
|means_2_V_ce0            | out |    1|  ap_memory |    means_2_V    |     array    |
|means_2_V_q0             |  in |   18|  ap_memory |    means_2_V    |     array    |
|means_3_V_address0       | out |    5|  ap_memory |    means_3_V    |     array    |
|means_3_V_ce0            | out |    1|  ap_memory |    means_3_V    |     array    |
|means_3_V_q0             |  in |   18|  ap_memory |    means_3_V    |     array    |
|means_4_V_address0       | out |    5|  ap_memory |    means_4_V    |     array    |
|means_4_V_ce0            | out |    1|  ap_memory |    means_4_V    |     array    |
|means_4_V_q0             |  in |   18|  ap_memory |    means_4_V    |     array    |
|means_5_V_address0       | out |    5|  ap_memory |    means_5_V    |     array    |
|means_5_V_ce0            | out |    1|  ap_memory |    means_5_V    |     array    |
|means_5_V_q0             |  in |   18|  ap_memory |    means_5_V    |     array    |
|means_6_V_address0       | out |    5|  ap_memory |    means_6_V    |     array    |
|means_6_V_ce0            | out |    1|  ap_memory |    means_6_V    |     array    |
|means_6_V_q0             |  in |   18|  ap_memory |    means_6_V    |     array    |
|means_7_V_address0       | out |    5|  ap_memory |    means_7_V    |     array    |
|means_7_V_ce0            | out |    1|  ap_memory |    means_7_V    |     array    |
|means_7_V_q0             |  in |   18|  ap_memory |    means_7_V    |     array    |
|means_8_V_address0       | out |    5|  ap_memory |    means_8_V    |     array    |
|means_8_V_ce0            | out |    1|  ap_memory |    means_8_V    |     array    |
|means_8_V_q0             |  in |   18|  ap_memory |    means_8_V    |     array    |
|means_9_V_address0       | out |    5|  ap_memory |    means_9_V    |     array    |
|means_9_V_ce0            | out |    1|  ap_memory |    means_9_V    |     array    |
|means_9_V_q0             |  in |   18|  ap_memory |    means_9_V    |     array    |
|means_10_V_address0      | out |    5|  ap_memory |    means_10_V   |     array    |
|means_10_V_ce0           | out |    1|  ap_memory |    means_10_V   |     array    |
|means_10_V_q0            |  in |   18|  ap_memory |    means_10_V   |     array    |
|means_11_V_address0      | out |    5|  ap_memory |    means_11_V   |     array    |
|means_11_V_ce0           | out |    1|  ap_memory |    means_11_V   |     array    |
|means_11_V_q0            |  in |   18|  ap_memory |    means_11_V   |     array    |
|means_12_V_address0      | out |    5|  ap_memory |    means_12_V   |     array    |
|means_12_V_ce0           | out |    1|  ap_memory |    means_12_V   |     array    |
|means_12_V_q0            |  in |   18|  ap_memory |    means_12_V   |     array    |
|means_13_V_address0      | out |    5|  ap_memory |    means_13_V   |     array    |
|means_13_V_ce0           | out |    1|  ap_memory |    means_13_V   |     array    |
|means_13_V_q0            |  in |   18|  ap_memory |    means_13_V   |     array    |
|means_14_V_address0      | out |    5|  ap_memory |    means_14_V   |     array    |
|means_14_V_ce0           | out |    1|  ap_memory |    means_14_V   |     array    |
|means_14_V_q0            |  in |   18|  ap_memory |    means_14_V   |     array    |
|means_15_V_address0      | out |    5|  ap_memory |    means_15_V   |     array    |
|means_15_V_ce0           | out |    1|  ap_memory |    means_15_V   |     array    |
|means_15_V_q0            |  in |   18|  ap_memory |    means_15_V   |     array    |
|means_16_V_address0      | out |    5|  ap_memory |    means_16_V   |     array    |
|means_16_V_ce0           | out |    1|  ap_memory |    means_16_V   |     array    |
|means_16_V_q0            |  in |   18|  ap_memory |    means_16_V   |     array    |
|means_17_V_address0      | out |    5|  ap_memory |    means_17_V   |     array    |
|means_17_V_ce0           | out |    1|  ap_memory |    means_17_V   |     array    |
|means_17_V_q0            |  in |   18|  ap_memory |    means_17_V   |     array    |
|means_18_V_address0      | out |    5|  ap_memory |    means_18_V   |     array    |
|means_18_V_ce0           | out |    1|  ap_memory |    means_18_V   |     array    |
|means_18_V_q0            |  in |   18|  ap_memory |    means_18_V   |     array    |
|means_19_V_address0      | out |    5|  ap_memory |    means_19_V   |     array    |
|means_19_V_ce0           | out |    1|  ap_memory |    means_19_V   |     array    |
|means_19_V_q0            |  in |   18|  ap_memory |    means_19_V   |     array    |
|means_20_V_address0      | out |    5|  ap_memory |    means_20_V   |     array    |
|means_20_V_ce0           | out |    1|  ap_memory |    means_20_V   |     array    |
|means_20_V_q0            |  in |   18|  ap_memory |    means_20_V   |     array    |
|means_21_V_address0      | out |    5|  ap_memory |    means_21_V   |     array    |
|means_21_V_ce0           | out |    1|  ap_memory |    means_21_V   |     array    |
|means_21_V_q0            |  in |   18|  ap_memory |    means_21_V   |     array    |
|means_22_V_address0      | out |    5|  ap_memory |    means_22_V   |     array    |
|means_22_V_ce0           | out |    1|  ap_memory |    means_22_V   |     array    |
|means_22_V_q0            |  in |   18|  ap_memory |    means_22_V   |     array    |
|means_23_V_address0      | out |    5|  ap_memory |    means_23_V   |     array    |
|means_23_V_ce0           | out |    1|  ap_memory |    means_23_V   |     array    |
|means_23_V_q0            |  in |   18|  ap_memory |    means_23_V   |     array    |
|means_24_V_address0      | out |    5|  ap_memory |    means_24_V   |     array    |
|means_24_V_ce0           | out |    1|  ap_memory |    means_24_V   |     array    |
|means_24_V_q0            |  in |   18|  ap_memory |    means_24_V   |     array    |
|means_25_V_address0      | out |    5|  ap_memory |    means_25_V   |     array    |
|means_25_V_ce0           | out |    1|  ap_memory |    means_25_V   |     array    |
|means_25_V_q0            |  in |   18|  ap_memory |    means_25_V   |     array    |
|means_26_V_address0      | out |    5|  ap_memory |    means_26_V   |     array    |
|means_26_V_ce0           | out |    1|  ap_memory |    means_26_V   |     array    |
|means_26_V_q0            |  in |   18|  ap_memory |    means_26_V   |     array    |
|means_27_V_address0      | out |    5|  ap_memory |    means_27_V   |     array    |
|means_27_V_ce0           | out |    1|  ap_memory |    means_27_V   |     array    |
|means_27_V_q0            |  in |   18|  ap_memory |    means_27_V   |     array    |
+-------------------------+-----+-----+------------+-----------------+--------------+

